Log file open, 11/27/21 21:35:47
LogWindows: Failed to load 'aqProf.dll' (GetLastError=126)
LogWindows: File 'aqProf.dll' does not exist
LogWindows: Failed to load 'VtuneApi.dll' (GetLastError=126)
LogWindows: File 'VtuneApi.dll' does not exist
LogWindows: Failed to load 'VtuneApi32e.dll' (GetLastError=126)
LogWindows: File 'VtuneApi32e.dll' does not exist
LogConsoleResponse: Display: Failed to find resolution value strings in scalability ini. Falling back to default.
LogConsoleResponse: Display: Failed to find resolution value strings in scalability ini. Falling back to default.
LogInit: Display: Running engine for game: VP_Project
LogPlatformFile: Not using cached read wrapper
LogTaskGraph: Started task graph with 5 named threads and 47 total threads with 3 sets of task threads.
LogStats: Stats thread started at 0.255985
LogICUInternationalization: ICU TimeZone Detection - Raw Offset: -5:00, Platform Override: ''
LogInit: Display: Loading text-based GConfig....
LogPluginManager: Mounting plugin MeshPainting
LogPluginManager: Mounting plugin XGEController
LogPluginManager: Mounting plugin Paper2D
LogPluginManager: Mounting plugin LiveLink
LogPluginManager: Mounting plugin LightPropagationVolume
LogPluginManager: Mounting plugin AISupport
LogPluginManager: Mounting plugin EnvironmentQueryEditor
LogPluginManager: Mounting plugin GameplayCameras
LogPluginManager: Mounting plugin CameraShakePreviewer
LogPluginManager: Mounting plugin AnimationSharing
LogPluginManager: Mounting plugin GitSourceControl
LogPluginManager: Mounting plugin CodeLiteSourceCodeAccess
LogPluginManager: Mounting plugin CLionSourceCodeAccess
LogPluginManager: Mounting plugin KDevelopSourceCodeAccess
LogPluginManager: Mounting plugin PerforceSourceControl
LogPluginManager: Mounting plugin NullSourceCodeAccess
LogPluginManager: Mounting plugin PixWinPlugin
LogPluginManager: Mounting plugin PlasticSourceControl
LogPluginManager: Mounting plugin PluginUtils
LogPluginManager: Mounting plugin RiderSourceCodeAccess
LogPluginManager: Mounting plugin PropertyAccessNode
LogPluginManager: Mounting plugin SubversionSourceControl
LogPluginManager: Mounting plugin TextureFormatOodle
LogPluginManager: Mounting plugin XCodeSourceCodeAccess
LogPluginManager: Mounting plugin VisualStudioSourceCodeAccess
LogPluginManager: Mounting plugin DatasmithContent
LogPluginManager: Mounting plugin UObjectPlugin
LogPluginManager: Mounting plugin OodleNetwork
LogPluginManager: Mounting plugin VisualStudioCodeSourceCodeAccess
LogPluginManager: Mounting plugin VariantManagerContent
LogPluginManager: Mounting plugin AlembicImporter
LogPluginManager: Mounting plugin OodleData
LogPluginManager: Mounting plugin AutomationUtils
LogPluginManager: Mounting plugin BackChannel
LogPluginManager: Mounting plugin ChaosClothEditor
LogPluginManager: Mounting plugin ChaosCloth
LogPluginManager: Mounting plugin ChaosEditor
LogPluginManager: Mounting plugin ChaosNiagara
LogPluginManager: Mounting plugin ChaosSolverPlugin
LogPluginManager: Mounting plugin CharacterAI
LogPluginManager: Mounting plugin Niagara
LogPluginManager: Mounting plugin AssetManagerEditor
LogPluginManager: Mounting plugin LuminPlatformFeatures
LogPluginManager: Mounting plugin AndroidMedia
LogPluginManager: Mounting plugin MagicLeap
LogPluginManager: Mounting plugin ActorSequence
LogPluginManager: Mounting plugin TcpMessaging
LogPluginManager: Mounting plugin UdpMessaging
LogPluginManager: Mounting plugin ActorLayerUtilities
LogPluginManager: Mounting plugin CryptoKeys
LogPluginManager: Mounting plugin OnlineSubsystem
LogPluginManager: Mounting plugin LauncherChunkInstaller
LogPluginManager: Mounting plugin MagicLeapLightEstimation
LogPluginManager: Mounting plugin DataValidation
LogPluginManager: Mounting plugin CurveEditorTools
LogPluginManager: Mounting plugin MagicLeapMedia
LogPluginManager: Mounting plugin FacialAnimation
LogPluginManager: Mounting plugin AndroidDeviceProfileSelector
LogPluginManager: Mounting plugin AndroidPermission
LogPluginManager: Mounting plugin AndroidMoviePlayer
LogPluginManager: Mounting plugin MagicLeapPassableWorld
LogPluginManager: Mounting plugin AppleImageUtils
LogPluginManager: Mounting plugin GameplayTagsEditor
LogPluginManager: Mounting plugin AppleMoviePlayer
LogPluginManager: Mounting plugin ArchVisCharacter
LogPluginManager: Mounting plugin MLSDK
LogPluginManager: Mounting plugin GeometryMode
LogPluginManager: Mounting plugin GeometryCache
LogPluginManager: Mounting plugin AssetTags
LogPluginManager: Mounting plugin LevelSequenceEditor
LogPluginManager: Mounting plugin AudioCapture
LogPluginManager: Mounting plugin MatineeToLevelSequence
LogPluginManager: Mounting plugin AudioSynesthesia
LogPluginManager: Mounting plugin ChunkDownloader
LogPluginManager: Mounting plugin CableComponent
LogPluginManager: Mounting plugin MacGraphicsSwitching
LogPluginManager: Mounting plugin EditableMesh
LogPluginManager: Mounting plugin CustomMeshComponent
LogPluginManager: Mounting plugin MaterialAnalyzer
LogPluginManager: Mounting plugin MobileLauncherProfileWizard
LogPluginManager: Mounting plugin OnlineSubsystemNull
LogPluginManager: Mounting plugin ExampleDeviceProfileSelector
LogPluginManager: Mounting plugin GoogleCloudMessaging
LogPluginManager: Mounting plugin GooglePAD
LogPluginManager: Mounting plugin TemplateSequence
LogPluginManager: Mounting plugin OnlineSubsystemUtils
LogPluginManager: Mounting plugin AvfMedia
LogPluginManager: Mounting plugin PluginBrowser
LogPluginManager: Mounting plugin SpeedTreeImporter
LogPluginManager: Mounting plugin ImgMedia
LogPluginManager: Mounting plugin MediaCompositing
LogPluginManager: Mounting plugin MediaPlayerEditor
LogPluginManager: Mounting plugin WebMMedia
LogPluginManager: Mounting plugin GeometryCollectionPlugin
LogPluginManager: Mounting plugin WmfMedia
LogPluginManager: Mounting plugin LinuxDeviceProfileSelector
LogPluginManager: Mounting plugin IOSDeviceProfileSelector
LogPluginManager: Mounting plugin LocationServicesBPLibrary
LogPluginManager: Mounting plugin MobilePatchingUtils
LogPluginManager: Mounting plugin OpenXR
LogPluginManager: Mounting plugin OpenXREyeTracker
LogPluginManager: Mounting plugin OpenXRHandTracking
LogPluginManager: Mounting plugin GeometryProcessing
LogPluginManager: Mounting plugin PhysXVehicles
LogPluginManager: Mounting plugin MotoSynth
LogPluginManager: Mounting plugin OpenImageDenoise
LogPluginManager: Mounting plugin PostSplashScreen
LogPluginManager: Mounting plugin ScreenshotTools
LogPluginManager: Mounting plugin ProceduralMeshComponent
LogPluginManager: Mounting plugin PropertyAccessEditor
LogPluginManager: Mounting plugin SignificanceManager
LogPluginManager: Mounting plugin SoundFields
LogPluginManager: Mounting plugin RuntimePhysXCooking
LogPluginManager: Mounting plugin Synthesis
LogPluginManager: Mounting plugin PlanarCut
LogPluginManager: Mounting plugin WebMMoviePlayer
LogPluginManager: Mounting plugin PlatformCrypto
LogPluginManager: Mounting plugin ProxyLODPlugin
LogPluginManager: Mounting plugin PythonScriptPlugin
LogPluginManager: Mounting plugin WindowsMoviePlayer
LogPluginManager: Mounting plugin SkeletalReduction
LogPluginManager: Mounting plugin Takes
LogPluginManager: Mounting plugin OnlineSubsystemGooglePlay
LogPluginManager: Mounting plugin ContentBrowserClassDataSource
LogPluginManager: Mounting plugin ContentBrowserAssetDataSource
LogPluginManager: Mounting plugin ContentBrowserFileDataSource
LogPluginManager: Mounting plugin OnlineSubsystemIOS
LogPluginManager: Mounting plugin OculusVR
LogPluginManager: Mounting plugin SteamVR
PixWinPlugin: PIX capture plugin failed to initialize! Check that the process is launched from PIX.
LogInit: Using libcurl 7.55.1-DEV
LogInit:  - built for x86_64-pc-win32
LogInit:  - supports SSL with OpenSSL/1.1.1
LogInit:  - supports HTTP deflate (compression) using libz 1.2.8
LogInit:  - other features:
LogInit:      CURL_VERSION_SSL
LogInit:      CURL_VERSION_LIBZ
LogInit:      CURL_VERSION_IPV6
LogInit:      CURL_VERSION_ASYNCHDNS
LogInit:      CURL_VERSION_LARGEFILE
LogInit:      CURL_VERSION_IDN
LogInit:  CurlRequestOptions (configurable via config and command line):
LogInit:  - bVerifyPeer = true  - Libcurl will verify peer certificate
LogInit:  - bUseHttpProxy = false  - Libcurl will NOT use HTTP proxy
LogInit:  - bDontReuseConnections = false  - Libcurl will reuse connections
LogInit:  - MaxHostConnections = 16  - Libcurl will limit the number of connections to a host
LogInit:  - LocalHostAddr = Default
LogInit:  - BufferSize = 65536
LogOnline: OSS: Creating online subsystem instance for: NULL
LogInit: WinSock: version 1.1 (2.2), MaxSocks=32767, MaxUdp=65467
LogOnline: OSS: TryLoadSubsystemAndSetDefault: Loaded subsystem for module [NULL]
LogOculusPluginWrapper: OculusPlugin initialized successfully
LogHMD: Failed initializing OVRPlugin 1.59.0
LogInit: Build: ++UE4+Release-4.27-CL-17735300
LogInit: Engine Version: 4.27.1-17735300+++UE4+Release-4.27
LogInit: Compatible Engine Version: 4.27.0-17155196+++UE4+Release-4.27
LogInit: Net CL: 17155196
LogInit: OS: Windows 10 (Release 2009) (), CPU: Intel(R) Core(TM) i7-10700K CPU @ 3.80GHz, GPU: NVIDIA GeForce RTX 2070 SUPER
LogInit: Compiled (64-bit): Oct  6 2021 14:42:51
LogInit: Compiled with Visual C++: 19.24.28315.00
LogInit: Build Configuration: Development
LogInit: Branch Name: ++UE4+Release-4.27
LogInit: Command Line: 
LogInit: Base Directory: D:/Unreal Engine/UE_4.27/Engine/Binaries/Win64/
LogInit: Allocator: TBB
LogInit: Installed Engine Build: 1
LogDevObjectVersion: Number of dev versions registered: 29
LogDevObjectVersion:   Dev-Blueprints (B0D832E4-1F89-4F0D-ACCF-7EB736FD4AA2): 10
LogDevObjectVersion:   Dev-Build (E1C64328-A22C-4D53-A36C-8E866417BD8C): 0
LogDevObjectVersion:   Dev-Core (375EC13C-06E4-48FB-B500-84F0262A717E): 4
LogDevObjectVersion:   Dev-Editor (E4B068ED-F494-42E9-A231-DA0B2E46BB41): 40
LogDevObjectVersion:   Dev-Framework (CFFC743F-43B0-4480-9391-14DF171D2073): 37
LogDevObjectVersion:   Dev-Mobile (B02B49B5-BB20-44E9-A304-32B752E40360): 3
LogDevObjectVersion:   Dev-Networking (A4E4105C-59A1-49B5-A7C5-40C4547EDFEE): 0
LogDevObjectVersion:   Dev-Online (39C831C9-5AE6-47DC-9A44-9C173E1C8E7C): 0
LogDevObjectVersion:   Dev-Physics (78F01B33-EBEA-4F98-B9B4-84EACCB95AA2): 14
LogDevObjectVersion:   Dev-Platform (6631380F-2D4D-43E0-8009-CF276956A95A): 0
LogDevObjectVersion:   Dev-Rendering (12F88B9F-8875-4AFC-A67C-D90C383ABD29): 45
LogDevObjectVersion:   Dev-Sequencer (7B5AE74C-D270-4C10-A958-57980B212A5A): 13
LogDevObjectVersion:   Dev-VR (D7296918-1DD6-4BDD-9DE2-64A83CC13884): 3
LogDevObjectVersion:   Dev-LoadTimes (C2A15278-BFE7-4AFE-6C17-90FF531DF755): 1
LogDevObjectVersion:   Private-Geometry (6EACA3D4-40EC-4CC1-B786-8BED09428FC5): 3
LogDevObjectVersion:   Dev-AnimPhys (29E575DD-E0A3-4627-9D10-D276232CDCEA): 17
LogDevObjectVersion:   Dev-Anim (AF43A65D-7FD3-4947-9873-3E8ED9C1BB05): 15
LogDevObjectVersion:   Dev-ReflectionCapture (6B266CEC-1EC7-4B8F-A30B-E4D90942FC07): 1
LogDevObjectVersion:   Dev-Automation (0DF73D61-A23F-47EA-B727-89E90C41499A): 1
LogDevObjectVersion:   FortniteMain (601D1886-AC64-4F84-AA16-D3DE0DEAC7D6): 47
LogDevObjectVersion:   FortniteRelease (E7086368-6B23-4C58-8439-1B7016265E91): 1
LogDevObjectVersion:   Dev-Enterprise (9DFFBCD6-494F-0158-E221-12823C92A888): 10
LogDevObjectVersion:   Dev-Niagara (F2AED0AC-9AFE-416F-8664-AA7FFA26D6FC): 1
LogDevObjectVersion:   Dev-Destruction (174F1F0B-B4C6-45A5-B13F-2EE8D0FB917D): 10
LogDevObjectVersion:   Dev-Physics-Ext (35F94A83-E258-406C-A318-09F59610247C): 41
LogDevObjectVersion:   Dev-PhysicsMaterial-Chaos (B68FC16E-8B1B-42E2-B453-215C058844FE): 1
LogDevObjectVersion:   Dev-CineCamera (B2E18506-4273-CFC2-A54E-F4BB758BBA07): 1
LogDevObjectVersion:   Dev-VirtualProduction (64F58936-FD1B-42BA-BA96-7289D5D0FA4E): 1
LogDevObjectVersion:   Dev-MediaFramework (6F0ED827-A609-4895-9C91-998D90180EA4): 2
LogInit: Presizing for max 25165824 objects, including 0 objects not considered by GC, pre-allocating 0 bytes for permanent pool.
LogConfig: Applying CVar settings from Section [/Script/Engine.StreamingSettings] File [D:/GitHub/UnrealVPTeam15_Repository/VP_Project/Saved/Config/Windows/Engine.ini]
LogConfig: Setting CVar [[s.MinBulkDataSizeForAsyncLoading:131072]]
LogConfig: Setting CVar [[s.AsyncLoadingThreadEnabled:0]]
LogConfig: Setting CVar [[s.EventDrivenLoaderEnabled:1]]
LogConfig: Setting CVar [[s.WarnIfTimeLimitExceeded:0]]
LogConfig: Setting CVar [[s.TimeLimitExceededMultiplier:1.5]]
LogConfig: Setting CVar [[s.TimeLimitExceededMinTime:0.005]]
LogConfig: Setting CVar [[s.UseBackgroundLevelStreaming:1]]
LogConfig: Setting CVar [[s.PriorityAsyncLoadingExtraTime:15.0]]
LogConfig: Setting CVar [[s.LevelStreamingActorsUpdateTimeLimit:5.0]]
LogConfig: Setting CVar [[s.PriorityLevelStreamingActorsUpdateExtraTime:5.0]]
LogConfig: Setting CVar [[s.LevelStreamingComponentsRegistrationGranularity:10]]
LogConfig: Setting CVar [[s.UnregisterComponentsTimeLimit:1.0]]
LogConfig: Setting CVar [[s.LevelStreamingComponentsUnregistrationGranularity:5]]
LogConfig: Setting CVar [[s.FlushStreamingOnExit:1]]
LogInit: Object subsystem initialized
LogConfig: Setting CVar [[con.DebugEarlyDefault:1]]
LogConfig: Setting CVar [[r.setres:1280x720]]
[2021.11.28-02.35.48:331][  0]LogConfig: Setting CVar [[r.VSync:0]]
[2021.11.28-02.35.48:331][  0]LogConfig: Setting CVar [[r.RHICmdBypass:0]]
[2021.11.28-02.35.48:331][  0]LogConfig: Applying CVar settings from Section [/Script/Engine.RendererSettings] File [D:/GitHub/UnrealVPTeam15_Repository/VP_Project/Saved/Config/Windows/Engine.ini]
[2021.11.28-02.35.48:331][  0]LogConfig: Setting CVar [[r.GPUCrashDebugging:0]]
[2021.11.28-02.35.48:331][  0]LogConfig: Applying CVar settings from Section [/Script/Engine.RendererOverrideSettings] File [D:/GitHub/UnrealVPTeam15_Repository/VP_Project/Saved/Config/Windows/Engine.ini]
[2021.11.28-02.35.48:331][  0]LogConfig: Applying CVar settings from Section [/Script/Engine.StreamingSettings] File [D:/GitHub/UnrealVPTeam15_Repository/VP_Project/Saved/Config/Windows/Engine.ini]
[2021.11.28-02.35.48:331][  0]LogConfig: Setting CVar [[s.MinBulkDataSizeForAsyncLoading:131072]]
[2021.11.28-02.35.48:331][  0]LogConfig: Setting CVar [[s.AsyncLoadingThreadEnabled:0]]
[2021.11.28-02.35.48:331][  0]LogConfig: Setting CVar [[s.EventDrivenLoaderEnabled:1]]
[2021.11.28-02.35.48:331][  0]LogConfig: Setting CVar [[s.WarnIfTimeLimitExceeded:0]]
[2021.11.28-02.35.48:331][  0]LogConfig: Setting CVar [[s.TimeLimitExceededMultiplier:1.5]]
[2021.11.28-02.35.48:331][  0]LogConfig: Setting CVar [[s.TimeLimitExceededMinTime:0.005]]
[2021.11.28-02.35.48:331][  0]LogConfig: Setting CVar [[s.UseBackgroundLevelStreaming:1]]
[2021.11.28-02.35.48:331][  0]LogConfig: Setting CVar [[s.PriorityAsyncLoadingExtraTime:15.0]]
[2021.11.28-02.35.48:331][  0]LogConfig: Setting CVar [[s.LevelStreamingActorsUpdateTimeLimit:5.0]]
[2021.11.28-02.35.48:331][  0]LogConfig: Setting CVar [[s.PriorityLevelStreamingActorsUpdateExtraTime:5.0]]
[2021.11.28-02.35.48:331][  0]LogConfig: Setting CVar [[s.LevelStreamingComponentsRegistrationGranularity:10]]
[2021.11.28-02.35.48:331][  0]LogConfig: Setting CVar [[s.UnregisterComponentsTimeLimit:1.0]]
[2021.11.28-02.35.48:331][  0]LogConfig: Setting CVar [[s.LevelStreamingComponentsUnregistrationGranularity:5]]
[2021.11.28-02.35.48:331][  0]LogConfig: Setting CVar [[s.FlushStreamingOnExit:1]]
[2021.11.28-02.35.48:331][  0]LogConfig: Applying CVar settings from Section [/Script/Engine.GarbageCollectionSettings] File [D:/GitHub/UnrealVPTeam15_Repository/VP_Project/Saved/Config/Windows/Engine.ini]
[2021.11.28-02.35.48:331][  0]LogConfig: Setting CVar [[gc.MaxObjectsNotConsideredByGC:1]]
[2021.11.28-02.35.48:331][  0]LogConfig: Setting CVar [[gc.SizeOfPermanentObjectPool:0]]
[2021.11.28-02.35.48:331][  0]LogConfig: Setting CVar [[gc.FlushStreamingOnGC:0]]
[2021.11.28-02.35.48:331][  0]LogConfig: Setting CVar [[gc.NumRetriesBeforeForcingGC:10]]
[2021.11.28-02.35.48:331][  0]LogConfig: Setting CVar [[gc.AllowParallelGC:1]]
[2021.11.28-02.35.48:331][  0]LogConfig: Setting CVar [[gc.TimeBetweenPurgingPendingKillObjects:61.1]]
[2021.11.28-02.35.48:331][  0]LogConfig: Setting CVar [[gc.MaxObjectsInEditor:25165824]]
[2021.11.28-02.35.48:331][  0]LogConfig: Setting CVar [[gc.IncrementalBeginDestroyEnabled:1]]
[2021.11.28-02.35.48:331][  0]LogConfig: Setting CVar [[gc.CreateGCClusters:1]]
[2021.11.28-02.35.48:331][  0]LogConfig: Setting CVar [[gc.MinGCClusterSize:5]]
[2021.11.28-02.35.48:331][  0]LogConfig: Setting CVar [[gc.ActorClusteringEnabled:0]]
[2021.11.28-02.35.48:331][  0]LogConfig: Setting CVar [[gc.BlueprintClusteringEnabled:0]]
[2021.11.28-02.35.48:331][  0]LogConfig: Setting CVar [[gc.UseDisregardForGCOnDedicatedServers:0]]
[2021.11.28-02.35.48:331][  0]LogConfig: Setting CVar [[gc.MultithreadedDestructionEnabled:1]]
[2021.11.28-02.35.48:332][  0]LogConfig: Applying CVar settings from Section [/Script/Engine.NetworkSettings] File [D:/GitHub/UnrealVPTeam15_Repository/VP_Project/Saved/Config/Windows/Engine.ini]
[2021.11.28-02.35.48:332][  0]LogConfig: Applying CVar settings from Section [/Script/UnrealEd.CookerSettings] File [D:/GitHub/UnrealVPTeam15_Repository/VP_Project/Saved/Config/Windows/Engine.ini]
[2021.11.28-02.35.48:347][  0]LogConfig: Applying CVar settings from Section [ViewDistanceQuality@3] File [D:/GitHub/UnrealVPTeam15_Repository/VP_Project/Saved/Config/Windows/Scalability.ini]
[2021.11.28-02.35.48:347][  0]LogConfig: Setting CVar [[r.SkeletalMeshLODBias:0]]
[2021.11.28-02.35.48:347][  0]LogConfig: Setting CVar [[r.ViewDistanceScale:1.0]]
[2021.11.28-02.35.48:347][  0]LogConfig: Applying CVar settings from Section [AntiAliasingQuality@3] File [D:/GitHub/UnrealVPTeam15_Repository/VP_Project/Saved/Config/Windows/Scalability.ini]
[2021.11.28-02.35.48:347][  0]LogConfig: Setting CVar [[r.PostProcessAAQuality:4]]
[2021.11.28-02.35.48:347][  0]LogConfig: Applying CVar settings from Section [ShadowQuality@3] File [D:/GitHub/UnrealVPTeam15_Repository/VP_Project/Saved/Config/Windows/Scalability.ini]
[2021.11.28-02.35.48:347][  0]LogConfig: Setting CVar [[r.LightFunctionQuality:1]]
[2021.11.28-02.35.48:347][  0]LogConfig: Setting CVar [[r.ShadowQuality:5]]
[2021.11.28-02.35.48:347][  0]LogConfig: Setting CVar [[r.Shadow.CSM.MaxCascades:10]]
[2021.11.28-02.35.48:347][  0]LogConfig: Setting CVar [[r.Shadow.MaxResolution:2048]]
[2021.11.28-02.35.48:347][  0]LogConfig: Setting CVar [[r.Shadow.MaxCSMResolution:2048]]
[2021.11.28-02.35.48:347][  0]LogConfig: Setting CVar [[r.Shadow.RadiusThreshold:0.01]]
[2021.11.28-02.35.48:347][  0]LogConfig: Setting CVar [[r.Shadow.DistanceScale:1.0]]
[2021.11.28-02.35.48:347][  0]LogConfig: Setting CVar [[r.Shadow.CSM.TransitionScale:1.0]]
[2021.11.28-02.35.48:347][  0]LogConfig: Setting CVar [[r.Shadow.PreShadowResolutionFactor:1.0]]
[2021.11.28-02.35.48:347][  0]LogConfig: Setting CVar [[r.DistanceFieldShadowing:1]]
[2021.11.28-02.35.48:347][  0]LogConfig: Setting CVar [[r.DistanceFieldAO:1]]
[2021.11.28-02.35.48:347][  0]LogConfig: Setting CVar [[r.AOQuality:2]]
[2021.11.28-02.35.48:347][  0]LogConfig: Setting CVar [[r.VolumetricFog:1]]
[2021.11.28-02.35.48:347][  0]LogConfig: Setting CVar [[r.VolumetricFog.GridPixelSize:8]]
[2021.11.28-02.35.48:347][  0]LogConfig: Setting CVar [[r.VolumetricFog.GridSizeZ:128]]
[2021.11.28-02.35.48:347][  0]LogConfig: Setting CVar [[r.VolumetricFog.HistoryMissSupersampleCount:4]]
[2021.11.28-02.35.48:347][  0]LogConfig: Setting CVar [[r.LightMaxDrawDistanceScale:1]]
[2021.11.28-02.35.48:347][  0]LogConfig: Setting CVar [[r.CapsuleShadows:1]]
[2021.11.28-02.35.48:347][  0]LogConfig: Applying CVar settings from Section [PostProcessQuality@3] File [D:/GitHub/UnrealVPTeam15_Repository/VP_Project/Saved/Config/Windows/Scalability.ini]
[2021.11.28-02.35.48:347][  0]LogConfig: Setting CVar [[r.MotionBlurQuality:4]]
[2021.11.28-02.35.48:347][  0]LogConfig: Setting CVar [[r.AmbientOcclusionMipLevelFactor:0.4]]
[2021.11.28-02.35.48:347][  0]LogConfig: Setting CVar [[r.AmbientOcclusionMaxQuality:100]]
[2021.11.28-02.35.48:347][  0]LogConfig: Setting CVar [[r.AmbientOcclusionLevels:-1]]
[2021.11.28-02.35.48:347][  0]LogConfig: Setting CVar [[r.AmbientOcclusionRadiusScale:1.0]]
[2021.11.28-02.35.48:347][  0]LogConfig: Setting CVar [[r.DepthOfFieldQuality:2]]
[2021.11.28-02.35.48:347][  0]LogConfig: Setting CVar [[r.RenderTargetPoolMin:400]]
[2021.11.28-02.35.48:347][  0]LogConfig: Setting CVar [[r.LensFlareQuality:2]]
[2021.11.28-02.35.48:347][  0]LogConfig: Setting CVar [[r.SceneColorFringeQuality:1]]
[2021.11.28-02.35.48:348][  0]LogConfig: Setting CVar [[r.EyeAdaptationQuality:2]]
[2021.11.28-02.35.48:348][  0]LogConfig: Setting CVar [[r.BloomQuality:5]]
[2021.11.28-02.35.48:348][  0]LogConfig: Setting CVar [[r.FastBlurThreshold:100]]
[2021.11.28-02.35.48:348][  0]LogConfig: Setting CVar [[r.Upscale.Quality:3]]
[2021.11.28-02.35.48:348][  0]LogConfig: Setting CVar [[r.Tonemapper.GrainQuantization:1]]
[2021.11.28-02.35.48:348][  0]LogConfig: Setting CVar [[r.LightShaftQuality:1]]
[2021.11.28-02.35.48:348][  0]LogConfig: Setting CVar [[r.Filter.SizeScale:1]]
[2021.11.28-02.35.48:348][  0]LogConfig: Setting CVar [[r.Tonemapper.Quality:5]]
[2021.11.28-02.35.48:348][  0]LogConfig: Setting CVar [[r.DOF.Gather.AccumulatorQuality:1        ; higher gathering accumulator quality]]
[2021.11.28-02.35.48:348][  0]LogConfig: Setting CVar [[r.DOF.Gather.PostfilterMethod:1          ; Median3x3 postfilering method]]
[2021.11.28-02.35.48:348][  0]LogConfig: Setting CVar [[r.DOF.Gather.EnableBokehSettings:0       ; no bokeh simulation when gathering]]
[2021.11.28-02.35.48:348][  0]LogConfig: Setting CVar [[r.DOF.Gather.RingCount:4                 ; medium number of samples when gathering]]
[2021.11.28-02.35.48:348][  0]LogConfig: Setting CVar [[r.DOF.Scatter.ForegroundCompositing:1    ; additive foreground scattering]]
[2021.11.28-02.35.48:348][  0]LogConfig: Setting CVar [[r.DOF.Scatter.BackgroundCompositing:2    ; additive background scattering]]
[2021.11.28-02.35.48:348][  0]LogConfig: Setting CVar [[r.DOF.Scatter.EnableBokehSettings:1      ; bokeh simulation when scattering]]
[2021.11.28-02.35.48:348][  0]LogConfig: Setting CVar [[r.DOF.Scatter.MaxSpriteRatio:0.1         ; only a maximum of 10% of scattered bokeh]]
[2021.11.28-02.35.48:348][  0]LogConfig: Setting CVar [[r.DOF.Recombine.Quality:1                ; cheap slight out of focus]]
[2021.11.28-02.35.48:348][  0]LogConfig: Setting CVar [[r.DOF.Recombine.EnableBokehSettings:0    ; no bokeh simulation on slight out of focus]]
[2021.11.28-02.35.48:348][  0]LogConfig: Setting CVar [[r.DOF.TemporalAAQuality:1                ; more stable temporal accumulation]]
[2021.11.28-02.35.48:348][  0]LogConfig: Setting CVar [[r.DOF.Kernel.MaxForegroundRadius:0.025]]
[2021.11.28-02.35.48:348][  0]LogConfig: Setting CVar [[r.DOF.Kernel.MaxBackgroundRadius:0.025]]
[2021.11.28-02.35.48:348][  0]LogConfig: Applying CVar settings from Section [TextureQuality@3] File [D:/GitHub/UnrealVPTeam15_Repository/VP_Project/Saved/Config/Windows/Scalability.ini]
[2021.11.28-02.35.48:348][  0]LogConfig: Setting CVar [[r.Streaming.MipBias:0]]
[2021.11.28-02.35.48:348][  0]LogConfig: Setting CVar [[r.Streaming.AmortizeCPUToGPUCopy:0]]
[2021.11.28-02.35.48:348][  0]LogConfig: Setting CVar [[r.Streaming.MaxNumTexturesToStreamPerFrame:0]]
[2021.11.28-02.35.48:348][  0]LogConfig: Setting CVar [[r.Streaming.Boost:1]]
[2021.11.28-02.35.48:348][  0]LogConfig: Setting CVar [[r.MaxAnisotropy:8]]
[2021.11.28-02.35.48:348][  0]LogConfig: Setting CVar [[r.VT.MaxAnisotropy:8]]
[2021.11.28-02.35.48:348][  0]LogConfig: Setting CVar [[r.Streaming.LimitPoolSizeToVRAM:0]]
[2021.11.28-02.35.48:348][  0]LogConfig: Setting CVar [[r.Streaming.PoolSize:1000]]
[2021.11.28-02.35.48:348][  0]LogConfig: Setting CVar [[r.Streaming.MaxEffectiveScreenSize:0]]
[2021.11.28-02.35.48:348][  0]LogConfig: Applying CVar settings from Section [EffectsQuality@3] File [D:/GitHub/UnrealVPTeam15_Repository/VP_Project/Saved/Config/Windows/Scalability.ini]
[2021.11.28-02.35.48:348][  0]LogConfig: Setting CVar [[r.TranslucencyLightingVolumeDim:64]]
[2021.11.28-02.35.48:348][  0]LogConfig: Setting CVar [[r.RefractionQuality:2]]
[2021.11.28-02.35.48:348][  0]LogConfig: Setting CVar [[r.SSR.Quality:3]]
[2021.11.28-02.35.48:348][  0]LogConfig: Setting CVar [[r.SSR.HalfResSceneColor:0]]
[2021.11.28-02.35.48:348][  0]LogConfig: Setting CVar [[r.SceneColorFormat:4]]
[2021.11.28-02.35.48:348][  0]LogConfig: Setting CVar [[r.DetailMode:2]]
[2021.11.28-02.35.48:348][  0]LogConfig: Setting CVar [[r.TranslucencyVolumeBlur:1]]
[2021.11.28-02.35.48:348][  0]LogConfig: Setting CVar [[r.MaterialQualityLevel:1 ; High quality]]
[2021.11.28-02.35.48:348][  0]LogConfig: Setting CVar [[r.AnisotropicMaterials:1]]
[2021.11.28-02.35.48:348][  0]LogConfig: Setting CVar [[r.SSS.Scale:1]]
[2021.11.28-02.35.48:348][  0]LogConfig: Setting CVar [[r.SSS.SampleSet:2]]
[2021.11.28-02.35.48:348][  0]LogConfig: Setting CVar [[r.SSS.Quality:1]]
[2021.11.28-02.35.48:348][  0]LogConfig: Setting CVar [[r.SSS.HalfRes:0]]
[2021.11.28-02.35.48:348][  0]LogConfig: Setting CVar [[r.SSGI.Quality:3]]
[2021.11.28-02.35.48:348][  0]LogConfig: Setting CVar [[r.EmitterSpawnRateScale:1.0]]
[2021.11.28-02.35.48:348][  0]LogConfig: Setting CVar [[r.ParticleLightQuality:2]]
[2021.11.28-02.35.48:348][  0]LogConfig: Setting CVar [[r.SkyAtmosphere.AerialPerspectiveLUT.FastApplyOnOpaque:1 ; Always have FastSkyLUT 1 in this case to avoid wrong sky]]
[2021.11.28-02.35.48:348][  0]LogConfig: Setting CVar [[r.SkyAtmosphere.AerialPerspectiveLUT.SampleCountMaxPerSlice:4]]
[2021.11.28-02.35.48:348][  0]LogConfig: Setting CVar [[r.SkyAtmosphere.AerialPerspectiveLUT.DepthResolution:16.0]]
[2021.11.28-02.35.48:348][  0]LogConfig: Setting CVar [[r.SkyAtmosphere.FastSkyLUT:1]]
[2021.11.28-02.35.48:348][  0]LogConfig: Setting CVar [[r.SkyAtmosphere.FastSkyLUT.SampleCountMin:4.0]]
[2021.11.28-02.35.48:348][  0]LogConfig: Setting CVar [[r.SkyAtmosphere.FastSkyLUT.SampleCountMax:128.0]]
[2021.11.28-02.35.48:348][  0]LogConfig: Setting CVar [[r.SkyAtmosphere.SampleCountMin:4.0]]
[2021.11.28-02.35.48:348][  0]LogConfig: Setting CVar [[r.SkyAtmosphere.SampleCountMax:128.0]]
[2021.11.28-02.35.48:348][  0]LogConfig: Setting CVar [[r.SkyAtmosphere.TransmittanceLUT.UseSmallFormat:0]]
[2021.11.28-02.35.48:348][  0]LogConfig: Setting CVar [[r.SkyAtmosphere.TransmittanceLUT.SampleCount:10.0]]
[2021.11.28-02.35.48:348][  0]LogConfig: Setting CVar [[r.SkyAtmosphere.MultiScatteringLUT.SampleCount:15.0]]
[2021.11.28-02.35.48:348][  0]LogConfig: Setting CVar [[r.SkyLight.RealTimeReflectionCapture:1]]
[2021.11.28-02.35.48:348][  0]LogConfig: Applying CVar settings from Section [FoliageQuality@3] File [D:/GitHub/UnrealVPTeam15_Repository/VP_Project/Saved/Config/Windows/Scalability.ini]
[2021.11.28-02.35.48:348][  0]LogConfig: Setting CVar [[foliage.DensityScale:1.0]]
[2021.11.28-02.35.48:348][  0]LogConfig: Setting CVar [[grass.DensityScale:1.0]]
[2021.11.28-02.35.48:348][  0]LogConfig: Applying CVar settings from Section [ShadingQuality@3] File [D:/GitHub/UnrealVPTeam15_Repository/VP_Project/Saved/Config/Windows/Scalability.ini]
[2021.11.28-02.35.48:348][  0]LogConfig: Setting CVar [[r.HairStrands.SkyLighting.IntegrationType:2]]
[2021.11.28-02.35.48:348][  0]LogConfig: Setting CVar [[r.HairStrands.SkyAO.SampleCount:4]]
[2021.11.28-02.35.48:348][  0]LogConfig: Setting CVar [[r.HairStrands.Visibility.MSAA.SamplePerPixel:4]]
[2021.11.28-02.35.48:348][  0]LogInit: Selected Device Profile: [Windows]
[2021.11.28-02.35.48:348][  0]LogInit: Applying CVar settings loaded from the selected device profile: [Windows]
[2021.11.28-02.35.48:348][  0]LogHAL: Display: Platform has ~ 16 GB [17089699840 / 17179869184 / 16], which maps to Larger [LargestMinGB=32, LargerMinGB=12, DefaultMinGB=8, SmallerMinGB=6, SmallestMinGB=0)
[2021.11.28-02.35.48:348][  0]LogInit: Going up to parent DeviceProfile []
[2021.11.28-02.35.48:348][  0]LogConfig: Applying CVar settings from Section [ViewDistanceQuality@3] File [D:/GitHub/UnrealVPTeam15_Repository/VP_Project/Saved/Config/Windows/Scalability.ini]
[2021.11.28-02.35.48:348][  0]LogConfig: Setting CVar [[r.SkeletalMeshLODBias:0]]
[2021.11.28-02.35.48:348][  0]LogConfig: Setting CVar [[r.ViewDistanceScale:1.0]]
[2021.11.28-02.35.48:348][  0]LogConfig: Applying CVar settings from Section [AntiAliasingQuality@3] File [D:/GitHub/UnrealVPTeam15_Repository/VP_Project/Saved/Config/Windows/Scalability.ini]
[2021.11.28-02.35.48:348][  0]LogConfig: Setting CVar [[r.PostProcessAAQuality:4]]
[2021.11.28-02.35.48:348][  0]LogConfig: Applying CVar settings from Section [ShadowQuality@3] File [D:/GitHub/UnrealVPTeam15_Repository/VP_Project/Saved/Config/Windows/Scalability.ini]
[2021.11.28-02.35.48:348][  0]LogConfig: Setting CVar [[r.LightFunctionQuality:1]]
[2021.11.28-02.35.48:348][  0]LogConfig: Setting CVar [[r.ShadowQuality:5]]
[2021.11.28-02.35.48:348][  0]LogConfig: Setting CVar [[r.Shadow.CSM.MaxCascades:10]]
[2021.11.28-02.35.48:348][  0]LogConfig: Setting CVar [[r.Shadow.MaxResolution:2048]]
[2021.11.28-02.35.48:348][  0]LogConfig: Setting CVar [[r.Shadow.MaxCSMResolution:2048]]
[2021.11.28-02.35.48:348][  0]LogConfig: Setting CVar [[r.Shadow.RadiusThreshold:0.01]]
[2021.11.28-02.35.48:348][  0]LogConfig: Setting CVar [[r.Shadow.DistanceScale:1.0]]
[2021.11.28-02.35.48:348][  0]LogConfig: Setting CVar [[r.Shadow.CSM.TransitionScale:1.0]]
[2021.11.28-02.35.48:348][  0]LogConfig: Setting CVar [[r.Shadow.PreShadowResolutionFactor:1.0]]
[2021.11.28-02.35.48:348][  0]LogConfig: Setting CVar [[r.DistanceFieldShadowing:1]]
[2021.11.28-02.35.48:348][  0]LogConfig: Setting CVar [[r.DistanceFieldAO:1]]
[2021.11.28-02.35.48:348][  0]LogConfig: Setting CVar [[r.AOQuality:2]]
[2021.11.28-02.35.48:348][  0]LogConfig: Setting CVar [[r.VolumetricFog:1]]
[2021.11.28-02.35.48:348][  0]LogConfig: Setting CVar [[r.VolumetricFog.GridPixelSize:8]]
[2021.11.28-02.35.48:348][  0]LogConfig: Setting CVar [[r.VolumetricFog.GridSizeZ:128]]
[2021.11.28-02.35.48:348][  0]LogConfig: Setting CVar [[r.VolumetricFog.HistoryMissSupersampleCount:4]]
[2021.11.28-02.35.48:348][  0]LogConfig: Setting CVar [[r.LightMaxDrawDistanceScale:1]]
[2021.11.28-02.35.48:348][  0]LogConfig: Setting CVar [[r.CapsuleShadows:1]]
[2021.11.28-02.35.48:348][  0]LogConfig: Applying CVar settings from Section [PostProcessQuality@3] File [D:/GitHub/UnrealVPTeam15_Repository/VP_Project/Saved/Config/Windows/Scalability.ini]
[2021.11.28-02.35.48:348][  0]LogConfig: Setting CVar [[r.MotionBlurQuality:4]]
[2021.11.28-02.35.48:348][  0]LogConfig: Setting CVar [[r.AmbientOcclusionMipLevelFactor:0.4]]
[2021.11.28-02.35.48:348][  0]LogConfig: Setting CVar [[r.AmbientOcclusionMaxQuality:100]]
[2021.11.28-02.35.48:348][  0]LogConfig: Setting CVar [[r.AmbientOcclusionLevels:-1]]
[2021.11.28-02.35.48:348][  0]LogConfig: Setting CVar [[r.AmbientOcclusionRadiusScale:1.0]]
[2021.11.28-02.35.48:348][  0]LogConfig: Setting CVar [[r.DepthOfFieldQuality:2]]
[2021.11.28-02.35.48:348][  0]LogConfig: Setting CVar [[r.RenderTargetPoolMin:400]]
[2021.11.28-02.35.48:348][  0]LogConfig: Setting CVar [[r.LensFlareQuality:2]]
[2021.11.28-02.35.48:348][  0]LogConfig: Setting CVar [[r.SceneColorFringeQuality:1]]
[2021.11.28-02.35.48:348][  0]LogConfig: Setting CVar [[r.EyeAdaptationQuality:2]]
[2021.11.28-02.35.48:348][  0]LogConfig: Setting CVar [[r.BloomQuality:5]]
[2021.11.28-02.35.48:348][  0]LogConfig: Setting CVar [[r.FastBlurThreshold:100]]
[2021.11.28-02.35.48:348][  0]LogConfig: Setting CVar [[r.Upscale.Quality:3]]
[2021.11.28-02.35.48:348][  0]LogConfig: Setting CVar [[r.Tonemapper.GrainQuantization:1]]
[2021.11.28-02.35.48:349][  0]LogConfig: Setting CVar [[r.LightShaftQuality:1]]
[2021.11.28-02.35.48:349][  0]LogConfig: Setting CVar [[r.Filter.SizeScale:1]]
[2021.11.28-02.35.48:349][  0]LogConfig: Setting CVar [[r.Tonemapper.Quality:5]]
[2021.11.28-02.35.48:349][  0]LogConfig: Setting CVar [[r.DOF.Gather.AccumulatorQuality:1        ; higher gathering accumulator quality]]
[2021.11.28-02.35.48:349][  0]LogConfig: Setting CVar [[r.DOF.Gather.PostfilterMethod:1          ; Median3x3 postfilering method]]
[2021.11.28-02.35.48:349][  0]LogConfig: Setting CVar [[r.DOF.Gather.EnableBokehSettings:0       ; no bokeh simulation when gathering]]
[2021.11.28-02.35.48:349][  0]LogConfig: Setting CVar [[r.DOF.Gather.RingCount:4                 ; medium number of samples when gathering]]
[2021.11.28-02.35.48:349][  0]LogConfig: Setting CVar [[r.DOF.Scatter.ForegroundCompositing:1    ; additive foreground scattering]]
[2021.11.28-02.35.48:349][  0]LogConfig: Setting CVar [[r.DOF.Scatter.BackgroundCompositing:2    ; additive background scattering]]
[2021.11.28-02.35.48:349][  0]LogConfig: Setting CVar [[r.DOF.Scatter.EnableBokehSettings:1      ; bokeh simulation when scattering]]
[2021.11.28-02.35.48:349][  0]LogConfig: Setting CVar [[r.DOF.Scatter.MaxSpriteRatio:0.1         ; only a maximum of 10% of scattered bokeh]]
[2021.11.28-02.35.48:349][  0]LogConfig: Setting CVar [[r.DOF.Recombine.Quality:1                ; cheap slight out of focus]]
[2021.11.28-02.35.48:349][  0]LogConfig: Setting CVar [[r.DOF.Recombine.EnableBokehSettings:0    ; no bokeh simulation on slight out of focus]]
[2021.11.28-02.35.48:349][  0]LogConfig: Setting CVar [[r.DOF.TemporalAAQuality:1                ; more stable temporal accumulation]]
[2021.11.28-02.35.48:349][  0]LogConfig: Setting CVar [[r.DOF.Kernel.MaxForegroundRadius:0.025]]
[2021.11.28-02.35.48:349][  0]LogConfig: Setting CVar [[r.DOF.Kernel.MaxBackgroundRadius:0.025]]
[2021.11.28-02.35.48:349][  0]LogConfig: Applying CVar settings from Section [TextureQuality@3] File [D:/GitHub/UnrealVPTeam15_Repository/VP_Project/Saved/Config/Windows/Scalability.ini]
[2021.11.28-02.35.48:349][  0]LogConfig: Setting CVar [[r.Streaming.MipBias:0]]
[2021.11.28-02.35.48:349][  0]LogConfig: Setting CVar [[r.Streaming.AmortizeCPUToGPUCopy:0]]
[2021.11.28-02.35.48:349][  0]LogConfig: Setting CVar [[r.Streaming.MaxNumTexturesToStreamPerFrame:0]]
[2021.11.28-02.35.48:349][  0]LogConfig: Setting CVar [[r.Streaming.Boost:1]]
[2021.11.28-02.35.48:349][  0]LogConfig: Setting CVar [[r.MaxAnisotropy:8]]
[2021.11.28-02.35.48:349][  0]LogConfig: Setting CVar [[r.VT.MaxAnisotropy:8]]
[2021.11.28-02.35.48:349][  0]LogConfig: Setting CVar [[r.Streaming.LimitPoolSizeToVRAM:0]]
[2021.11.28-02.35.48:349][  0]LogConfig: Setting CVar [[r.Streaming.PoolSize:1000]]
[2021.11.28-02.35.48:349][  0]LogConfig: Setting CVar [[r.Streaming.MaxEffectiveScreenSize:0]]
[2021.11.28-02.35.48:349][  0]LogConfig: Applying CVar settings from Section [EffectsQuality@3] File [D:/GitHub/UnrealVPTeam15_Repository/VP_Project/Saved/Config/Windows/Scalability.ini]
[2021.11.28-02.35.48:349][  0]LogConfig: Setting CVar [[r.TranslucencyLightingVolumeDim:64]]
[2021.11.28-02.35.48:349][  0]LogConfig: Setting CVar [[r.RefractionQuality:2]]
[2021.11.28-02.35.48:349][  0]LogConfig: Setting CVar [[r.SSR.Quality:3]]
[2021.11.28-02.35.48:349][  0]LogConfig: Setting CVar [[r.SSR.HalfResSceneColor:0]]
[2021.11.28-02.35.48:349][  0]LogConfig: Setting CVar [[r.SceneColorFormat:4]]
[2021.11.28-02.35.48:349][  0]LogConfig: Setting CVar [[r.DetailMode:2]]
[2021.11.28-02.35.48:349][  0]LogConfig: Setting CVar [[r.TranslucencyVolumeBlur:1]]
[2021.11.28-02.35.48:349][  0]LogConfig: Setting CVar [[r.MaterialQualityLevel:1 ; High quality]]
[2021.11.28-02.35.48:349][  0]LogConfig: Setting CVar [[r.AnisotropicMaterials:1]]
[2021.11.28-02.35.48:349][  0]LogConfig: Setting CVar [[r.SSS.Scale:1]]
[2021.11.28-02.35.48:349][  0]LogConfig: Setting CVar [[r.SSS.SampleSet:2]]
[2021.11.28-02.35.48:349][  0]LogConfig: Setting CVar [[r.SSS.Quality:1]]
[2021.11.28-02.35.48:349][  0]LogConfig: Setting CVar [[r.SSS.HalfRes:0]]
[2021.11.28-02.35.48:349][  0]LogConfig: Setting CVar [[r.SSGI.Quality:3]]
[2021.11.28-02.35.48:349][  0]LogConfig: Setting CVar [[r.EmitterSpawnRateScale:1.0]]
[2021.11.28-02.35.48:349][  0]LogConfig: Setting CVar [[r.ParticleLightQuality:2]]
[2021.11.28-02.35.48:349][  0]LogConfig: Setting CVar [[r.SkyAtmosphere.AerialPerspectiveLUT.FastApplyOnOpaque:1 ; Always have FastSkyLUT 1 in this case to avoid wrong sky]]
[2021.11.28-02.35.48:349][  0]LogConfig: Setting CVar [[r.SkyAtmosphere.AerialPerspectiveLUT.SampleCountMaxPerSlice:4]]
[2021.11.28-02.35.48:349][  0]LogConfig: Setting CVar [[r.SkyAtmosphere.AerialPerspectiveLUT.DepthResolution:16.0]]
[2021.11.28-02.35.48:349][  0]LogConfig: Setting CVar [[r.SkyAtmosphere.FastSkyLUT:1]]
[2021.11.28-02.35.48:349][  0]LogConfig: Setting CVar [[r.SkyAtmosphere.FastSkyLUT.SampleCountMin:4.0]]
[2021.11.28-02.35.48:349][  0]LogConfig: Setting CVar [[r.SkyAtmosphere.FastSkyLUT.SampleCountMax:128.0]]
[2021.11.28-02.35.48:349][  0]LogConfig: Setting CVar [[r.SkyAtmosphere.SampleCountMin:4.0]]
[2021.11.28-02.35.48:349][  0]LogConfig: Setting CVar [[r.SkyAtmosphere.SampleCountMax:128.0]]
[2021.11.28-02.35.48:349][  0]LogConfig: Setting CVar [[r.SkyAtmosphere.TransmittanceLUT.UseSmallFormat:0]]
[2021.11.28-02.35.48:349][  0]LogConfig: Setting CVar [[r.SkyAtmosphere.TransmittanceLUT.SampleCount:10.0]]
[2021.11.28-02.35.48:349][  0]LogConfig: Setting CVar [[r.SkyAtmosphere.MultiScatteringLUT.SampleCount:15.0]]
[2021.11.28-02.35.48:349][  0]LogConfig: Setting CVar [[r.SkyLight.RealTimeReflectionCapture:1]]
[2021.11.28-02.35.48:349][  0]LogConfig: Applying CVar settings from Section [FoliageQuality@3] File [D:/GitHub/UnrealVPTeam15_Repository/VP_Project/Saved/Config/Windows/Scalability.ini]
[2021.11.28-02.35.48:349][  0]LogConfig: Setting CVar [[foliage.DensityScale:1.0]]
[2021.11.28-02.35.48:349][  0]LogConfig: Setting CVar [[grass.DensityScale:1.0]]
[2021.11.28-02.35.48:349][  0]LogConfig: Applying CVar settings from Section [ShadingQuality@3] File [D:/GitHub/UnrealVPTeam15_Repository/VP_Project/Saved/Config/Windows/Scalability.ini]
[2021.11.28-02.35.48:349][  0]LogConfig: Setting CVar [[r.HairStrands.SkyLighting.IntegrationType:2]]
[2021.11.28-02.35.48:349][  0]LogConfig: Setting CVar [[r.HairStrands.SkyAO.SampleCount:4]]
[2021.11.28-02.35.48:349][  0]LogConfig: Setting CVar [[r.HairStrands.Visibility.MSAA.SamplePerPixel:4]]
[2021.11.28-02.35.48:349][  0]LogConfig: Applying CVar settings from Section [Startup] File [../../../Engine/Config/ConsoleVariables.ini]
[2021.11.28-02.35.48:349][  0]LogConfig: Setting CVar [[net.UseAdaptiveNetUpdateFrequency:0]]
[2021.11.28-02.35.48:349][  0]LogConfig: Setting CVar [[p.chaos.AllowCreatePhysxBodies:1]]
[2021.11.28-02.35.48:349][  0]LogConfig: Setting CVar [[fx.SkipVectorVMBackendOptimizations:1]]
[2021.11.28-02.35.48:349][  0]LogConfig: Applying CVar settings from Section [ConsoleVariables] File [D:/GitHub/UnrealVPTeam15_Repository/VP_Project/Saved/Config/Windows/Engine.ini]
[2021.11.28-02.35.48:349][  0]LogConfig: Applying CVar settings from Section [ConsoleVariables] File [D:/GitHub/UnrealVPTeam15_Repository/VP_Project/Saved/Config/Windows/Editor.ini]
[2021.11.28-02.35.48:349][  0]LogInit: Computer: TREVORPC
[2021.11.28-02.35.48:349][  0]LogInit: User: Trevor
[2021.11.28-02.35.48:349][  0]LogInit: CPU Page size=4096, Cores=8
[2021.11.28-02.35.48:349][  0]LogInit: High frequency timer resolution =10.000000 MHz
[2021.11.28-02.35.48:349][  0]LogMemory: Memory total: Physical=15.9GB (16GB approx)
[2021.11.28-02.35.48:349][  0]LogMemory: Platform Memory Stats for Windows
[2021.11.28-02.35.48:349][  0]LogMemory: Process Physical Memory: 148.46 MB used, 148.46 MB peak
[2021.11.28-02.35.48:349][  0]LogMemory: Process Virtual Memory: 131.15 MB used, 131.15 MB peak
[2021.11.28-02.35.48:349][  0]LogMemory: Physical Memory: 5832.76 MB used,  10465.25 MB free, 16298.01 MB total
[2021.11.28-02.35.48:349][  0]LogMemory: Virtual Memory: 134206376.00 MB used,  11351.25 MB free, 134217728.00 MB total
[2021.11.28-02.35.48:352][  0]LogWindows: WindowsPlatformFeatures enabled
[2021.11.28-02.35.48:378][  0]LogInit: Physics initialised using underlying interface: PhysX
[2021.11.28-02.35.48:378][  0]LogInit: Using OS detected language (en-US).
[2021.11.28-02.35.48:378][  0]LogInit: Using OS detected locale (en-CA).
[2021.11.28-02.35.48:379][  0]LogTextLocalizationManager: No specific localization for 'en-US' exists, so the 'en' localization will be used.
[2021.11.28-02.35.48:508][  0]LogInit: Setting process to per monitor DPI aware
[2021.11.28-02.35.48:517][  0]LogWindowsTextInputMethodSystem: Display: IME system deactivated.
[2021.11.28-02.35.48:526][  0]LogSlate: New Slate User Created.  User Index 0, Is Virtual User: 0
[2021.11.28-02.35.48:526][  0]LogSlate: Slate User Registered.  User Index 0, Is Virtual User: 0
[2021.11.28-02.35.48:609][  0]LogD3D11RHI: Loaded GFSDK_Aftermath_Lib.x64.dll
[2021.11.28-02.35.48:611][  0]LogHMD: Failed to initialize OpenVR with code 110
[2021.11.28-02.35.48:611][  0]LogD3D11RHI: D3D11 min allowed feature level: 11_0
[2021.11.28-02.35.48:611][  0]LogD3D11RHI: D3D11 max allowed feature level: 11_0
[2021.11.28-02.35.48:611][  0]LogD3D11RHI: D3D11 adapters:
[2021.11.28-02.35.48:688][  0]LogD3D11RHI:    0. 'NVIDIA GeForce RTX 2070 SUPER' (Feature Level 11_0)
[2021.11.28-02.35.48:688][  0]LogD3D11RHI:       8011/0/8149 MB DedicatedVideo/DedicatedSystem/SharedSystem, Outputs:2, VendorId:0x10de
[2021.11.28-02.35.48:690][  0]LogD3D11RHI:    1. 'Microsoft Basic Render Driver' (Feature Level 11_0)
[2021.11.28-02.35.48:690][  0]LogD3D11RHI:       0/0/8149 MB DedicatedVideo/DedicatedSystem/SharedSystem, Outputs:0, VendorId:0x1414
[2021.11.28-02.35.48:690][  0]LogD3D11RHI: Chosen D3D11 Adapter:
[2021.11.28-02.35.48:690][  0]LogD3D11RHI:     Description : NVIDIA GeForce RTX 2070 SUPER
[2021.11.28-02.35.48:690][  0]LogD3D11RHI:     VendorId    : 10de
[2021.11.28-02.35.48:690][  0]LogD3D11RHI:     DeviceId    : 1e84
[2021.11.28-02.35.48:690][  0]LogD3D11RHI:     SubSysId    : 373e1462
[2021.11.28-02.35.48:690][  0]LogD3D11RHI:     Revision    : 00a1
[2021.11.28-02.35.48:690][  0]LogD3D11RHI:     DedicatedVideoMemory : 8400142336 bytes
[2021.11.28-02.35.48:690][  0]LogD3D11RHI:     DedicatedSystemMemory : 0 bytes
[2021.11.28-02.35.48:690][  0]LogD3D11RHI:     SharedSystemMemory : 8544849920 bytes
[2021.11.28-02.35.48:690][  0]LogD3D11RHI:     AdapterLuid : 0 46400
[2021.11.28-02.35.48:693][  0]LogD3D11RHI: Creating new Direct3DDevice
[2021.11.28-02.35.48:693][  0]LogD3D11RHI:     GPU DeviceId: 0x1e84 (for the marketing name, search the web for "GPU Device Id")
[2021.11.28-02.35.48:693][  0]LogWindows: EnumDisplayDevices:
[2021.11.28-02.35.48:693][  0]LogWindows:    0. 'NVIDIA GeForce RTX 2070 SUPER' (P:1 D:1)
[2021.11.28-02.35.48:693][  0]LogWindows:    1. 'NVIDIA GeForce RTX 2070 SUPER' (P:0 D:1)
[2021.11.28-02.35.48:693][  0]LogWindows:    2. 'NVIDIA GeForce RTX 2070 SUPER' (P:0 D:0)
[2021.11.28-02.35.48:694][  0]LogWindows:    3. 'NVIDIA GeForce RTX 2070 SUPER' (P:0 D:0)
[2021.11.28-02.35.48:694][  0]LogWindows: DebugString: FoundDriverCount:4 
[2021.11.28-02.35.48:694][  0]LogD3D11RHI:     Adapter Name: NVIDIA GeForce RTX 2070 SUPER
[2021.11.28-02.35.48:694][  0]LogD3D11RHI:   Driver Version: 472.12 (internal:30.0.14.7212, unified:472.12)
[2021.11.28-02.35.48:694][  0]LogD3D11RHI:      Driver Date: 9-13-2021
[2021.11.28-02.35.48:694][  0]LogRHI: Texture pool is 5607 MB (70% of 8011 MB)
[2021.11.28-02.35.48:694][  0]LogD3D11RHI: Creating D3DDevice using adapter:
[2021.11.28-02.35.48:694][  0]LogD3D11RHI:     Description : NVIDIA GeForce RTX 2070 SUPER
[2021.11.28-02.35.48:694][  0]LogD3D11RHI:     VendorId    : 10de
[2021.11.28-02.35.48:694][  0]LogD3D11RHI:     DeviceId    : 1e84
[2021.11.28-02.35.48:694][  0]LogD3D11RHI:     SubSysId    : 373e1462
[2021.11.28-02.35.48:694][  0]LogD3D11RHI:     Revision    : 00a1
[2021.11.28-02.35.48:694][  0]LogD3D11RHI:     DedicatedVideoMemory : 8400142336 bytes
[2021.11.28-02.35.48:694][  0]LogD3D11RHI:     DedicatedSystemMemory : 0 bytes
[2021.11.28-02.35.48:694][  0]LogD3D11RHI:     SharedSystemMemory : 8544849920 bytes
[2021.11.28-02.35.48:694][  0]LogD3D11RHI:     AdapterLuid : 0 46400
[2021.11.28-02.35.48:756][  0]LogD3D11RHI: RHI has support for 64 bit atomics
[2021.11.28-02.35.48:757][  0]LogD3D11RHI: Async texture creation enabled
[2021.11.28-02.35.48:757][  0]LogD3D11RHI: Array index from any shader is supported
[2021.11.28-02.35.48:775][  0]LogD3D11RHI: GPU Timing Frequency: 1000.000000 (Debug: 2 1)
[2021.11.28-02.35.48:801][  0]LogRHI: GeForceNow SDK initialized: 1
[2021.11.28-02.35.49:016][  0]LogTargetPlatformManager: Display: Loaded TargetPlatform 'AllDesktop'
[2021.11.28-02.35.49:030][  0]LogTargetPlatformManager: Display: Loaded TargetPlatform 'Android'
[2021.11.28-02.35.49:030][  0]LogTargetPlatformManager: Display: Loaded TargetPlatform 'Android_ASTC'
[2021.11.28-02.35.49:030][  0]LogTargetPlatformManager: Display: Loaded TargetPlatform 'Android_DXT'
[2021.11.28-02.35.49:031][  0]LogTargetPlatformManager: Display: Loaded TargetPlatform 'Android_ETC2'
[2021.11.28-02.35.49:031][  0]LogTargetPlatformManager: Display: Loaded TargetPlatform 'AndroidClient'
[2021.11.28-02.35.49:031][  0]LogTargetPlatformManager: Display: Loaded TargetPlatform 'Android_ASTCClient'
[2021.11.28-02.35.49:031][  0]LogTargetPlatformManager: Display: Loaded TargetPlatform 'Android_DXTClient'
[2021.11.28-02.35.49:031][  0]LogTargetPlatformManager: Display: Loaded TargetPlatform 'Android_ETC2Client'
[2021.11.28-02.35.49:031][  0]LogTargetPlatformManager: Display: Loaded TargetPlatform 'Android_Multi'
[2021.11.28-02.35.49:031][  0]LogTargetPlatformManager: Display: Loaded TargetPlatform 'Android_MultiClient'
[2021.11.28-02.35.49:042][  0]LogTargetPlatformManager: Display: Loaded TargetPlatform 'IOSClient'
[2021.11.28-02.35.49:042][  0]LogTargetPlatformManager: Display: Loaded TargetPlatform 'IOS'
[2021.11.28-02.35.49:049][  0]LogTargetPlatformManager: Display: Loaded TargetPlatform 'Linux'
[2021.11.28-02.35.49:052][  0]LogTargetPlatformManager: Display: Loaded TargetPlatform 'LinuxNoEditor'
[2021.11.28-02.35.49:054][  0]LogTargetPlatformManager: Display: Loaded TargetPlatform 'LinuxClient'
[2021.11.28-02.35.49:056][  0]LogTargetPlatformManager: Display: Loaded TargetPlatform 'LinuxServer'
[2021.11.28-02.35.49:062][  0]LogTargetPlatformManager: Display: Loaded TargetPlatform 'LinuxAArch64NoEditor'
[2021.11.28-02.35.49:064][  0]LogTargetPlatformManager: Display: Loaded TargetPlatform 'LinuxAArch64Client'
[2021.11.28-02.35.49:067][  0]LogTargetPlatformManager: Display: Loaded TargetPlatform 'LinuxAArch64Server'
[2021.11.28-02.35.49:082][  0]LogTargetPlatformManager: Display: Loaded TargetPlatform 'Lumin'
[2021.11.28-02.35.49:082][  0]LogTargetPlatformManager: Display: Loaded TargetPlatform 'LuminClient'
[2021.11.28-02.35.49:088][  0]LogTargetPlatformManager: Display: Loaded TargetPlatform 'MacNoEditor'
[2021.11.28-02.35.49:090][  0]LogTargetPlatformManager: Display: Loaded TargetPlatform 'Mac'
[2021.11.28-02.35.49:093][  0]LogTargetPlatformManager: Display: Loaded TargetPlatform 'MacClient'
[2021.11.28-02.35.49:096][  0]LogTargetPlatformManager: Display: Loaded TargetPlatform 'MacServer'
[2021.11.28-02.35.49:102][  0]LogTargetPlatformManager: Display: Loaded TargetPlatform 'TVOSClient'
[2021.11.28-02.35.49:102][  0]LogTargetPlatformManager: Display: Loaded TargetPlatform 'TVOS'
[2021.11.28-02.35.49:107][  0]LogTargetPlatformManager: Display: Loaded TargetPlatform 'WindowsNoEditor'
[2021.11.28-02.35.49:110][  0]LogTargetPlatformManager: Display: Loaded TargetPlatform 'Windows'
[2021.11.28-02.35.49:113][  0]LogTargetPlatformManager: Display: Loaded TargetPlatform 'WindowsClient'
[2021.11.28-02.35.49:116][  0]LogTargetPlatformManager: Display: Loaded TargetPlatform 'WindowsServer'
[2021.11.28-02.35.49:116][  0]LogTargetPlatformManager: Display: Building Assets For Windows
[2021.11.28-02.35.49:120][  0]LogAudioDebug: Display: Lib vorbis DLL was dynamically loaded.
[2021.11.28-02.35.49:138][  0]LogTextureFormatOodle: Display: Oodle Texture 2.9.0 init RDO Off
[2021.11.28-02.35.49:157][  0]LogRendererCore: Ray tracing is disabled. Reason: r.RayTracing=0.
[2021.11.28-02.35.49:157][  0]LogShaderCompilers: Guid format shader working directory is -11 characters bigger than the processId version (../../../../../GitHub/UnrealVPTeam15_Repository/VP_Project/Intermediate/Shaders/WorkingDirectory/6492/).
[2021.11.28-02.35.49:157][  0]LogShaderCompilers: Cleaned the shader compiler working directory 'C:/Users/Trevor/AppData/Local/Temp/UnrealShaderWorkingDir/A49CE0604AF7AD89F3652790361E35DC/'.
[2021.11.28-02.35.49:157][  0]LogXGEController: Cannot use XGE Controller as Incredibuild is not installed on this machine.
[2021.11.28-02.35.49:157][  0]LogShaderCompilers: Cannot use XGE Shader Compiler as Incredibuild is not installed on this machine.
[2021.11.28-02.35.49:157][  0]LogShaderCompilers: Display: Using Local Shader Compiler.
[2021.11.28-02.35.49:732][  0]LogDerivedDataCache: Display: Max Cache Size: 512 MB
[2021.11.28-02.35.49:773][  0]LogDerivedDataCache: Loaded boot cache 0.04s 94MB C:/Users/Trevor/AppData/Local/UnrealEngine/4.27/DerivedDataCache/Boot.ddc.
[2021.11.28-02.35.49:773][  0]LogDerivedDataCache: Display: Loaded Boot cache: C:/Users/Trevor/AppData/Local/UnrealEngine/4.27/DerivedDataCache/Boot.ddc
[2021.11.28-02.35.49:774][  0]LogDerivedDataCache: FDerivedDataBackendGraph:  Pak pak cache file ../../../../../GitHub/UnrealVPTeam15_Repository/VP_Project/DerivedDataCache/DDC.ddp not found, will not use a pak cache.
[2021.11.28-02.35.49:774][  0]LogDerivedDataCache: Unable to find inner node Pak for hierarchical cache Hierarchy.
[2021.11.28-02.35.49:774][  0]LogDerivedDataCache: FDerivedDataBackendGraph:  CompressedPak pak cache file ../../../../../GitHub/UnrealVPTeam15_Repository/VP_Project/DerivedDataCache/Compressed.ddp not found, will not use a pak cache.
[2021.11.28-02.35.49:774][  0]LogDerivedDataCache: Unable to find inner node CompressedPak for hierarchical cache Hierarchy.
[2021.11.28-02.35.49:786][  0]LogDerivedDataCache: Display: Pak cache opened for reading ../../../Engine/DerivedDataCache/Compressed.ddp.
[2021.11.28-02.35.49:786][  0]LogDerivedDataCache: FDerivedDataBackendGraph:  EnterprisePak pak cache file ../../../Enterprise/DerivedDataCache/Compressed.ddp not found, will not use a pak cache.
[2021.11.28-02.35.49:786][  0]LogDerivedDataCache: Unable to find inner node EnterprisePak for hierarchical cache Hierarchy.
[2021.11.28-02.35.49:790][  0]LogDerivedDataCache: Speed tests for C:/Users/Trevor/AppData/Local/UnrealEngine/Common/DerivedDataCache took 0.00 seconds
[2021.11.28-02.35.49:790][  0]LogDerivedDataCache: Display: Performance to C:/Users/Trevor/AppData/Local/UnrealEngine/Common/DerivedDataCache: Latency=0.02ms. RandomReadSpeed=1803.47MBs, RandomWriteSpeed=274.41MBs. Assigned SpeedClass 'Local'
[2021.11.28-02.35.49:790][  0]LogDerivedDataCache: Using Local data cache path C:/Users/Trevor/AppData/Local/UnrealEngine/Common/DerivedDataCache: Writable
[2021.11.28-02.35.49:791][  0]LogDerivedDataCache: Shared data cache path not found in *engine.ini, will not use an Shared cache.
[2021.11.28-02.35.49:791][  0]LogDerivedDataCache: Unable to find inner node Shared for hierarchical cache Hierarchy.
[2021.11.28-02.35.49:826][  0]LogSlate: Using FreeType 2.10.0
[2021.11.28-02.35.49:826][  0]LogSlate: SlateFontServices - WITH_FREETYPE: 1, WITH_HARFBUZZ: 1
[2021.11.28-02.35.49:842][  0]LogAssetRegistry: FAssetRegistry took 0.0019 seconds to start up
[2021.11.28-02.35.50:006][  0]LogInit: Selected Device Profile: [Windows]
[2021.11.28-02.35.50:006][  0]LogInit: Active device profile: [0000020847400B00][000002083CF7B4C0 49] Windows
[2021.11.28-02.35.50:006][  0]LogInit: Profiles: [0000020847400B00][000002083CF7B4C0 49] Windows, [00000208473DA200][000002083CF83640 49] WindowsNoEditor, [0000020847401900][000002083CF877C0 49] WindowsServer, [00000208473DAF00][0000020846DE3940 49] WindowsClient, [0000020847403C00][0000020846DE7AC0 49] IOS, [00000208473D8F00][0000020846DEA0C0 49] iPadAir, [0000020847403E00][0000020846DEE240 49] iPadAir2, [0000020847384D00][0000020846DF6500 49] IPadPro, [0000020847384E00][0000020846DF2540 49] iPadAir3, [00000208473DBC00][0000020846DFA6C0 49] iPadAir4, [0000020847387700][000002083CF7E800 49] iPadMini2, [00000208473DB200][0000020846DFE940 49] iPadMini3, [0000020847387900][0000020846E02A80 49] iPadMini4, [00000208473DB600][0000020846E06BC0 49] iPadMini5, [000002084738C600][0000020846E12E80 49] iPhone6, [000002084738C700][0000020846E0EEC0 49] iPodTouch6, [0000020847402600][0000020846E93180 49] iPhone7, [0000020847402800][0000020846E871C0 49] iPodTouch7, [000002084738C100][0000020846EA7340 49] iPhone5S, [0000020847384700][0000020846EAB4C0 49] iPhone6Plus, [000002084738E500][000002083C845640 49] iPhone6S, [0000020847385400][000002083C84D7C0 49] iPhone6SPlus, [000002084738FB00][0000020844A35940 49] iPhone7Plus, [0000020847387600][000002083CDEDAC0 49] iPhoneSE, [0000020847402C00][000002083CE240C0 49] iPhone8, [0000020847384600][000002083CE28240 49] iPhone8Plus, [0000020847402100][000002083CE2C3C0 49] iPhoneX, [0000020847386900][000002083CE38540 49] iPhoneXS, [0000020847403D00][000002083CE406C0 49] iPhoneXSMax, [0000020847386E00][000002083CE44840 49] iPhoneXR, [0000020847403F00][0000020846E0A980 49] iPhone11, [0000020847385F00][0000020849276AC0 49] iPhone11Pro, [0000020847400600][000002084927AC00 49] iPhone11ProMax, [0000020847386000][00000208492A4D40 49] iPhoneSE2, [0000020847403A00][00000208492B0EC0 49] iPhone12Mini, [0000020847386700][00000208492C1040 49] iPhone12, [0000020847402A00][00000208492CD1C0 49] iPhone12Pro, [0000020847384500][0000020846E75340 49] iPhone12ProMax, [0000020847403900][0000020846E794C0 49] iPadPro105, [0000020847385800][0000020846E7D640 49] iPadPro129, [0000020847400C00][000002083C8417C0 49] iPadPro97, [0000020847386400][0000020846E81940 49] iPadPro2_129, [0000020847400800][00000208496D9AC0 49] iPad5, [0000020847384400][00000208496DC0C0 49] iPad6, [0000020847401B00][0000020844992240 49] iPad7, [0000020847387500][0000020844A2C3C0 49] iPad8, [0000020847401F00][000002083CD1C540 49] iPadPro11, [0000020847385A00][000002083CD506C0 49] iPadPro2_11, [0000020847402500][000002083CD54840 49] iPadPro3_129, [0000020847386200][000002083CD589C0 49] iPadPro4_129, [0000020847401600][000002083CD98B40 49] AppleTV, [0000020847387D00][00000208492ACC80 49] AppleTV4K, [0000020847401A00][000002083CDA8DC0 49] TVOS, [0000020847384A00][000002083CDACF00 49] Mac, [0000020847402400][000002083CDB5080 49] MacClient, [0000020847386C00][000002083CDBD200 49] MacNoEditor, [0000020847403500][00000208457DD380 49] MacServer, [0000020847386300][00000208457E1500 49] Linux, [0000020847400300][00000208457E5680 49] LinuxAArch64, [0000020847386100][00000208457E9800 49] LinuxNoEditor, [0000020847402300][000002084581D980 49] LinuxAArch64NoEditor, [0000020847387C00][0000020845837B00 49] LinuxClient, [0000020847400F00][000002084583A100 49] LinuxAArch64Client, [0000020847385200][000002084583E280 49] LinuxServer, [0000020847403000][0000020845842400 49] LinuxAArch64Server, [0000020847385600][0000020845846580 49] Android, [0000020847401200][000002084584A700 49] Android_Low, [0000020847387E00][000002084584E880 49] Android_Mid, [0000020847400100][0000020845852A00 49] Android_High, [0000020847386A00][0000020845856B80 49] Android_Default, [0000020847401300][000002084585AD00 49] Android_Adreno4xx, [00000208473DA400][000002083CDB0E40 49] Android_Adreno5xx_Low, [000002084738DC00][000002084585EF80 49] Android_Adreno5xx, [00000208473DBF00][00000208458770C0 49] Android_Adreno6xx, [000002084738E700][0000020845887240 49] Android_Adreno6xx_Vulkan, [00000208473DB700][000002083C8253C0 49] Android_Mali_T6xx, [000002084738CF00][000002083C829540 49] Android_Mali_T7xx, [00000208473D9C00][000002083C82D6C0 49] Android_Mali_T8xx, [000002084738DF00][000002083C835840 49] Android_Mali_G71, [00000208473DAD00][000002083C8399C0 49] Android_Mali_G72, [000002084738EF00][000002083C83DB40 49] Android_Mali_G72_Vulkan, [00000208473DA600][00000208491AE140 49] Android_Mali_G76, [000002084738E200][000002084964A2C0 49] Android_Mali_G76_Vulkan, [00000208473D8E00][000002084964E440 49] Android_Mali_G77, [000002084738D400][00000208496525C0 49] Android_Mali_G77_Vulkan, [00000208473DB800][00000208496D2740 49] Android_Mali_G78, [000002084738D300][000002083C8308C0 49] Android_Mali_G78_Vulkan, [00000208473D9600][0000020849656A40 49] Android_Mali_G710, [000002084738FD00][000002084965ABC0 49] Android_Mali_G710_Vulkan, [00000208473D8700][0000020841478D40 49] Android_Vulkan_SM5, [000002084738DB00][000002084147CEC0 49] Android_PowerVR_G6xxx, [00000208473D8A00][0000020845883000 49] Android_PowerVR_GT7xxx, [000002084738C200][0000020841481140 49] Android_PowerVR_GE8xxx, [00000208473DB900][0000020841485280 49] Android_PowerVR_GM9xxx, [000002084738CA00][00000208414893C0 49] Android_PowerVR_GM9xxx_Vulkan, [00000208473D9000][000002084925D540 49] Android_TegraK1, [000002084738D700][00000208492616C0 49] Android_Unknown_Vulkan, [00000208473D9900][0000020849265840 49] Lumin, [000002084738FC00][00000208492699C0 49] Lumin_Desktop, [00000208473D9700][0000020844A0FB40 49] HoloLens, 
[2021.11.28-02.35.50:097][  0]LogMeshReduction: Using QuadricMeshReduction for automatic static mesh reduction
[2021.11.28-02.35.50:097][  0]LogMeshReduction: Using SimplygonMeshReduction for automatic skeletal mesh reduction
[2021.11.28-02.35.50:097][  0]LogMeshReduction: Using ProxyLODMeshReduction for automatic mesh merging
[2021.11.28-02.35.50:097][  0]LogMeshReduction: No distributed automatic mesh merging module available
[2021.11.28-02.35.50:097][  0]LogMeshMerging: No distributed automatic mesh merging module available
[2021.11.28-02.35.50:107][  0]LogNetVersion: VP_Project 1.0.0, NetCL: 17155196, EngineNetVer: 17, GameNetVer: 0 (Checksum: 2314028429)
[2021.11.28-02.35.50:349][  0]LogTexture: Default maximum texture size for cubemaps generated from long-lat sources has been changed from 512 to unlimited. In order to preserve old behaiour for '/Engine/MapTemplates/Sky/DaylightAmbientCubemap.DaylightAmbientCubemap', its maximum texture size has been explicitly set to 512.
[2021.11.28-02.35.50:388][  0]LogHMD: PokeAHoleMaterial loaded successfully
[2021.11.28-02.35.50:393][  0]LogUObjectArray: 17178 objects as part of root set at end of initial load.
[2021.11.28-02.35.50:393][  0]LogUObjectAllocator: 4301856 out of 0 bytes used by permanent object pool.
[2021.11.28-02.35.50:393][  0]LogUObjectArray: CloseDisregardForGC: 0/0 objects in disregard for GC pool
[2021.11.28-02.35.50:494][  0]LogNiagaraDebuggerClient: Niagara Debugger Client Initialized | Session: E49FB9A8419F30A9E849E18EDDB44B03 | Instance: 0E8A0F3C4AA5E69E1586168ED6A88F5A (TREVORPC-6492).
[2021.11.28-02.35.50:629][  0]LogImageWrapper: Warning: PNG Warning: Duplicate iCCP chunk
[2021.11.28-02.35.50:629][  0]LogImageWrapper: Warning: PNG Warning: Duplicate iCCP chunk
[2021.11.28-02.35.50:629][  0]LogTcpMessaging: Initializing TcpMessaging bridge
[2021.11.28-02.35.50:632][  0]LogUdpMessaging: Initializing bridge on interface 0.0.0.0:0 to multicast group 230.0.0.1:6666.
[2021.11.28-02.35.50:670][  0]LogPython: Using Python 3.7.7
[2021.11.28-02.35.51:114][  0]SourceControl: Source control is disabled
[2021.11.28-02.35.51:114][  0]SourceControl: Source control is disabled
[2021.11.28-02.35.51:119][  0]SourceControl: Source control is disabled
[2021.11.28-02.35.51:121][  0]SourceControl: Source control is disabled
[2021.11.28-02.35.51:126][  0]SourceControl: Source control is disabled
[2021.11.28-02.35.51:128][  0]LogUProjectInfo: Found projects:
[2021.11.28-02.35.51:231][  0]LogAndroidPermission: UAndroidPermissionCallbackProxy::GetInstance
[2021.11.28-02.35.51:257][  0]LogAudioCaptureCore: Display: No Audio Capture implementations found. Audio input will be silent.
[2021.11.28-02.35.51:257][  0]LogAudioCaptureCore: Display: No Audio Capture implementations found. Audio input will be silent.
[2021.11.28-02.35.51:364][  0]LogOpenImageDenoise: OIDN starting up
[2021.11.28-02.35.51:393][  0]LogCollectionManager: Loaded 0 collections in 0.000603 seconds
[2021.11.28-02.35.51:410][  0]LogFileCache: Scanning file cache for directory 'D:/GitHub/UnrealVPTeam15_Repository/VP_Project/Saved/Collections/' took 0.00s
[2021.11.28-02.35.51:410][  0]LogFileCache: Scanning file cache for directory 'D:/GitHub/UnrealVPTeam15_Repository/VP_Project/Content/Developers/Trevor/Collections/' took 0.00s
[2021.11.28-02.35.51:410][  0]LogFileCache: Scanning file cache for directory 'D:/GitHub/UnrealVPTeam15_Repository/VP_Project/Content/Collections/' took 0.00s
[2021.11.28-02.35.51:410][  0]LogOcInput: OculusInput pre-init called
[2021.11.28-02.35.51:575][  0]LogImageWrapper: Warning: PNG Warning: Duplicate iCCP chunk
[2021.11.28-02.35.51:575][  0]LogImageWrapper: Warning: PNG Warning: Duplicate iCCP chunk
[2021.11.28-02.35.51:575][  0]LogEngine: Initializing Engine...
[2021.11.28-02.35.51:577][  0]LogHMD: Failed to enumerate extensions. Please check that you have a valid OpenXR runtime installed.
[2021.11.28-02.35.51:577][  0]LogHMD: Failed to initialize OpenVR with code 110
[2021.11.28-02.35.51:577][  0]LogMagicLeap: Warning: VR disabled because ZI is not enabled.  To enable, in the editor, Edit -> Project Settings -> Plugins -> Magic Leap Plugin -> Enable Zero Iteration
[2021.11.28-02.35.51:577][  0]LogStats: UGameplayTagsManager::InitializeManager -  0.000 s
[2021.11.28-02.35.51:673][  0]LogInit: Initializing FReadOnlyCVARCache
[2021.11.28-02.35.51:679][  0]LogAIModule: Creating AISystem for world Untitled
[2021.11.28-02.35.51:686][  0]LogAudio: Display: Initializing Audio Device Manager...
[2021.11.28-02.35.51:689][  0]LogAudio: Display: Loading Default Audio Settings Objects...
[2021.11.28-02.35.51:689][  0]LogAudio: Display: No default SoundConcurrencyObject specified (or failed to load).
[2021.11.28-02.35.51:690][  0]LogAudio: Display: Audio Device Manager Initialized
[2021.11.28-02.35.51:690][  0]LogAudio: Display: Creating Audio Device:                 Id: 1, Scope: Shared, Realtime: True
[2021.11.28-02.35.51:690][  0]LogAudioMixer: Display: Audio Mixer Platform Settings:
[2021.11.28-02.35.51:690][  0]LogAudioMixer: Display: 	Sample Rate:						  48000
[2021.11.28-02.35.51:690][  0]LogAudioMixer: Display: 	Callback Buffer Frame Size Requested: 1024
[2021.11.28-02.35.51:690][  0]LogAudioMixer: Display: 	Callback Buffer Frame Size To Use:	  1024
[2021.11.28-02.35.51:690][  0]LogAudioMixer: Display: 	Number of buffers to queue:			  2
[2021.11.28-02.35.51:690][  0]LogAudioMixer: Display: 	Max Channels (voices):				  32
[2021.11.28-02.35.51:690][  0]LogAudioMixer: Display: 	Number of Async Source Workers:		  0
[2021.11.28-02.35.51:690][  0]LogAudio: Display: AudioDevice MaxSources: 32
[2021.11.28-02.35.51:690][  0]LogAudio: Display: Audio Spatialization Plugin: None (built-in).
[2021.11.28-02.35.51:690][  0]LogAudio: Display: Audio Reverb Plugin: None (built-in).
[2021.11.28-02.35.51:690][  0]LogAudio: Display: Audio Occlusion Plugin: None (built-in).
[2021.11.28-02.35.51:690][  0]LogAudioMixer: Display: Initializing audio mixer.
[2021.11.28-02.35.51:699][  0]LogAudioMixer: Display: 0: FrontLeft
[2021.11.28-02.35.51:699][  0]LogAudioMixer: Display: 1: FrontRight
[2021.11.28-02.35.51:713][  0]LogAudioMixer: Display: Using Audio Device Headset Earphone (HyperX Virtual Surround Sound)
[2021.11.28-02.35.51:715][  0]LogAudioMixer: Display: Initializing Sound Submixes...
[2021.11.28-02.35.51:716][  0]LogAudioMixer: Display: Creating Master Submix 'MasterSubmixDefault'
[2021.11.28-02.35.51:716][  0]LogAudioMixer: Display: Creating Master Submix 'MasterReverbSubmixDefault'
[2021.11.28-02.35.51:717][  0]LogAudioMixer: Display: Creating Master Submix 'MasterEQSubmixDefault'
[2021.11.28-02.35.51:717][  0]LogAudioMixer: FMixerPlatformXAudio2::StartAudioStream() called
[2021.11.28-02.35.51:717][  0]LogAudioMixer: Display: Output buffers initialized: Frames=1024, Channels=2, Samples=2048
[2021.11.28-02.35.51:717][  0]LogAudioMixer: Display: Starting AudioMixerPlatformInterface::RunInternal()
[2021.11.28-02.35.51:717][  0]LogAudioMixer: Display: FMixerPlatformXAudio2::SubmitBuffer() called for the first time
[2021.11.28-02.35.51:717][  0]LogInit: FAudioDevice initialized.
[2021.11.28-02.35.51:718][  0]LogAudio: Display: Audio Device (ID: 1) registered with world 'Untitled'.
[2021.11.28-02.35.51:718][  0]LogNetVersion: Set ProjectVersion to 1.0.0.0. Version Checksum will be recalculated on next use.
[2021.11.28-02.35.51:785][  0]LogDerivedDataCache: Saved boot cache 0.07s 94MB C:/Users/Trevor/AppData/Local/UnrealEngine/4.27/DerivedDataCache/Boot.ddc.
[2021.11.28-02.35.51:786][  0]LogInit: Texture streaming: Enabled
[2021.11.28-02.35.51:795][  0]LogAnalytics: Display: [UEEditor.Rocket.Release] APIServer = https://datarouter.ol.epicgames.com/. AppVersion = 4.27.1-17735300+++UE4+Release-4.27
[2021.11.28-02.35.51:797][  0]LogEngineSessionManager: EngineSessionManager initialized
[2021.11.28-02.35.51:797][  0]LogEditorSessionSummary: Verbose: Initializing EditorSessionSummaryWriter for editor session tracking
[2021.11.28-02.35.51:799][  0]LogEditorSessionSummary: EditorSessionSummaryWriter initialized
[2021.11.28-02.35.51:815][  0]LogInit: Transaction tracking system initialized
[2021.11.28-02.35.51:828][  0]BlueprintLog: New page: Editor Load
[2021.11.28-02.35.52:920][  0]LocalizationService: Localization service is disabled
[2021.11.28-02.35.52:934][  0]TimingProfiler: Initialize
[2021.11.28-02.35.52:935][  0]TimingProfiler: OnSessionChanged
[2021.11.28-02.35.52:935][  0]LoadingProfiler: Initialize
[2021.11.28-02.35.52:935][  0]LoadingProfiler: OnSessionChanged
[2021.11.28-02.35.52:935][  0]NetworkingProfiler: Initialize
[2021.11.28-02.35.52:935][  0]NetworkingProfiler: OnSessionChanged
[2021.11.28-02.35.52:935][  0]MemoryProfiler: Initialize
[2021.11.28-02.35.52:935][  0]MemoryProfiler: OnSessionChanged
[2021.11.28-02.35.53:020][  0]LogCook: Display: CookSettings for Memory: MemoryMaxUsedVirtual 0MiB, MemoryMaxUsedPhysical 16384MiB, MemoryMinFreeVirtual 0MiB, MemoryMinFreePhysical 1024MiB
[2021.11.28-02.35.53:020][  0]LogCook: Display: Mobile HDR setting 1
[2021.11.28-02.35.53:256][  0]LogImageWrapper: Warning: PNG Warning: Duplicate iCCP chunk
[2021.11.28-02.35.53:256][  0]LogImageWrapper: Warning: PNG Warning: Duplicate iCCP chunk
[2021.11.28-02.35.53:256][  0]LogInit: Display: Engine is initialized. Leaving FEngineLoop::Init()
[2021.11.28-02.35.53:258][  0]SourceControl: Source control is disabled
[2021.11.28-02.35.53:258][  0]LogUnrealEdMisc: Loading editor; pre map load, took 5.684
[2021.11.28-02.35.53:258][  0]Cmd: MAP LOAD FILE="../../../../../GitHub/UnrealVPTeam15_Repository/VP_Project/Content/StarterContent/Maps/Minimal_Default.umap" TEMPLATE=0 SHOWPROGRESS=1 FEATURELEVEL=3
[2021.11.28-02.35.53:258][  0]LightingResults: New page: Lighting Build
[2021.11.28-02.35.53:259][  0]LogWorld: UWorld::CleanupWorld for Untitled, bSessionEnded=true, bCleanupResources=true
[2021.11.28-02.35.53:259][  0]LogSlate: InvalidateAllWidgets triggered.  All widgets were invalidated
[2021.11.28-02.35.53:259][  0]MapCheck: New page: Map Check
[2021.11.28-02.35.53:259][  0]LightingResults: New page: Lighting Build
[2021.11.28-02.35.53:263][  0]LogAudio: Display: Audio Device unregistered from world 'None'.
[2021.11.28-02.35.53:265][  0]LogUObjectHash: Compacting FUObjectHashTables data took   0.63ms
[2021.11.28-02.35.53:335][  0]LogTexture: Display: Building textures: DeprecatedTextureD6C57B644F03DADF4F2699848FAEA3C3 (BGRA8, 128X128)
[2021.11.28-02.35.53:338][  0]LogTexture: Display: Building textures: DeprecatedTexture8D91C9AE4C6B8D628CDA3C848426284A (BGRA8, 128X128)
[2021.11.28-02.35.53:363][  0]LogAudio: Display: Audio Device (ID: 1) registered with world 'Minimal_Default'.
[2021.11.28-02.35.53:363][  0]LogAIModule: Creating AISystem for world Minimal_Default
[2021.11.28-02.35.53:367][  0]LogEditorServer: Finished looking for orphan Actors (0.000 secs)
[2021.11.28-02.35.53:371][  0]LogUObjectHash: Compacting FUObjectHashTables data took   0.63ms
[2021.11.28-02.35.53:372][  0]Cmd: MAP CHECKDEP NOCLEARLOG
[2021.11.28-02.35.53:372][  0]MapCheck: Map check complete: 0 Error(s), 0 Warning(s), took 0.077ms to complete.
[2021.11.28-02.35.53:372][  0]LogFileHelpers: Loading map 'Minimal_Default' took 0.113
[2021.11.28-02.35.53:373][  0]LogUnrealEdMisc: Total Editor Startup Time, took 5.799
[2021.11.28-02.35.53:656][  0]LogSlate: Only BGRA pngs, bmps or icos are supported in by External Image Picker
[2021.11.28-02.35.53:709][  0]LogSlate: Updating window title bar state: overlay mode, drag disabled, window buttons hidden, title bar hidden
[2021.11.28-02.35.53:714][  0]LogSlate: Updating window title bar state: overlay mode, drag disabled, window buttons hidden, title bar hidden
[2021.11.28-02.35.53:720][  0]LogSlate: Updating window title bar state: overlay mode, drag disabled, window buttons hidden, title bar hidden
[2021.11.28-02.35.53:724][  0]LogSlate: Updating window title bar state: overlay mode, drag disabled, window buttons hidden, title bar hidden
[2021.11.28-02.35.53:734][  0]LogNativeClassHierarchy: Verbose: Native class hierarchy populated in 0.0072 seconds. Added 3822 classes and 928 folders.
[2021.11.28-02.35.53:748][  0]LogNativeClassHierarchy: Verbose: Native class hierarchy updated for 'WidgetCarousel' in 0.0002 seconds. Added 0 classes and 0 folders.
[2021.11.28-02.35.53:749][  0]LogPakFile: PakFile PrimaryIndexSize=187
[2021.11.28-02.35.53:749][  0]LogPakFile: PakFile PathHashIndexSize=101
[2021.11.28-02.35.53:749][  0]LogPakFile: PakFile FullDirectoryIndexSize=148
[2021.11.28-02.35.53:749][  0]LogShaderLibrary: Display: ShaderCodeLibraryPakFileMountedCallback: PakFile 'D:/Unreal Engine/UE_4.27/FeaturePacks/FP_FirstPerson.upack' (chunk index -1, root 'root:/') mounted
[2021.11.28-02.35.53:749][  0]LogShaderLibrary: Display: ShaderCodeLibraryPakFileMountedCallback: pending pak file info (ChunkID:-1 Root:root:/ File:D:/Unreal Engine/UE_4.27/FeaturePacks/FP_FirstPerson.upack)
[2021.11.28-02.35.53:749][  0]LogPakFile: OnPakFileMounted2Time == 0.000040
[2021.11.28-02.35.53:750][  0]LogPakFile: PakFile PrimaryIndexSize=189
[2021.11.28-02.35.53:750][  0]LogPakFile: PakFile PathHashIndexSize=101
[2021.11.28-02.35.53:750][  0]LogPakFile: PakFile FullDirectoryIndexSize=152
[2021.11.28-02.35.53:750][  0]LogShaderLibrary: Display: ShaderCodeLibraryPakFileMountedCallback: PakFile 'D:/Unreal Engine/UE_4.27/FeaturePacks/FP_FirstPersonBP.upack' (chunk index -1, root 'root:/') mounted
[2021.11.28-02.35.53:750][  0]LogShaderLibrary: Display: ShaderCodeLibraryPakFileMountedCallback: pending pak file info (ChunkID:-1 Root:root:/ File:D:/Unreal Engine/UE_4.27/FeaturePacks/FP_FirstPersonBP.upack)
[2021.11.28-02.35.53:750][  0]LogPakFile: OnPakFileMounted2Time == 0.000027
[2021.11.28-02.35.53:750][  0]LogPakFile: PakFile PrimaryIndexSize=191
[2021.11.28-02.35.53:750][  0]LogPakFile: PakFile PathHashIndexSize=101
[2021.11.28-02.35.53:750][  0]LogPakFile: PakFile FullDirectoryIndexSize=160
[2021.11.28-02.35.53:750][  0]LogShaderLibrary: Display: ShaderCodeLibraryPakFileMountedCallback: PakFile 'D:/Unreal Engine/UE_4.27/FeaturePacks/MobileStarterContent.upack' (chunk index -1, root 'root:/') mounted
[2021.11.28-02.35.53:750][  0]LogShaderLibrary: Display: ShaderCodeLibraryPakFileMountedCallback: pending pak file info (ChunkID:-1 Root:root:/ File:D:/Unreal Engine/UE_4.27/FeaturePacks/MobileStarterContent.upack)
[2021.11.28-02.35.53:750][  0]LogPakFile: OnPakFileMounted2Time == 0.000026
[2021.11.28-02.35.53:750][  0]LogPakFile: PakFile PrimaryIndexSize=185
[2021.11.28-02.35.53:750][  0]LogPakFile: PakFile PathHashIndexSize=101
[2021.11.28-02.35.53:750][  0]LogPakFile: PakFile FullDirectoryIndexSize=148
[2021.11.28-02.35.53:750][  0]LogShaderLibrary: Display: ShaderCodeLibraryPakFileMountedCallback: PakFile 'D:/Unreal Engine/UE_4.27/FeaturePacks/StarterContent.upack' (chunk index -1, root 'root:/') mounted
[2021.11.28-02.35.53:750][  0]LogShaderLibrary: Display: ShaderCodeLibraryPakFileMountedCallback: pending pak file info (ChunkID:-1 Root:root:/ File:D:/Unreal Engine/UE_4.27/FeaturePacks/StarterContent.upack)
[2021.11.28-02.35.53:750][  0]LogPakFile: OnPakFileMounted2Time == 0.000026
[2021.11.28-02.35.53:751][  0]LogPakFile: PakFile PrimaryIndexSize=190
[2021.11.28-02.35.53:751][  0]LogPakFile: PakFile PathHashIndexSize=101
[2021.11.28-02.35.53:751][  0]LogPakFile: PakFile FullDirectoryIndexSize=154
[2021.11.28-02.35.53:751][  0]LogShaderLibrary: Display: ShaderCodeLibraryPakFileMountedCallback: PakFile 'D:/Unreal Engine/UE_4.27/FeaturePacks/TP_2DSideScroller.upack' (chunk index -1, root 'root:/') mounted
[2021.11.28-02.35.53:751][  0]LogShaderLibrary: Display: ShaderCodeLibraryPakFileMountedCallback: pending pak file info (ChunkID:-1 Root:root:/ File:D:/Unreal Engine/UE_4.27/FeaturePacks/TP_2DSideScroller.upack)
[2021.11.28-02.35.53:751][  0]LogPakFile: OnPakFileMounted2Time == 0.000026
[2021.11.28-02.35.53:751][  0]LogPakFile: PakFile PrimaryIndexSize=192
[2021.11.28-02.35.53:751][  0]LogPakFile: PakFile PathHashIndexSize=101
[2021.11.28-02.35.53:751][  0]LogPakFile: PakFile FullDirectoryIndexSize=158
[2021.11.28-02.35.53:751][  0]LogShaderLibrary: Display: ShaderCodeLibraryPakFileMountedCallback: PakFile 'D:/Unreal Engine/UE_4.27/FeaturePacks/TP_2DSideScrollerBP.upack' (chunk index -1, root 'root:/') mounted
[2021.11.28-02.35.53:751][  0]LogShaderLibrary: Display: ShaderCodeLibraryPakFileMountedCallback: pending pak file info (ChunkID:-1 Root:root:/ File:D:/Unreal Engine/UE_4.27/FeaturePacks/TP_2DSideScrollerBP.upack)
[2021.11.28-02.35.53:751][  0]LogPakFile: OnPakFileMounted2Time == 0.000024
[2021.11.28-02.35.53:751][  0]LogPakFile: PakFile PrimaryIndexSize=182
[2021.11.28-02.35.53:751][  0]LogPakFile: PakFile PathHashIndexSize=101
[2021.11.28-02.35.53:751][  0]LogPakFile: PakFile FullDirectoryIndexSize=138
[2021.11.28-02.35.53:751][  0]LogShaderLibrary: Display: ShaderCodeLibraryPakFileMountedCallback: PakFile 'D:/Unreal Engine/UE_4.27/FeaturePacks/TP_Flying.upack' (chunk index -1, root 'root:/') mounted
[2021.11.28-02.35.53:751][  0]LogShaderLibrary: Display: ShaderCodeLibraryPakFileMountedCallback: pending pak file info (ChunkID:-1 Root:root:/ File:D:/Unreal Engine/UE_4.27/FeaturePacks/TP_Flying.upack)
[2021.11.28-02.35.53:751][  0]LogPakFile: OnPakFileMounted2Time == 0.000024
[2021.11.28-02.35.53:752][  0]LogPakFile: PakFile PrimaryIndexSize=184
[2021.11.28-02.35.53:752][  0]LogPakFile: PakFile PathHashIndexSize=101
[2021.11.28-02.35.53:752][  0]LogPakFile: PakFile FullDirectoryIndexSize=142
[2021.11.28-02.35.53:752][  0]LogShaderLibrary: Display: ShaderCodeLibraryPakFileMountedCallback: PakFile 'D:/Unreal Engine/UE_4.27/FeaturePacks/TP_FlyingBP.upack' (chunk index -1, root 'root:/') mounted
[2021.11.28-02.35.53:752][  0]LogShaderLibrary: Display: ShaderCodeLibraryPakFileMountedCallback: pending pak file info (ChunkID:-1 Root:root:/ File:D:/Unreal Engine/UE_4.27/FeaturePacks/TP_FlyingBP.upack)
[2021.11.28-02.35.53:752][  0]LogPakFile: OnPakFileMounted2Time == 0.000024
[2021.11.28-02.35.53:752][  0]LogPakFile: PakFile PrimaryIndexSize=188
[2021.11.28-02.35.53:752][  0]LogPakFile: PakFile PathHashIndexSize=101
[2021.11.28-02.35.53:752][  0]LogPakFile: PakFile FullDirectoryIndexSize=150
[2021.11.28-02.35.53:752][  0]LogShaderLibrary: Display: ShaderCodeLibraryPakFileMountedCallback: PakFile 'D:/Unreal Engine/UE_4.27/FeaturePacks/TP_HandheldARBP.upack' (chunk index -1, root 'root:/') mounted
[2021.11.28-02.35.53:752][  0]LogShaderLibrary: Display: ShaderCodeLibraryPakFileMountedCallback: pending pak file info (ChunkID:-1 Root:root:/ File:D:/Unreal Engine/UE_4.27/FeaturePacks/TP_HandheldARBP.upack)
[2021.11.28-02.35.53:752][  0]LogPakFile: OnPakFileMounted2Time == 0.000024
[2021.11.28-02.35.53:753][  0]LogPakFile: PakFile PrimaryIndexSize=182
[2021.11.28-02.35.53:753][  0]LogPakFile: PakFile PathHashIndexSize=101
[2021.11.28-02.35.53:753][  0]LogPakFile: PakFile FullDirectoryIndexSize=138
[2021.11.28-02.35.53:753][  0]LogShaderLibrary: Display: ShaderCodeLibraryPakFileMountedCallback: PakFile 'D:/Unreal Engine/UE_4.27/FeaturePacks/TP_Puzzle.upack' (chunk index -1, root 'root:/') mounted
[2021.11.28-02.35.53:753][  0]LogShaderLibrary: Display: ShaderCodeLibraryPakFileMountedCallback: pending pak file info (ChunkID:-1 Root:root:/ File:D:/Unreal Engine/UE_4.27/FeaturePacks/TP_Puzzle.upack)
[2021.11.28-02.35.53:753][  0]LogPakFile: OnPakFileMounted2Time == 0.000024
[2021.11.28-02.35.53:753][  0]LogPakFile: PakFile PrimaryIndexSize=184
[2021.11.28-02.35.53:753][  0]LogPakFile: PakFile PathHashIndexSize=101
[2021.11.28-02.35.53:753][  0]LogPakFile: PakFile FullDirectoryIndexSize=142
[2021.11.28-02.35.53:753][  0]LogShaderLibrary: Display: ShaderCodeLibraryPakFileMountedCallback: PakFile 'D:/Unreal Engine/UE_4.27/FeaturePacks/TP_PuzzleBP.upack' (chunk index -1, root 'root:/') mounted
[2021.11.28-02.35.53:753][  0]LogShaderLibrary: Display: ShaderCodeLibraryPakFileMountedCallback: pending pak file info (ChunkID:-1 Root:root:/ File:D:/Unreal Engine/UE_4.27/FeaturePacks/TP_PuzzleBP.upack)
[2021.11.28-02.35.53:753][  0]LogPakFile: OnPakFileMounted2Time == 0.000030
[2021.11.28-02.35.53:753][  0]LogPakFile: PakFile PrimaryIndexSize=183
[2021.11.28-02.35.53:753][  0]LogPakFile: PakFile PathHashIndexSize=101
[2021.11.28-02.35.53:753][  0]LogPakFile: PakFile FullDirectoryIndexSize=140
[2021.11.28-02.35.53:753][  0]LogShaderLibrary: Display: ShaderCodeLibraryPakFileMountedCallback: PakFile 'D:/Unreal Engine/UE_4.27/FeaturePacks/TP_Rolling.upack' (chunk index -1, root 'root:/') mounted
[2021.11.28-02.35.53:753][  0]LogShaderLibrary: Display: ShaderCodeLibraryPakFileMountedCallback: pending pak file info (ChunkID:-1 Root:root:/ File:D:/Unreal Engine/UE_4.27/FeaturePacks/TP_Rolling.upack)
[2021.11.28-02.35.53:753][  0]LogPakFile: OnPakFileMounted2Time == 0.000024
[2021.11.28-02.35.53:754][  0]LogPakFile: PakFile PrimaryIndexSize=185
[2021.11.28-02.35.53:754][  0]LogPakFile: PakFile PathHashIndexSize=101
[2021.11.28-02.35.53:754][  0]LogPakFile: PakFile FullDirectoryIndexSize=144
[2021.11.28-02.35.53:754][  0]LogShaderLibrary: Display: ShaderCodeLibraryPakFileMountedCallback: PakFile 'D:/Unreal Engine/UE_4.27/FeaturePacks/TP_RollingBP.upack' (chunk index -1, root 'root:/') mounted
[2021.11.28-02.35.53:754][  0]LogShaderLibrary: Display: ShaderCodeLibraryPakFileMountedCallback: pending pak file info (ChunkID:-1 Root:root:/ File:D:/Unreal Engine/UE_4.27/FeaturePacks/TP_RollingBP.upack)
[2021.11.28-02.35.53:754][  0]LogPakFile: OnPakFileMounted2Time == 0.000024
[2021.11.28-02.35.53:754][  0]LogPakFile: PakFile PrimaryIndexSize=188
[2021.11.28-02.35.53:754][  0]LogPakFile: PakFile PathHashIndexSize=101
[2021.11.28-02.35.53:754][  0]LogPakFile: PakFile FullDirectoryIndexSize=150
[2021.11.28-02.35.53:754][  0]LogShaderLibrary: Display: ShaderCodeLibraryPakFileMountedCallback: PakFile 'D:/Unreal Engine/UE_4.27/FeaturePacks/TP_SideScroller.upack' (chunk index -1, root 'root:/') mounted
[2021.11.28-02.35.53:754][  0]LogShaderLibrary: Display: ShaderCodeLibraryPakFileMountedCallback: pending pak file info (ChunkID:-1 Root:root:/ File:D:/Unreal Engine/UE_4.27/FeaturePacks/TP_SideScroller.upack)
[2021.11.28-02.35.53:754][  0]LogPakFile: OnPakFileMounted2Time == 0.000024
[2021.11.28-02.35.53:754][  0]LogPakFile: PakFile PrimaryIndexSize=190
[2021.11.28-02.35.53:754][  0]LogPakFile: PakFile PathHashIndexSize=101
[2021.11.28-02.35.53:754][  0]LogPakFile: PakFile FullDirectoryIndexSize=154
[2021.11.28-02.35.53:754][  0]LogShaderLibrary: Display: ShaderCodeLibraryPakFileMountedCallback: PakFile 'D:/Unreal Engine/UE_4.27/FeaturePacks/TP_SideScrollerBP.upack' (chunk index -1, root 'root:/') mounted
[2021.11.28-02.35.53:754][  0]LogShaderLibrary: Display: ShaderCodeLibraryPakFileMountedCallback: pending pak file info (ChunkID:-1 Root:root:/ File:D:/Unreal Engine/UE_4.27/FeaturePacks/TP_SideScrollerBP.upack)
[2021.11.28-02.35.53:754][  0]LogPakFile: OnPakFileMounted2Time == 0.000024
[2021.11.28-02.35.53:755][  0]LogPakFile: PakFile PrimaryIndexSize=187
[2021.11.28-02.35.53:755][  0]LogPakFile: PakFile PathHashIndexSize=101
[2021.11.28-02.35.53:755][  0]LogPakFile: PakFile FullDirectoryIndexSize=148
[2021.11.28-02.35.53:755][  0]LogShaderLibrary: Display: ShaderCodeLibraryPakFileMountedCallback: PakFile 'D:/Unreal Engine/UE_4.27/FeaturePacks/TP_ThirdPerson.upack' (chunk index -1, root 'root:/') mounted
[2021.11.28-02.35.53:755][  0]LogShaderLibrary: Display: ShaderCodeLibraryPakFileMountedCallback: pending pak file info (ChunkID:-1 Root:root:/ File:D:/Unreal Engine/UE_4.27/FeaturePacks/TP_ThirdPerson.upack)
[2021.11.28-02.35.53:755][  0]LogPakFile: OnPakFileMounted2Time == 0.000024
[2021.11.28-02.35.53:755][  0]LogPakFile: PakFile PrimaryIndexSize=189
[2021.11.28-02.35.53:755][  0]LogPakFile: PakFile PathHashIndexSize=101
[2021.11.28-02.35.53:755][  0]LogPakFile: PakFile FullDirectoryIndexSize=152
[2021.11.28-02.35.53:755][  0]LogShaderLibrary: Display: ShaderCodeLibraryPakFileMountedCallback: PakFile 'D:/Unreal Engine/UE_4.27/FeaturePacks/TP_ThirdPersonBP.upack' (chunk index -1, root 'root:/') mounted
[2021.11.28-02.35.53:755][  0]LogShaderLibrary: Display: ShaderCodeLibraryPakFileMountedCallback: pending pak file info (ChunkID:-1 Root:root:/ File:D:/Unreal Engine/UE_4.27/FeaturePacks/TP_ThirdPersonBP.upack)
[2021.11.28-02.35.53:755][  0]LogPakFile: OnPakFileMounted2Time == 0.000024
[2021.11.28-02.35.53:755][  0]LogPakFile: PakFile PrimaryIndexSize=183
[2021.11.28-02.35.53:755][  0]LogPakFile: PakFile PathHashIndexSize=101
[2021.11.28-02.35.53:755][  0]LogPakFile: PakFile FullDirectoryIndexSize=140
[2021.11.28-02.35.53:755][  0]LogShaderLibrary: Display: ShaderCodeLibraryPakFileMountedCallback: PakFile 'D:/Unreal Engine/UE_4.27/FeaturePacks/TP_TopDown.upack' (chunk index -1, root 'root:/') mounted
[2021.11.28-02.35.53:755][  0]LogShaderLibrary: Display: ShaderCodeLibraryPakFileMountedCallback: pending pak file info (ChunkID:-1 Root:root:/ File:D:/Unreal Engine/UE_4.27/FeaturePacks/TP_TopDown.upack)
[2021.11.28-02.35.53:755][  0]LogPakFile: OnPakFileMounted2Time == 0.000029
[2021.11.28-02.35.53:756][  0]LogPakFile: PakFile PrimaryIndexSize=185
[2021.11.28-02.35.53:756][  0]LogPakFile: PakFile PathHashIndexSize=101
[2021.11.28-02.35.53:756][  0]LogPakFile: PakFile FullDirectoryIndexSize=144
[2021.11.28-02.35.53:756][  0]LogShaderLibrary: Display: ShaderCodeLibraryPakFileMountedCallback: PakFile 'D:/Unreal Engine/UE_4.27/FeaturePacks/TP_TopDownBP.upack' (chunk index -1, root 'root:/') mounted
[2021.11.28-02.35.53:756][  0]LogShaderLibrary: Display: ShaderCodeLibraryPakFileMountedCallback: pending pak file info (ChunkID:-1 Root:root:/ File:D:/Unreal Engine/UE_4.27/FeaturePacks/TP_TopDownBP.upack)
[2021.11.28-02.35.53:756][  0]LogPakFile: OnPakFileMounted2Time == 0.000028
[2021.11.28-02.35.53:756][  0]LogPakFile: PakFile PrimaryIndexSize=185
[2021.11.28-02.35.53:756][  0]LogPakFile: PakFile PathHashIndexSize=101
[2021.11.28-02.35.53:756][  0]LogPakFile: PakFile FullDirectoryIndexSize=144
[2021.11.28-02.35.53:756][  0]LogShaderLibrary: Display: ShaderCodeLibraryPakFileMountedCallback: PakFile 'D:/Unreal Engine/UE_4.27/FeaturePacks/TP_TwinStick.upack' (chunk index -1, root 'root:/') mounted
[2021.11.28-02.35.53:756][  0]LogShaderLibrary: Display: ShaderCodeLibraryPakFileMountedCallback: pending pak file info (ChunkID:-1 Root:root:/ File:D:/Unreal Engine/UE_4.27/FeaturePacks/TP_TwinStick.upack)
[2021.11.28-02.35.53:756][  0]LogPakFile: OnPakFileMounted2Time == 0.000024
[2021.11.28-02.35.53:756][  0]LogPakFile: PakFile PrimaryIndexSize=187
[2021.11.28-02.35.53:756][  0]LogPakFile: PakFile PathHashIndexSize=101
[2021.11.28-02.35.53:756][  0]LogPakFile: PakFile FullDirectoryIndexSize=148
[2021.11.28-02.35.53:756][  0]LogShaderLibrary: Display: ShaderCodeLibraryPakFileMountedCallback: PakFile 'D:/Unreal Engine/UE_4.27/FeaturePacks/TP_TwinStickBP.upack' (chunk index -1, root 'root:/') mounted
[2021.11.28-02.35.53:756][  0]LogShaderLibrary: Display: ShaderCodeLibraryPakFileMountedCallback: pending pak file info (ChunkID:-1 Root:root:/ File:D:/Unreal Engine/UE_4.27/FeaturePacks/TP_TwinStickBP.upack)
[2021.11.28-02.35.53:756][  0]LogPakFile: OnPakFileMounted2Time == 0.000024
[2021.11.28-02.35.53:757][  0]LogPakFile: PakFile PrimaryIndexSize=183
[2021.11.28-02.35.53:757][  0]LogPakFile: PakFile PathHashIndexSize=101
[2021.11.28-02.35.53:757][  0]LogPakFile: PakFile FullDirectoryIndexSize=140
[2021.11.28-02.35.53:757][  0]LogShaderLibrary: Display: ShaderCodeLibraryPakFileMountedCallback: PakFile 'D:/Unreal Engine/UE_4.27/FeaturePacks/TP_Vehicle.upack' (chunk index -1, root 'root:/') mounted
[2021.11.28-02.35.53:757][  0]LogShaderLibrary: Display: ShaderCodeLibraryPakFileMountedCallback: pending pak file info (ChunkID:-1 Root:root:/ File:D:/Unreal Engine/UE_4.27/FeaturePacks/TP_Vehicle.upack)
[2021.11.28-02.35.53:757][  0]LogPakFile: OnPakFileMounted2Time == 0.000024
[2021.11.28-02.35.53:757][  0]LogPakFile: PakFile PrimaryIndexSize=186
[2021.11.28-02.35.53:757][  0]LogPakFile: PakFile PathHashIndexSize=101
[2021.11.28-02.35.53:757][  0]LogPakFile: PakFile FullDirectoryIndexSize=146
[2021.11.28-02.35.53:757][  0]LogShaderLibrary: Display: ShaderCodeLibraryPakFileMountedCallback: PakFile 'D:/Unreal Engine/UE_4.27/FeaturePacks/TP_VehicleAdv.upack' (chunk index -1, root 'root:/') mounted
[2021.11.28-02.35.53:757][  0]LogShaderLibrary: Display: ShaderCodeLibraryPakFileMountedCallback: pending pak file info (ChunkID:-1 Root:root:/ File:D:/Unreal Engine/UE_4.27/FeaturePacks/TP_VehicleAdv.upack)
[2021.11.28-02.35.53:757][  0]LogPakFile: OnPakFileMounted2Time == 0.000025
[2021.11.28-02.35.53:757][  0]LogPakFile: PakFile PrimaryIndexSize=188
[2021.11.28-02.35.53:757][  0]LogPakFile: PakFile PathHashIndexSize=101
[2021.11.28-02.35.53:757][  0]LogPakFile: PakFile FullDirectoryIndexSize=150
[2021.11.28-02.35.53:757][  0]LogShaderLibrary: Display: ShaderCodeLibraryPakFileMountedCallback: PakFile 'D:/Unreal Engine/UE_4.27/FeaturePacks/TP_VehicleAdvBP.upack' (chunk index -1, root 'root:/') mounted
[2021.11.28-02.35.53:757][  0]LogShaderLibrary: Display: ShaderCodeLibraryPakFileMountedCallback: pending pak file info (ChunkID:-1 Root:root:/ File:D:/Unreal Engine/UE_4.27/FeaturePacks/TP_VehicleAdvBP.upack)
[2021.11.28-02.35.53:757][  0]LogPakFile: OnPakFileMounted2Time == 0.000024
[2021.11.28-02.35.53:758][  0]LogPakFile: PakFile PrimaryIndexSize=185
[2021.11.28-02.35.53:758][  0]LogPakFile: PakFile PathHashIndexSize=101
[2021.11.28-02.35.53:758][  0]LogPakFile: PakFile FullDirectoryIndexSize=144
[2021.11.28-02.35.53:758][  0]LogShaderLibrary: Display: ShaderCodeLibraryPakFileMountedCallback: PakFile 'D:/Unreal Engine/UE_4.27/FeaturePacks/TP_VehicleBP.upack' (chunk index -1, root 'root:/') mounted
[2021.11.28-02.35.53:758][  0]LogShaderLibrary: Display: ShaderCodeLibraryPakFileMountedCallback: pending pak file info (ChunkID:-1 Root:root:/ File:D:/Unreal Engine/UE_4.27/FeaturePacks/TP_VehicleBP.upack)
[2021.11.28-02.35.53:758][  0]LogPakFile: OnPakFileMounted2Time == 0.000024
[2021.11.28-02.35.53:758][  0]LogPakFile: PakFile PrimaryIndexSize=192
[2021.11.28-02.35.53:758][  0]LogPakFile: PakFile PathHashIndexSize=101
[2021.11.28-02.35.53:758][  0]LogPakFile: PakFile FullDirectoryIndexSize=158
[2021.11.28-02.35.53:758][  0]LogShaderLibrary: Display: ShaderCodeLibraryPakFileMountedCallback: PakFile 'D:/Unreal Engine/UE_4.27/FeaturePacks/TP_VirtualRealityBP.upack' (chunk index -1, root 'root:/') mounted
[2021.11.28-02.35.53:758][  0]LogShaderLibrary: Display: ShaderCodeLibraryPakFileMountedCallback: pending pak file info (ChunkID:-1 Root:root:/ File:D:/Unreal Engine/UE_4.27/FeaturePacks/TP_VirtualRealityBP.upack)
[2021.11.28-02.35.53:758][  0]LogPakFile: OnPakFileMounted2Time == 0.000024
[2021.11.28-02.35.53:783][  0]LogNativeClassHierarchy: Verbose: Native class hierarchy updated for 'AddContentDialog' in 0.0003 seconds. Added 0 classes and 0 folders.
[2021.11.28-02.35.53:784][  0]LogNativeClassHierarchy: Verbose: Native class hierarchy updated for 'SceneOutliner' in 0.0002 seconds. Added 2 classes and 0 folders.
[2021.11.28-02.35.53:838][  0]LogSlate: Took 0.000144 seconds to synchronously load lazily loaded font '../../../Engine/Content/Slate/Fonts/Roboto-Regular.ttf' (155K)
[2021.11.28-02.35.53:839][  0]LogSlate: Took 0.000089 seconds to synchronously load lazily loaded font '../../../Engine/Content/Editor/Slate/Fonts/FontAwesome.ttf' (139K)
[2021.11.28-02.35.53:840][  0]LogSlate: Took 0.000069 seconds to synchronously load lazily loaded font '../../../Engine/Content/Slate/Fonts/Roboto-Bold.ttf' (160K)
[2021.11.28-02.35.53:905][  0]LogRenderer: Reallocating scene render targets to support 1152x480 Format 10 NumSamples 1 (Frame:1).
[2021.11.28-02.35.54:357][  0]LogSlate: Took 0.000116 seconds to synchronously load lazily loaded font '../../../Engine/Content/Slate/Fonts/Roboto-Light.ttf' (167K)
[2021.11.28-02.35.54:405][  0]LogNativeClassHierarchy: Verbose: Native class hierarchy updated for 'HierarchicalLODOutliner' in 0.0002 seconds. Added 0 classes and 0 folders.
[2021.11.28-02.35.54:405][  0]LogLoad: (Engine Initialization) Total time: 6.83 seconds
[2021.11.28-02.35.54:405][  0]LogLoad: (Engine Initialization) Total Blueprint compile time: 0.00 seconds
[2021.11.28-02.35.54:446][  0]LogAssetRegistry: Asset discovery search completed in 4.6047 seconds
[2021.11.28-02.35.54:450][  0]LogCollectionManager: Fixed up redirectors for 0 collections in 0.000003 seconds (updated 0 objects)
[2021.11.28-02.35.54:451][  0]LogContentStreaming: Texture pool size now 1000 MB
[2021.11.28-02.36.09:084][429]LogUObjectHash: Compacting FUObjectHashTables data took   0.51ms
[2021.11.28-02.36.09:087][429]LogSlate: Took 0.000106 seconds to synchronously load lazily loaded font '../../../Engine/Content/Slate/Fonts/Roboto-Light.ttf' (167K)
[2021.11.28-02.36.09:146][429]LogBlueprint: Warning: [AssetLog] D:\GitHub\UnrealVPTeam15_Repository\VP_Project\Content\Classroom\Maps\forenoon.umap: [Compiler] Node  Unknown  is not referencing a valid level actor
[2021.11.28-02.36.09:173][429]LogTexture: Default maximum texture size for cubemaps generated from long-lat sources has been changed from 512 to unlimited. In order to preserve old behaiour for '/Game/Classroom/LUT/Cube.Cube', its maximum texture size has been explicitly set to 512.
[2021.11.28-02.36.09:313][429]LogAssetEditorSubsystem: Opening Asset editor for World /Game/Classroom/Maps/forenoon.forenoon
[2021.11.28-02.36.09:313][429]Cmd: MAP LOAD FILE="../../../../../GitHub/UnrealVPTeam15_Repository/VP_Project/Content/Classroom/Maps/forenoon.umap" TEMPLATE=0 SHOWPROGRESS=1 FEATURELEVEL=3
[2021.11.28-02.36.09:313][429]LightingResults: New page: Lighting Build
[2021.11.28-02.36.09:313][429]LoadErrors: New page: Loading map: forenoon.umap
[2021.11.28-02.36.09:316][429]LogWorld: UWorld::CleanupWorld for Minimal_Default, bSessionEnded=true, bCleanupResources=true
[2021.11.28-02.36.09:316][429]LogSlate: InvalidateAllWidgets triggered.  All widgets were invalidated
[2021.11.28-02.36.09:316][429]MapCheck: New page: Map Check
[2021.11.28-02.36.09:316][429]LightingResults: New page: Lighting Build
[2021.11.28-02.36.09:321][429]LogAudio: Display: Audio Device unregistered from world 'None'.
[2021.11.28-02.36.09:324][429]LogUObjectHash: Compacting FUObjectHashTables data took   1.27ms
[2021.11.28-02.36.09:326][429]LogAudio: Display: Audio Device (ID: 1) registered with world 'forenoon'.
[2021.11.28-02.36.09:392][429]LogEditorServer: Finished looking for orphan Actors (0.000 secs)
[2021.11.28-02.36.09:392][429]LogAIModule: Creating AISystem for world forenoon
[2021.11.28-02.36.09:400][429]LogUObjectHash: Compacting FUObjectHashTables data took   0.87ms
[2021.11.28-02.36.09:406][429]Cmd: MAP CHECKDEP NOCLEARLOG
[2021.11.28-02.36.09:406][429]MapCheck: Map check complete: 0 Error(s), 0 Warning(s), took 0.088ms to complete.
[2021.11.28-02.36.09:406][429]LogFileHelpers: Loading map 'forenoon' took 0.093
[2021.11.28-02.36.20:106][692]LogStaticMesh: Building static mesh SM_Book1...
[2021.11.28-02.36.20:121][692]LogStaticMesh: Built static mesh [0.02s] /Game/OfficeScene/Meshes/SM_Book1.SM_Book1
[2021.11.28-02.36.20:529][692]LogTexture: Display: Building textures: T_BookCover1_BC (OODLE_AutoDXT, 4096X4096)
[2021.11.28-02.36.20:529][692]LogTextureFormatOodle: Display: non-RDO encode 2048 x 2048 x 1 to format OODLE_AutoDXT (Oodle OodleTex_BC1_WithTransparency) lambda=0 effort=20 
[2021.11.28-02.36.20:529][692]LogTextureFormatOodle: Display: non-RDO encode 4096 x 4096 x 1 to format OODLE_AutoDXT (Oodle OodleTex_BC1_WithTransparency) lambda=0 effort=20 
[2021.11.28-02.36.20:529][692]LogTextureFormatOodle: Display: non-RDO encode 1024 x 1024 x 1 to format OODLE_AutoDXT (Oodle OodleTex_BC1_WithTransparency) lambda=0 effort=20 
[2021.11.28-02.36.20:538][692]LogActorFactory: Actor Factory created SM_Book1
[2021.11.28-02.36.21:223][772]LogActorFactory: Actor Factory created SM_Book1
[2021.11.28-02.36.40:626][991]LogD3D11RHI: Timed out while waiting for GPU to catch up. (0.5 s) (ErrorCode 00000001) (00000000)
[2021.11.28-02.36.41:128][992]LogD3D11RHI: Timed out while waiting for GPU to catch up. (0.5 s) (ErrorCode 00000001) (00000000)
[2021.11.28-02.36.41:628][992]LogD3D11RHI: Timed out while waiting for GPU to catch up. (0.5 s) (ErrorCode 00000001) (00000000)
[2021.11.28-02.36.42:128][992]LogD3D11RHI: Timed out while waiting for GPU to catch up. (0.5 s) (ErrorCode 00000001) (00000000)
[2021.11.28-02.36.42:629][992]LogD3D11RHI: Timed out while waiting for GPU to catch up. (0.5 s) (ErrorCode 00000001) (00000000)
[2021.11.28-02.36.43:129][992]LogD3D11RHI: Timed out while waiting for GPU to catch up. (0.5 s) (ErrorCode 00000001) (00000000)
[2021.11.28-02.36.43:629][992]LogD3D11RHI: Timed out while waiting for GPU to catch up. (0.5 s) (ErrorCode 00000001) (00000000)
[2021.11.28-02.36.44:128][992]LogD3D11RHI: Timed out while waiting for GPU to catch up. (0.5 s) (ErrorCode 00000001) (00000000)
[2021.11.28-02.36.44:728][992]LogD3D11RHI: Timed out while waiting for GPU to catch up. (0.5 s) (ErrorCode 00000001) (887a0006)
[2021.11.28-02.36.44:728][992]LogD3D11RHI: Error: Result failed 
 at D:/Build/++UE4/Sync/Engine/Source/Runtime/Windows/D3D11RHI/Private/D3D11Query.cpp:360 
 with error DXGI_ERROR_DEVICE_REMOVED DXGI_ERROR_DEVICE_HUNG
[2021.11.28-02.36.44:728][992]LogD3D11RHI: [Aftermath] GDynamicRHI=000002082D36CB80, GDX11NVAfterMathEnabled=0, Result=0xFFFFFFFF, bDeviceActive=0
[2021.11.28-02.36.44:728][992]LogWindows: Windows GetLastError: The operation completed successfully. (0)
[2021.11.28-02.36.53:630][992]LogAudioMixer: Display: Audio Buffer Underrun (starvation) detected.
[2021.11.28-02.36.53:630][992]LogWindows: FPlatformMisc::RequestExit(0)
[2021.11.28-02.36.53:630][992]LogWindows: FPlatformMisc::RequestExitWithStatus(0, 0)
[2021.11.28-02.36.53:630][992]LogCore: Engine exit requested (reason: Win RequestExit)
[2021.11.28-02.36.53:630][992]LogWindows: FPlatformMisc::RequestExit(1)
[2021.11.28-02.36.53:630][992]LogWindows: FPlatformMisc::RequestExitWithStatus(1, 3)
[2021.11.28-02.36.53:630][992]LogCore: Engine exit requested (reason: Win RequestExit; note: exit was already requested)
[2021.11.28-02.36.53:733][992]Log file closed, 11/27/21 21:36:53
