Log file open, 11/21/21 18:37:55
LogWindows: Failed to load 'aqProf.dll' (GetLastError=126)
LogWindows: File 'aqProf.dll' does not exist
LogWindows: Failed to load 'VtuneApi.dll' (GetLastError=126)
LogWindows: File 'VtuneApi.dll' does not exist
LogWindows: Failed to load 'VtuneApi32e.dll' (GetLastError=126)
LogWindows: File 'VtuneApi32e.dll' does not exist
LogConsoleResponse: Display: Failed to find resolution value strings in scalability ini. Falling back to default.
LogConsoleResponse: Display: Failed to find resolution value strings in scalability ini. Falling back to default.
LogInit: Display: Running engine for game: VP_Project
LogPlatformFile: Not using cached read wrapper
LogTaskGraph: Started task graph with 5 named threads and 35 total threads with 3 sets of task threads.
LogStats: Stats thread started at 0.950238
LogICUInternationalization: ICU TimeZone Detection - Raw Offset: -5:00, Platform Override: ''
LogInit: Display: Loading text-based GConfig....
LogPluginManager: Mounting plugin MeshPainting
LogPluginManager: Mounting plugin XGEController
LogPluginManager: Mounting plugin Paper2D
LogPluginManager: Mounting plugin AISupport
LogPluginManager: Mounting plugin EnvironmentQueryEditor
LogPluginManager: Mounting plugin LiveLink
LogPluginManager: Mounting plugin LightPropagationVolume
LogPluginManager: Mounting plugin AssetManagerEditor
LogPluginManager: Mounting plugin AnimationSharing
LogPluginManager: Mounting plugin AlembicImporter
LogPluginManager: Mounting plugin AutomationUtils
LogPluginManager: Mounting plugin BackChannel
LogPluginManager: Mounting plugin OodleData
LogPluginManager: Mounting plugin ChaosCloth
LogPluginManager: Mounting plugin ChaosClothEditor
LogPluginManager: Mounting plugin CurveEditorTools
LogPluginManager: Mounting plugin CryptoKeys
LogPluginManager: Mounting plugin DataValidation
LogPluginManager: Mounting plugin ChaosEditor
LogPluginManager: Mounting plugin ChaosNiagara
LogPluginManager: Mounting plugin ChaosSolverPlugin
LogPluginManager: Mounting plugin FacialAnimation
LogPluginManager: Mounting plugin CharacterAI
LogPluginManager: Mounting plugin CLionSourceCodeAccess
LogPluginManager: Mounting plugin CodeLiteSourceCodeAccess
LogPluginManager: Mounting plugin GameplayTagsEditor
LogPluginManager: Mounting plugin GeometryMode
LogPluginManager: Mounting plugin MacGraphicsSwitching
LogPluginManager: Mounting plugin MaterialAnalyzer
LogPluginManager: Mounting plugin DatasmithContent
LogPluginManager: Mounting plugin OodleNetwork
LogPluginManager: Mounting plugin MobileLauncherProfileWizard
LogPluginManager: Mounting plugin PluginBrowser
LogPluginManager: Mounting plugin SpeedTreeImporter
LogPluginManager: Mounting plugin GitSourceControl
LogPluginManager: Mounting plugin KDevelopSourceCodeAccess
LogPluginManager: Mounting plugin NullSourceCodeAccess
LogPluginManager: Mounting plugin VariantManagerContent
LogPluginManager: Mounting plugin GeometryCache
LogPluginManager: Mounting plugin GeometryCollectionPlugin
LogPluginManager: Mounting plugin PlasticSourceControl
LogPluginManager: Mounting plugin PixWinPlugin
LogPluginManager: Mounting plugin PerforceSourceControl
LogPluginManager: Mounting plugin PropertyAccessNode
LogPluginManager: Mounting plugin PluginUtils
LogPluginManager: Mounting plugin RiderSourceCodeAccess
LogPluginManager: Mounting plugin TextureFormatOodle
LogPluginManager: Mounting plugin UObjectPlugin
LogPluginManager: Mounting plugin SubversionSourceControl
LogPluginManager: Mounting plugin VisualStudioCodeSourceCodeAccess
LogPluginManager: Mounting plugin VisualStudioSourceCodeAccess
LogPluginManager: Mounting plugin XCodeSourceCodeAccess
LogPluginManager: Mounting plugin GeometryProcessing
LogPluginManager: Mounting plugin MotoSynth
LogPluginManager: Mounting plugin OpenImageDenoise
LogPluginManager: Mounting plugin PlanarCut
LogPluginManager: Mounting plugin PlatformCrypto
LogPluginManager: Mounting plugin ProxyLODPlugin
LogPluginManager: Mounting plugin PythonScriptPlugin
LogPluginManager: Mounting plugin CameraShakePreviewer
LogPluginManager: Mounting plugin SkeletalReduction
LogPluginManager: Mounting plugin Niagara
LogPluginManager: Mounting plugin GameplayCameras
LogPluginManager: Mounting plugin AndroidMedia
LogPluginManager: Mounting plugin AvfMedia
LogPluginManager: Mounting plugin ImgMedia
LogPluginManager: Mounting plugin MediaCompositing
LogPluginManager: Mounting plugin MediaPlayerEditor
LogPluginManager: Mounting plugin WebMMedia
LogPluginManager: Mounting plugin WmfMedia
LogPluginManager: Mounting plugin ActorSequence
LogPluginManager: Mounting plugin LevelSequenceEditor
LogPluginManager: Mounting plugin LuminPlatformFeatures
LogPluginManager: Mounting plugin MatineeToLevelSequence
LogPluginManager: Mounting plugin MagicLeap
LogPluginManager: Mounting plugin TemplateSequence
LogPluginManager: Mounting plugin MagicLeapLightEstimation
LogPluginManager: Mounting plugin MagicLeapMedia
LogPluginManager: Mounting plugin MagicLeapPassableWorld
LogPluginManager: Mounting plugin MLSDK
LogPluginManager: Mounting plugin TcpMessaging
LogPluginManager: Mounting plugin UdpMessaging
LogPluginManager: Mounting plugin OnlineSubsystem
LogPluginManager: Mounting plugin OnlineSubsystemNull
LogPluginManager: Mounting plugin OnlineSubsystemUtils
LogPluginManager: Mounting plugin LauncherChunkInstaller
LogPluginManager: Mounting plugin ActorLayerUtilities
LogPluginManager: Mounting plugin AndroidMoviePlayer
LogPluginManager: Mounting plugin AndroidDeviceProfileSelector
LogPluginManager: Mounting plugin AndroidPermission
LogPluginManager: Mounting plugin AppleImageUtils
LogPluginManager: Mounting plugin AppleMoviePlayer
LogPluginManager: Mounting plugin ArchVisCharacter
LogPluginManager: Mounting plugin AssetTags
LogPluginManager: Mounting plugin AudioCapture
LogPluginManager: Mounting plugin CableComponent
LogPluginManager: Mounting plugin AudioSynesthesia
LogPluginManager: Mounting plugin ChunkDownloader
LogPluginManager: Mounting plugin CustomMeshComponent
LogPluginManager: Mounting plugin EditableMesh
LogPluginManager: Mounting plugin ExampleDeviceProfileSelector
LogPluginManager: Mounting plugin GoogleCloudMessaging
LogPluginManager: Mounting plugin GooglePAD
LogPluginManager: Mounting plugin IOSDeviceProfileSelector
LogPluginManager: Mounting plugin LinuxDeviceProfileSelector
LogPluginManager: Mounting plugin LocationServicesBPLibrary
LogPluginManager: Mounting plugin MobilePatchingUtils
LogPluginManager: Mounting plugin OpenXR
LogPluginManager: Mounting plugin OpenXREyeTracker
LogPluginManager: Mounting plugin PhysXVehicles
LogPluginManager: Mounting plugin OpenXRHandTracking
LogPluginManager: Mounting plugin ScreenshotTools
LogPluginManager: Mounting plugin PostSplashScreen
LogPluginManager: Mounting plugin ProceduralMeshComponent
LogPluginManager: Mounting plugin PropertyAccessEditor
LogPluginManager: Mounting plugin RuntimePhysXCooking
LogPluginManager: Mounting plugin SoundFields
LogPluginManager: Mounting plugin SignificanceManager
LogPluginManager: Mounting plugin Synthesis
LogPluginManager: Mounting plugin WebMMoviePlayer
LogPluginManager: Mounting plugin WindowsMoviePlayer
LogPluginManager: Mounting plugin Takes
LogPluginManager: Mounting plugin ContentBrowserClassDataSource
LogPluginManager: Mounting plugin ContentBrowserAssetDataSource
LogPluginManager: Mounting plugin ContentBrowserFileDataSource
LogPluginManager: Mounting plugin OnlineSubsystemGooglePlay
LogPluginManager: Mounting plugin OnlineSubsystemIOS
LogPluginManager: Mounting plugin OculusVR
LogPluginManager: Mounting plugin SteamVR
PixWinPlugin: PIX capture plugin failed to initialize! Check that the process is launched from PIX.
LogInit: Using libcurl 7.55.1-DEV
LogInit:  - built for x86_64-pc-win32
LogInit:  - supports SSL with OpenSSL/1.1.1
LogInit:  - supports HTTP deflate (compression) using libz 1.2.8
LogInit:  - other features:
LogInit:      CURL_VERSION_SSL
LogInit:      CURL_VERSION_LIBZ
LogInit:      CURL_VERSION_IPV6
LogInit:      CURL_VERSION_ASYNCHDNS
LogInit:      CURL_VERSION_LARGEFILE
LogInit:      CURL_VERSION_IDN
LogInit:  CurlRequestOptions (configurable via config and command line):
LogInit:  - bVerifyPeer = true  - Libcurl will verify peer certificate
LogInit:  - bUseHttpProxy = false  - Libcurl will NOT use HTTP proxy
LogInit:  - bDontReuseConnections = false  - Libcurl will reuse connections
LogInit:  - MaxHostConnections = 16  - Libcurl will limit the number of connections to a host
LogInit:  - LocalHostAddr = Default
LogInit:  - BufferSize = 65536
LogOnline: OSS: Creating online subsystem instance for: NULL
LogInit: WinSock: version 1.1 (2.2), MaxSocks=32767, MaxUdp=65467
LogOnline: OSS: TryLoadSubsystemAndSetDefault: Loaded subsystem for module [NULL]
LogOculusPluginWrapper: OculusPlugin initialized successfully
LogHMD: Failed initializing OVRPlugin 1.59.0
LogInit: Build: ++UE4+Release-4.27-CL-17735300
LogInit: Engine Version: 4.27.1-17735300+++UE4+Release-4.27
LogInit: Compatible Engine Version: 4.27.0-17155196+++UE4+Release-4.27
LogInit: Net CL: 17155196
LogInit: OS: Windows 10 (Release 2004) (), CPU: AMD Ryzen 5 2600 Six-Core Processor            , GPU: NVIDIA GeForce GTX 1660 Ti
LogInit: Compiled (64-bit): Oct  6 2021 14:42:51
LogInit: Compiled with Visual C++: 19.24.28315.00
LogInit: Build Configuration: Development
LogInit: Branch Name: ++UE4+Release-4.27
LogInit: Command Line: 
LogInit: Base Directory: C:/Program Files/Epic Games/UE_4.27/Engine/Binaries/Win64/
LogInit: Allocator: TBB
LogInit: Installed Engine Build: 1
LogDevObjectVersion: Number of dev versions registered: 29
LogDevObjectVersion:   Dev-Blueprints (B0D832E4-1F89-4F0D-ACCF-7EB736FD4AA2): 10
LogDevObjectVersion:   Dev-Build (E1C64328-A22C-4D53-A36C-8E866417BD8C): 0
LogDevObjectVersion:   Dev-Core (375EC13C-06E4-48FB-B500-84F0262A717E): 4
LogDevObjectVersion:   Dev-Editor (E4B068ED-F494-42E9-A231-DA0B2E46BB41): 40
LogDevObjectVersion:   Dev-Framework (CFFC743F-43B0-4480-9391-14DF171D2073): 37
LogDevObjectVersion:   Dev-Mobile (B02B49B5-BB20-44E9-A304-32B752E40360): 3
LogDevObjectVersion:   Dev-Networking (A4E4105C-59A1-49B5-A7C5-40C4547EDFEE): 0
LogDevObjectVersion:   Dev-Online (39C831C9-5AE6-47DC-9A44-9C173E1C8E7C): 0
LogDevObjectVersion:   Dev-Physics (78F01B33-EBEA-4F98-B9B4-84EACCB95AA2): 14
LogDevObjectVersion:   Dev-Platform (6631380F-2D4D-43E0-8009-CF276956A95A): 0
LogDevObjectVersion:   Dev-Rendering (12F88B9F-8875-4AFC-A67C-D90C383ABD29): 45
LogDevObjectVersion:   Dev-Sequencer (7B5AE74C-D270-4C10-A958-57980B212A5A): 13
LogDevObjectVersion:   Dev-VR (D7296918-1DD6-4BDD-9DE2-64A83CC13884): 3
LogDevObjectVersion:   Dev-LoadTimes (C2A15278-BFE7-4AFE-6C17-90FF531DF755): 1
LogDevObjectVersion:   Private-Geometry (6EACA3D4-40EC-4CC1-B786-8BED09428FC5): 3
LogDevObjectVersion:   Dev-AnimPhys (29E575DD-E0A3-4627-9D10-D276232CDCEA): 17
LogDevObjectVersion:   Dev-Anim (AF43A65D-7FD3-4947-9873-3E8ED9C1BB05): 15
LogDevObjectVersion:   Dev-ReflectionCapture (6B266CEC-1EC7-4B8F-A30B-E4D90942FC07): 1
LogDevObjectVersion:   Dev-Automation (0DF73D61-A23F-47EA-B727-89E90C41499A): 1
LogDevObjectVersion:   FortniteMain (601D1886-AC64-4F84-AA16-D3DE0DEAC7D6): 47
LogDevObjectVersion:   FortniteRelease (E7086368-6B23-4C58-8439-1B7016265E91): 1
LogDevObjectVersion:   Dev-Enterprise (9DFFBCD6-494F-0158-E221-12823C92A888): 10
LogDevObjectVersion:   Dev-Niagara (F2AED0AC-9AFE-416F-8664-AA7FFA26D6FC): 1
LogDevObjectVersion:   Dev-Destruction (174F1F0B-B4C6-45A5-B13F-2EE8D0FB917D): 10
LogDevObjectVersion:   Dev-Physics-Ext (35F94A83-E258-406C-A318-09F59610247C): 41
LogDevObjectVersion:   Dev-PhysicsMaterial-Chaos (B68FC16E-8B1B-42E2-B453-215C058844FE): 1
LogDevObjectVersion:   Dev-CineCamera (B2E18506-4273-CFC2-A54E-F4BB758BBA07): 1
LogDevObjectVersion:   Dev-VirtualProduction (64F58936-FD1B-42BA-BA96-7289D5D0FA4E): 1
LogDevObjectVersion:   Dev-MediaFramework (6F0ED827-A609-4895-9C91-998D90180EA4): 2
LogInit: Presizing for max 25165824 objects, including 0 objects not considered by GC, pre-allocating 0 bytes for permanent pool.
LogConfig: Applying CVar settings from Section [/Script/Engine.StreamingSettings] File [C:/Users/trist/Documents/GitHub/UnrealVPTeam15_Repository/VP_Project/Saved/Config/Windows/Engine.ini]
LogConfig: Setting CVar [[s.MinBulkDataSizeForAsyncLoading:131072]]
LogConfig: Setting CVar [[s.AsyncLoadingThreadEnabled:0]]
LogConfig: Setting CVar [[s.EventDrivenLoaderEnabled:1]]
LogConfig: Setting CVar [[s.WarnIfTimeLimitExceeded:0]]
LogConfig: Setting CVar [[s.TimeLimitExceededMultiplier:1.5]]
LogConfig: Setting CVar [[s.TimeLimitExceededMinTime:0.005]]
LogConfig: Setting CVar [[s.UseBackgroundLevelStreaming:1]]
LogConfig: Setting CVar [[s.PriorityAsyncLoadingExtraTime:15.0]]
LogConfig: Setting CVar [[s.LevelStreamingActorsUpdateTimeLimit:5.0]]
LogConfig: Setting CVar [[s.PriorityLevelStreamingActorsUpdateExtraTime:5.0]]
LogConfig: Setting CVar [[s.LevelStreamingComponentsRegistrationGranularity:10]]
LogConfig: Setting CVar [[s.UnregisterComponentsTimeLimit:1.0]]
LogConfig: Setting CVar [[s.LevelStreamingComponentsUnregistrationGranularity:5]]
LogConfig: Setting CVar [[s.FlushStreamingOnExit:1]]
LogInit: Object subsystem initialized
LogConfig: Setting CVar [[con.DebugEarlyDefault:1]]
LogConfig: Setting CVar [[r.setres:1280x720]]
[2021.11.21-23.37.56:279][  0]LogConfig: Setting CVar [[r.VSync:0]]
[2021.11.21-23.37.56:279][  0]LogConfig: Setting CVar [[r.RHICmdBypass:0]]
[2021.11.21-23.37.56:279][  0]LogConfig: Applying CVar settings from Section [/Script/Engine.RendererSettings] File [C:/Users/trist/Documents/GitHub/UnrealVPTeam15_Repository/VP_Project/Saved/Config/Windows/Engine.ini]
[2021.11.21-23.37.56:279][  0]LogConfig: Setting CVar [[r.GPUCrashDebugging:0]]
[2021.11.21-23.37.56:279][  0]LogConfig: Applying CVar settings from Section [/Script/Engine.RendererOverrideSettings] File [C:/Users/trist/Documents/GitHub/UnrealVPTeam15_Repository/VP_Project/Saved/Config/Windows/Engine.ini]
[2021.11.21-23.37.56:279][  0]LogConfig: Applying CVar settings from Section [/Script/Engine.StreamingSettings] File [C:/Users/trist/Documents/GitHub/UnrealVPTeam15_Repository/VP_Project/Saved/Config/Windows/Engine.ini]
[2021.11.21-23.37.56:279][  0]LogConfig: Setting CVar [[s.MinBulkDataSizeForAsyncLoading:131072]]
[2021.11.21-23.37.56:279][  0]LogConfig: Setting CVar [[s.AsyncLoadingThreadEnabled:0]]
[2021.11.21-23.37.56:279][  0]LogConfig: Setting CVar [[s.EventDrivenLoaderEnabled:1]]
[2021.11.21-23.37.56:279][  0]LogConfig: Setting CVar [[s.WarnIfTimeLimitExceeded:0]]
[2021.11.21-23.37.56:279][  0]LogConfig: Setting CVar [[s.TimeLimitExceededMultiplier:1.5]]
[2021.11.21-23.37.56:279][  0]LogConfig: Setting CVar [[s.TimeLimitExceededMinTime:0.005]]
[2021.11.21-23.37.56:279][  0]LogConfig: Setting CVar [[s.UseBackgroundLevelStreaming:1]]
[2021.11.21-23.37.56:279][  0]LogConfig: Setting CVar [[s.PriorityAsyncLoadingExtraTime:15.0]]
[2021.11.21-23.37.56:279][  0]LogConfig: Setting CVar [[s.LevelStreamingActorsUpdateTimeLimit:5.0]]
[2021.11.21-23.37.56:279][  0]LogConfig: Setting CVar [[s.PriorityLevelStreamingActorsUpdateExtraTime:5.0]]
[2021.11.21-23.37.56:279][  0]LogConfig: Setting CVar [[s.LevelStreamingComponentsRegistrationGranularity:10]]
[2021.11.21-23.37.56:279][  0]LogConfig: Setting CVar [[s.UnregisterComponentsTimeLimit:1.0]]
[2021.11.21-23.37.56:279][  0]LogConfig: Setting CVar [[s.LevelStreamingComponentsUnregistrationGranularity:5]]
[2021.11.21-23.37.56:279][  0]LogConfig: Setting CVar [[s.FlushStreamingOnExit:1]]
[2021.11.21-23.37.56:279][  0]LogConfig: Applying CVar settings from Section [/Script/Engine.GarbageCollectionSettings] File [C:/Users/trist/Documents/GitHub/UnrealVPTeam15_Repository/VP_Project/Saved/Config/Windows/Engine.ini]
[2021.11.21-23.37.56:279][  0]LogConfig: Setting CVar [[gc.MaxObjectsNotConsideredByGC:1]]
[2021.11.21-23.37.56:279][  0]LogConfig: Setting CVar [[gc.SizeOfPermanentObjectPool:0]]
[2021.11.21-23.37.56:279][  0]LogConfig: Setting CVar [[gc.FlushStreamingOnGC:0]]
[2021.11.21-23.37.56:279][  0]LogConfig: Setting CVar [[gc.NumRetriesBeforeForcingGC:10]]
[2021.11.21-23.37.56:279][  0]LogConfig: Setting CVar [[gc.AllowParallelGC:1]]
[2021.11.21-23.37.56:279][  0]LogConfig: Setting CVar [[gc.TimeBetweenPurgingPendingKillObjects:61.1]]
[2021.11.21-23.37.56:279][  0]LogConfig: Setting CVar [[gc.MaxObjectsInEditor:25165824]]
[2021.11.21-23.37.56:279][  0]LogConfig: Setting CVar [[gc.IncrementalBeginDestroyEnabled:1]]
[2021.11.21-23.37.56:279][  0]LogConfig: Setting CVar [[gc.CreateGCClusters:1]]
[2021.11.21-23.37.56:279][  0]LogConfig: Setting CVar [[gc.MinGCClusterSize:5]]
[2021.11.21-23.37.56:279][  0]LogConfig: Setting CVar [[gc.ActorClusteringEnabled:0]]
[2021.11.21-23.37.56:279][  0]LogConfig: Setting CVar [[gc.BlueprintClusteringEnabled:0]]
[2021.11.21-23.37.56:279][  0]LogConfig: Setting CVar [[gc.UseDisregardForGCOnDedicatedServers:0]]
[2021.11.21-23.37.56:279][  0]LogConfig: Setting CVar [[gc.MultithreadedDestructionEnabled:1]]
[2021.11.21-23.37.56:279][  0]LogConfig: Applying CVar settings from Section [/Script/Engine.NetworkSettings] File [C:/Users/trist/Documents/GitHub/UnrealVPTeam15_Repository/VP_Project/Saved/Config/Windows/Engine.ini]
[2021.11.21-23.37.56:279][  0]LogConfig: Applying CVar settings from Section [/Script/UnrealEd.CookerSettings] File [C:/Users/trist/Documents/GitHub/UnrealVPTeam15_Repository/VP_Project/Saved/Config/Windows/Engine.ini]
[2021.11.21-23.37.56:293][  0]LogConfig: Applying CVar settings from Section [ViewDistanceQuality@3] File [C:/Users/trist/Documents/GitHub/UnrealVPTeam15_Repository/VP_Project/Saved/Config/Windows/Scalability.ini]
[2021.11.21-23.37.56:293][  0]LogConfig: Setting CVar [[r.SkeletalMeshLODBias:0]]
[2021.11.21-23.37.56:293][  0]LogConfig: Setting CVar [[r.ViewDistanceScale:1.0]]
[2021.11.21-23.37.56:293][  0]LogConfig: Applying CVar settings from Section [AntiAliasingQuality@3] File [C:/Users/trist/Documents/GitHub/UnrealVPTeam15_Repository/VP_Project/Saved/Config/Windows/Scalability.ini]
[2021.11.21-23.37.56:293][  0]LogConfig: Setting CVar [[r.PostProcessAAQuality:4]]
[2021.11.21-23.37.56:293][  0]LogConfig: Applying CVar settings from Section [ShadowQuality@3] File [C:/Users/trist/Documents/GitHub/UnrealVPTeam15_Repository/VP_Project/Saved/Config/Windows/Scalability.ini]
[2021.11.21-23.37.56:293][  0]LogConfig: Setting CVar [[r.LightFunctionQuality:1]]
[2021.11.21-23.37.56:293][  0]LogConfig: Setting CVar [[r.ShadowQuality:5]]
[2021.11.21-23.37.56:293][  0]LogConfig: Setting CVar [[r.Shadow.CSM.MaxCascades:10]]
[2021.11.21-23.37.56:293][  0]LogConfig: Setting CVar [[r.Shadow.MaxResolution:2048]]
[2021.11.21-23.37.56:293][  0]LogConfig: Setting CVar [[r.Shadow.MaxCSMResolution:2048]]
[2021.11.21-23.37.56:293][  0]LogConfig: Setting CVar [[r.Shadow.RadiusThreshold:0.01]]
[2021.11.21-23.37.56:293][  0]LogConfig: Setting CVar [[r.Shadow.DistanceScale:1.0]]
[2021.11.21-23.37.56:293][  0]LogConfig: Setting CVar [[r.Shadow.CSM.TransitionScale:1.0]]
[2021.11.21-23.37.56:293][  0]LogConfig: Setting CVar [[r.Shadow.PreShadowResolutionFactor:1.0]]
[2021.11.21-23.37.56:293][  0]LogConfig: Setting CVar [[r.DistanceFieldShadowing:1]]
[2021.11.21-23.37.56:293][  0]LogConfig: Setting CVar [[r.DistanceFieldAO:1]]
[2021.11.21-23.37.56:293][  0]LogConfig: Setting CVar [[r.AOQuality:2]]
[2021.11.21-23.37.56:293][  0]LogConfig: Setting CVar [[r.VolumetricFog:1]]
[2021.11.21-23.37.56:293][  0]LogConfig: Setting CVar [[r.VolumetricFog.GridPixelSize:8]]
[2021.11.21-23.37.56:293][  0]LogConfig: Setting CVar [[r.VolumetricFog.GridSizeZ:128]]
[2021.11.21-23.37.56:293][  0]LogConfig: Setting CVar [[r.VolumetricFog.HistoryMissSupersampleCount:4]]
[2021.11.21-23.37.56:293][  0]LogConfig: Setting CVar [[r.LightMaxDrawDistanceScale:1]]
[2021.11.21-23.37.56:293][  0]LogConfig: Setting CVar [[r.CapsuleShadows:1]]
[2021.11.21-23.37.56:293][  0]LogConfig: Applying CVar settings from Section [PostProcessQuality@3] File [C:/Users/trist/Documents/GitHub/UnrealVPTeam15_Repository/VP_Project/Saved/Config/Windows/Scalability.ini]
[2021.11.21-23.37.56:293][  0]LogConfig: Setting CVar [[r.MotionBlurQuality:4]]
[2021.11.21-23.37.56:293][  0]LogConfig: Setting CVar [[r.AmbientOcclusionMipLevelFactor:0.4]]
[2021.11.21-23.37.56:293][  0]LogConfig: Setting CVar [[r.AmbientOcclusionMaxQuality:100]]
[2021.11.21-23.37.56:293][  0]LogConfig: Setting CVar [[r.AmbientOcclusionLevels:-1]]
[2021.11.21-23.37.56:293][  0]LogConfig: Setting CVar [[r.AmbientOcclusionRadiusScale:1.0]]
[2021.11.21-23.37.56:293][  0]LogConfig: Setting CVar [[r.DepthOfFieldQuality:2]]
[2021.11.21-23.37.56:293][  0]LogConfig: Setting CVar [[r.RenderTargetPoolMin:400]]
[2021.11.21-23.37.56:293][  0]LogConfig: Setting CVar [[r.LensFlareQuality:2]]
[2021.11.21-23.37.56:293][  0]LogConfig: Setting CVar [[r.SceneColorFringeQuality:1]]
[2021.11.21-23.37.56:293][  0]LogConfig: Setting CVar [[r.EyeAdaptationQuality:2]]
[2021.11.21-23.37.56:293][  0]LogConfig: Setting CVar [[r.BloomQuality:5]]
[2021.11.21-23.37.56:293][  0]LogConfig: Setting CVar [[r.FastBlurThreshold:100]]
[2021.11.21-23.37.56:293][  0]LogConfig: Setting CVar [[r.Upscale.Quality:3]]
[2021.11.21-23.37.56:293][  0]LogConfig: Setting CVar [[r.Tonemapper.GrainQuantization:1]]
[2021.11.21-23.37.56:293][  0]LogConfig: Setting CVar [[r.LightShaftQuality:1]]
[2021.11.21-23.37.56:293][  0]LogConfig: Setting CVar [[r.Filter.SizeScale:1]]
[2021.11.21-23.37.56:293][  0]LogConfig: Setting CVar [[r.Tonemapper.Quality:5]]
[2021.11.21-23.37.56:293][  0]LogConfig: Setting CVar [[r.DOF.Gather.AccumulatorQuality:1        ; higher gathering accumulator quality]]
[2021.11.21-23.37.56:293][  0]LogConfig: Setting CVar [[r.DOF.Gather.PostfilterMethod:1          ; Median3x3 postfilering method]]
[2021.11.21-23.37.56:293][  0]LogConfig: Setting CVar [[r.DOF.Gather.EnableBokehSettings:0       ; no bokeh simulation when gathering]]
[2021.11.21-23.37.56:293][  0]LogConfig: Setting CVar [[r.DOF.Gather.RingCount:4                 ; medium number of samples when gathering]]
[2021.11.21-23.37.56:293][  0]LogConfig: Setting CVar [[r.DOF.Scatter.ForegroundCompositing:1    ; additive foreground scattering]]
[2021.11.21-23.37.56:293][  0]LogConfig: Setting CVar [[r.DOF.Scatter.BackgroundCompositing:2    ; additive background scattering]]
[2021.11.21-23.37.56:293][  0]LogConfig: Setting CVar [[r.DOF.Scatter.EnableBokehSettings:1      ; bokeh simulation when scattering]]
[2021.11.21-23.37.56:293][  0]LogConfig: Setting CVar [[r.DOF.Scatter.MaxSpriteRatio:0.1         ; only a maximum of 10% of scattered bokeh]]
[2021.11.21-23.37.56:293][  0]LogConfig: Setting CVar [[r.DOF.Recombine.Quality:1                ; cheap slight out of focus]]
[2021.11.21-23.37.56:293][  0]LogConfig: Setting CVar [[r.DOF.Recombine.EnableBokehSettings:0    ; no bokeh simulation on slight out of focus]]
[2021.11.21-23.37.56:293][  0]LogConfig: Setting CVar [[r.DOF.TemporalAAQuality:1                ; more stable temporal accumulation]]
[2021.11.21-23.37.56:293][  0]LogConfig: Setting CVar [[r.DOF.Kernel.MaxForegroundRadius:0.025]]
[2021.11.21-23.37.56:293][  0]LogConfig: Setting CVar [[r.DOF.Kernel.MaxBackgroundRadius:0.025]]
[2021.11.21-23.37.56:293][  0]LogConfig: Applying CVar settings from Section [TextureQuality@3] File [C:/Users/trist/Documents/GitHub/UnrealVPTeam15_Repository/VP_Project/Saved/Config/Windows/Scalability.ini]
[2021.11.21-23.37.56:293][  0]LogConfig: Setting CVar [[r.Streaming.MipBias:0]]
[2021.11.21-23.37.56:293][  0]LogConfig: Setting CVar [[r.Streaming.AmortizeCPUToGPUCopy:0]]
[2021.11.21-23.37.56:293][  0]LogConfig: Setting CVar [[r.Streaming.MaxNumTexturesToStreamPerFrame:0]]
[2021.11.21-23.37.56:293][  0]LogConfig: Setting CVar [[r.Streaming.Boost:1]]
[2021.11.21-23.37.56:293][  0]LogConfig: Setting CVar [[r.MaxAnisotropy:8]]
[2021.11.21-23.37.56:293][  0]LogConfig: Setting CVar [[r.VT.MaxAnisotropy:8]]
[2021.11.21-23.37.56:293][  0]LogConfig: Setting CVar [[r.Streaming.LimitPoolSizeToVRAM:0]]
[2021.11.21-23.37.56:293][  0]LogConfig: Setting CVar [[r.Streaming.PoolSize:1000]]
[2021.11.21-23.37.56:293][  0]LogConfig: Setting CVar [[r.Streaming.MaxEffectiveScreenSize:0]]
[2021.11.21-23.37.56:293][  0]LogConfig: Applying CVar settings from Section [EffectsQuality@3] File [C:/Users/trist/Documents/GitHub/UnrealVPTeam15_Repository/VP_Project/Saved/Config/Windows/Scalability.ini]
[2021.11.21-23.37.56:293][  0]LogConfig: Setting CVar [[r.TranslucencyLightingVolumeDim:64]]
[2021.11.21-23.37.56:293][  0]LogConfig: Setting CVar [[r.RefractionQuality:2]]
[2021.11.21-23.37.56:293][  0]LogConfig: Setting CVar [[r.SSR.Quality:3]]
[2021.11.21-23.37.56:293][  0]LogConfig: Setting CVar [[r.SSR.HalfResSceneColor:0]]
[2021.11.21-23.37.56:294][  0]LogConfig: Setting CVar [[r.SceneColorFormat:4]]
[2021.11.21-23.37.56:294][  0]LogConfig: Setting CVar [[r.DetailMode:2]]
[2021.11.21-23.37.56:294][  0]LogConfig: Setting CVar [[r.TranslucencyVolumeBlur:1]]
[2021.11.21-23.37.56:294][  0]LogConfig: Setting CVar [[r.MaterialQualityLevel:1 ; High quality]]
[2021.11.21-23.37.56:294][  0]LogConfig: Setting CVar [[r.AnisotropicMaterials:1]]
[2021.11.21-23.37.56:294][  0]LogConfig: Setting CVar [[r.SSS.Scale:1]]
[2021.11.21-23.37.56:294][  0]LogConfig: Setting CVar [[r.SSS.SampleSet:2]]
[2021.11.21-23.37.56:294][  0]LogConfig: Setting CVar [[r.SSS.Quality:1]]
[2021.11.21-23.37.56:294][  0]LogConfig: Setting CVar [[r.SSS.HalfRes:0]]
[2021.11.21-23.37.56:294][  0]LogConfig: Setting CVar [[r.SSGI.Quality:3]]
[2021.11.21-23.37.56:294][  0]LogConfig: Setting CVar [[r.EmitterSpawnRateScale:1.0]]
[2021.11.21-23.37.56:294][  0]LogConfig: Setting CVar [[r.ParticleLightQuality:2]]
[2021.11.21-23.37.56:294][  0]LogConfig: Setting CVar [[r.SkyAtmosphere.AerialPerspectiveLUT.FastApplyOnOpaque:1 ; Always have FastSkyLUT 1 in this case to avoid wrong sky]]
[2021.11.21-23.37.56:294][  0]LogConfig: Setting CVar [[r.SkyAtmosphere.AerialPerspectiveLUT.SampleCountMaxPerSlice:4]]
[2021.11.21-23.37.56:294][  0]LogConfig: Setting CVar [[r.SkyAtmosphere.AerialPerspectiveLUT.DepthResolution:16.0]]
[2021.11.21-23.37.56:294][  0]LogConfig: Setting CVar [[r.SkyAtmosphere.FastSkyLUT:1]]
[2021.11.21-23.37.56:294][  0]LogConfig: Setting CVar [[r.SkyAtmosphere.FastSkyLUT.SampleCountMin:4.0]]
[2021.11.21-23.37.56:294][  0]LogConfig: Setting CVar [[r.SkyAtmosphere.FastSkyLUT.SampleCountMax:128.0]]
[2021.11.21-23.37.56:294][  0]LogConfig: Setting CVar [[r.SkyAtmosphere.SampleCountMin:4.0]]
[2021.11.21-23.37.56:294][  0]LogConfig: Setting CVar [[r.SkyAtmosphere.SampleCountMax:128.0]]
[2021.11.21-23.37.56:294][  0]LogConfig: Setting CVar [[r.SkyAtmosphere.TransmittanceLUT.UseSmallFormat:0]]
[2021.11.21-23.37.56:294][  0]LogConfig: Setting CVar [[r.SkyAtmosphere.TransmittanceLUT.SampleCount:10.0]]
[2021.11.21-23.37.56:294][  0]LogConfig: Setting CVar [[r.SkyAtmosphere.MultiScatteringLUT.SampleCount:15.0]]
[2021.11.21-23.37.56:294][  0]LogConfig: Setting CVar [[r.SkyLight.RealTimeReflectionCapture:1]]
[2021.11.21-23.37.56:294][  0]LogConfig: Applying CVar settings from Section [FoliageQuality@3] File [C:/Users/trist/Documents/GitHub/UnrealVPTeam15_Repository/VP_Project/Saved/Config/Windows/Scalability.ini]
[2021.11.21-23.37.56:294][  0]LogConfig: Setting CVar [[foliage.DensityScale:1.0]]
[2021.11.21-23.37.56:294][  0]LogConfig: Setting CVar [[grass.DensityScale:1.0]]
[2021.11.21-23.37.56:294][  0]LogConfig: Applying CVar settings from Section [ShadingQuality@3] File [C:/Users/trist/Documents/GitHub/UnrealVPTeam15_Repository/VP_Project/Saved/Config/Windows/Scalability.ini]
[2021.11.21-23.37.56:294][  0]LogConfig: Setting CVar [[r.HairStrands.SkyLighting.IntegrationType:2]]
[2021.11.21-23.37.56:294][  0]LogConfig: Setting CVar [[r.HairStrands.SkyAO.SampleCount:4]]
[2021.11.21-23.37.56:294][  0]LogConfig: Setting CVar [[r.HairStrands.Visibility.MSAA.SamplePerPixel:4]]
[2021.11.21-23.37.56:294][  0]LogInit: Selected Device Profile: [Windows]
[2021.11.21-23.37.56:295][  0]LogInit: Applying CVar settings loaded from the selected device profile: [Windows]
[2021.11.21-23.37.56:295][  0]LogHAL: Display: Platform has ~ 16 GB [17106575360 / 17179869184 / 16], which maps to Larger [LargestMinGB=32, LargerMinGB=12, DefaultMinGB=8, SmallerMinGB=6, SmallestMinGB=0)
[2021.11.21-23.37.56:295][  0]LogInit: Going up to parent DeviceProfile []
[2021.11.21-23.37.56:297][  0]LogConfig: Applying CVar settings from Section [ViewDistanceQuality@3] File [C:/Users/trist/Documents/GitHub/UnrealVPTeam15_Repository/VP_Project/Saved/Config/Windows/Scalability.ini]
[2021.11.21-23.37.56:297][  0]LogConfig: Setting CVar [[r.SkeletalMeshLODBias:0]]
[2021.11.21-23.37.56:297][  0]LogConfig: Setting CVar [[r.ViewDistanceScale:1.0]]
[2021.11.21-23.37.56:297][  0]LogConfig: Applying CVar settings from Section [AntiAliasingQuality@3] File [C:/Users/trist/Documents/GitHub/UnrealVPTeam15_Repository/VP_Project/Saved/Config/Windows/Scalability.ini]
[2021.11.21-23.37.56:297][  0]LogConfig: Setting CVar [[r.PostProcessAAQuality:4]]
[2021.11.21-23.37.56:297][  0]LogConfig: Applying CVar settings from Section [ShadowQuality@3] File [C:/Users/trist/Documents/GitHub/UnrealVPTeam15_Repository/VP_Project/Saved/Config/Windows/Scalability.ini]
[2021.11.21-23.37.56:297][  0]LogConfig: Setting CVar [[r.LightFunctionQuality:1]]
[2021.11.21-23.37.56:297][  0]LogConfig: Setting CVar [[r.ShadowQuality:5]]
[2021.11.21-23.37.56:297][  0]LogConfig: Setting CVar [[r.Shadow.CSM.MaxCascades:10]]
[2021.11.21-23.37.56:297][  0]LogConfig: Setting CVar [[r.Shadow.MaxResolution:2048]]
[2021.11.21-23.37.56:297][  0]LogConfig: Setting CVar [[r.Shadow.MaxCSMResolution:2048]]
[2021.11.21-23.37.56:297][  0]LogConfig: Setting CVar [[r.Shadow.RadiusThreshold:0.01]]
[2021.11.21-23.37.56:297][  0]LogConfig: Setting CVar [[r.Shadow.DistanceScale:1.0]]
[2021.11.21-23.37.56:297][  0]LogConfig: Setting CVar [[r.Shadow.CSM.TransitionScale:1.0]]
[2021.11.21-23.37.56:297][  0]LogConfig: Setting CVar [[r.Shadow.PreShadowResolutionFactor:1.0]]
[2021.11.21-23.37.56:297][  0]LogConfig: Setting CVar [[r.DistanceFieldShadowing:1]]
[2021.11.21-23.37.56:297][  0]LogConfig: Setting CVar [[r.DistanceFieldAO:1]]
[2021.11.21-23.37.56:297][  0]LogConfig: Setting CVar [[r.AOQuality:2]]
[2021.11.21-23.37.56:297][  0]LogConfig: Setting CVar [[r.VolumetricFog:1]]
[2021.11.21-23.37.56:297][  0]LogConfig: Setting CVar [[r.VolumetricFog.GridPixelSize:8]]
[2021.11.21-23.37.56:297][  0]LogConfig: Setting CVar [[r.VolumetricFog.GridSizeZ:128]]
[2021.11.21-23.37.56:297][  0]LogConfig: Setting CVar [[r.VolumetricFog.HistoryMissSupersampleCount:4]]
[2021.11.21-23.37.56:297][  0]LogConfig: Setting CVar [[r.LightMaxDrawDistanceScale:1]]
[2021.11.21-23.37.56:297][  0]LogConfig: Setting CVar [[r.CapsuleShadows:1]]
[2021.11.21-23.37.56:297][  0]LogConfig: Applying CVar settings from Section [PostProcessQuality@3] File [C:/Users/trist/Documents/GitHub/UnrealVPTeam15_Repository/VP_Project/Saved/Config/Windows/Scalability.ini]
[2021.11.21-23.37.56:297][  0]LogConfig: Setting CVar [[r.MotionBlurQuality:4]]
[2021.11.21-23.37.56:297][  0]LogConfig: Setting CVar [[r.AmbientOcclusionMipLevelFactor:0.4]]
[2021.11.21-23.37.56:297][  0]LogConfig: Setting CVar [[r.AmbientOcclusionMaxQuality:100]]
[2021.11.21-23.37.56:297][  0]LogConfig: Setting CVar [[r.AmbientOcclusionLevels:-1]]
[2021.11.21-23.37.56:297][  0]LogConfig: Setting CVar [[r.AmbientOcclusionRadiusScale:1.0]]
[2021.11.21-23.37.56:297][  0]LogConfig: Setting CVar [[r.DepthOfFieldQuality:2]]
[2021.11.21-23.37.56:297][  0]LogConfig: Setting CVar [[r.RenderTargetPoolMin:400]]
[2021.11.21-23.37.56:297][  0]LogConfig: Setting CVar [[r.LensFlareQuality:2]]
[2021.11.21-23.37.56:297][  0]LogConfig: Setting CVar [[r.SceneColorFringeQuality:1]]
[2021.11.21-23.37.56:297][  0]LogConfig: Setting CVar [[r.EyeAdaptationQuality:2]]
[2021.11.21-23.37.56:297][  0]LogConfig: Setting CVar [[r.BloomQuality:5]]
[2021.11.21-23.37.56:297][  0]LogConfig: Setting CVar [[r.FastBlurThreshold:100]]
[2021.11.21-23.37.56:297][  0]LogConfig: Setting CVar [[r.Upscale.Quality:3]]
[2021.11.21-23.37.56:297][  0]LogConfig: Setting CVar [[r.Tonemapper.GrainQuantization:1]]
[2021.11.21-23.37.56:297][  0]LogConfig: Setting CVar [[r.LightShaftQuality:1]]
[2021.11.21-23.37.56:297][  0]LogConfig: Setting CVar [[r.Filter.SizeScale:1]]
[2021.11.21-23.37.56:297][  0]LogConfig: Setting CVar [[r.Tonemapper.Quality:5]]
[2021.11.21-23.37.56:297][  0]LogConfig: Setting CVar [[r.DOF.Gather.AccumulatorQuality:1        ; higher gathering accumulator quality]]
[2021.11.21-23.37.56:297][  0]LogConfig: Setting CVar [[r.DOF.Gather.PostfilterMethod:1          ; Median3x3 postfilering method]]
[2021.11.21-23.37.56:297][  0]LogConfig: Setting CVar [[r.DOF.Gather.EnableBokehSettings:0       ; no bokeh simulation when gathering]]
[2021.11.21-23.37.56:297][  0]LogConfig: Setting CVar [[r.DOF.Gather.RingCount:4                 ; medium number of samples when gathering]]
[2021.11.21-23.37.56:297][  0]LogConfig: Setting CVar [[r.DOF.Scatter.ForegroundCompositing:1    ; additive foreground scattering]]
[2021.11.21-23.37.56:297][  0]LogConfig: Setting CVar [[r.DOF.Scatter.BackgroundCompositing:2    ; additive background scattering]]
[2021.11.21-23.37.56:297][  0]LogConfig: Setting CVar [[r.DOF.Scatter.EnableBokehSettings:1      ; bokeh simulation when scattering]]
[2021.11.21-23.37.56:297][  0]LogConfig: Setting CVar [[r.DOF.Scatter.MaxSpriteRatio:0.1         ; only a maximum of 10% of scattered bokeh]]
[2021.11.21-23.37.56:297][  0]LogConfig: Setting CVar [[r.DOF.Recombine.Quality:1                ; cheap slight out of focus]]
[2021.11.21-23.37.56:297][  0]LogConfig: Setting CVar [[r.DOF.Recombine.EnableBokehSettings:0    ; no bokeh simulation on slight out of focus]]
[2021.11.21-23.37.56:297][  0]LogConfig: Setting CVar [[r.DOF.TemporalAAQuality:1                ; more stable temporal accumulation]]
[2021.11.21-23.37.56:297][  0]LogConfig: Setting CVar [[r.DOF.Kernel.MaxForegroundRadius:0.025]]
[2021.11.21-23.37.56:297][  0]LogConfig: Setting CVar [[r.DOF.Kernel.MaxBackgroundRadius:0.025]]
[2021.11.21-23.37.56:297][  0]LogConfig: Applying CVar settings from Section [TextureQuality@3] File [C:/Users/trist/Documents/GitHub/UnrealVPTeam15_Repository/VP_Project/Saved/Config/Windows/Scalability.ini]
[2021.11.21-23.37.56:297][  0]LogConfig: Setting CVar [[r.Streaming.MipBias:0]]
[2021.11.21-23.37.56:297][  0]LogConfig: Setting CVar [[r.Streaming.AmortizeCPUToGPUCopy:0]]
[2021.11.21-23.37.56:297][  0]LogConfig: Setting CVar [[r.Streaming.MaxNumTexturesToStreamPerFrame:0]]
[2021.11.21-23.37.56:297][  0]LogConfig: Setting CVar [[r.Streaming.Boost:1]]
[2021.11.21-23.37.56:297][  0]LogConfig: Setting CVar [[r.MaxAnisotropy:8]]
[2021.11.21-23.37.56:297][  0]LogConfig: Setting CVar [[r.VT.MaxAnisotropy:8]]
[2021.11.21-23.37.56:297][  0]LogConfig: Setting CVar [[r.Streaming.LimitPoolSizeToVRAM:0]]
[2021.11.21-23.37.56:297][  0]LogConfig: Setting CVar [[r.Streaming.PoolSize:1000]]
[2021.11.21-23.37.56:297][  0]LogConfig: Setting CVar [[r.Streaming.MaxEffectiveScreenSize:0]]
[2021.11.21-23.37.56:297][  0]LogConfig: Applying CVar settings from Section [EffectsQuality@3] File [C:/Users/trist/Documents/GitHub/UnrealVPTeam15_Repository/VP_Project/Saved/Config/Windows/Scalability.ini]
[2021.11.21-23.37.56:297][  0]LogConfig: Setting CVar [[r.TranslucencyLightingVolumeDim:64]]
[2021.11.21-23.37.56:297][  0]LogConfig: Setting CVar [[r.RefractionQuality:2]]
[2021.11.21-23.37.56:297][  0]LogConfig: Setting CVar [[r.SSR.Quality:3]]
[2021.11.21-23.37.56:297][  0]LogConfig: Setting CVar [[r.SSR.HalfResSceneColor:0]]
[2021.11.21-23.37.56:297][  0]LogConfig: Setting CVar [[r.SceneColorFormat:4]]
[2021.11.21-23.37.56:297][  0]LogConfig: Setting CVar [[r.DetailMode:2]]
[2021.11.21-23.37.56:297][  0]LogConfig: Setting CVar [[r.TranslucencyVolumeBlur:1]]
[2021.11.21-23.37.56:297][  0]LogConfig: Setting CVar [[r.MaterialQualityLevel:1 ; High quality]]
[2021.11.21-23.37.56:297][  0]LogConfig: Setting CVar [[r.AnisotropicMaterials:1]]
[2021.11.21-23.37.56:297][  0]LogConfig: Setting CVar [[r.SSS.Scale:1]]
[2021.11.21-23.37.56:297][  0]LogConfig: Setting CVar [[r.SSS.SampleSet:2]]
[2021.11.21-23.37.56:297][  0]LogConfig: Setting CVar [[r.SSS.Quality:1]]
[2021.11.21-23.37.56:297][  0]LogConfig: Setting CVar [[r.SSS.HalfRes:0]]
[2021.11.21-23.37.56:297][  0]LogConfig: Setting CVar [[r.SSGI.Quality:3]]
[2021.11.21-23.37.56:297][  0]LogConfig: Setting CVar [[r.EmitterSpawnRateScale:1.0]]
[2021.11.21-23.37.56:297][  0]LogConfig: Setting CVar [[r.ParticleLightQuality:2]]
[2021.11.21-23.37.56:297][  0]LogConfig: Setting CVar [[r.SkyAtmosphere.AerialPerspectiveLUT.FastApplyOnOpaque:1 ; Always have FastSkyLUT 1 in this case to avoid wrong sky]]
[2021.11.21-23.37.56:297][  0]LogConfig: Setting CVar [[r.SkyAtmosphere.AerialPerspectiveLUT.SampleCountMaxPerSlice:4]]
[2021.11.21-23.37.56:297][  0]LogConfig: Setting CVar [[r.SkyAtmosphere.AerialPerspectiveLUT.DepthResolution:16.0]]
[2021.11.21-23.37.56:297][  0]LogConfig: Setting CVar [[r.SkyAtmosphere.FastSkyLUT:1]]
[2021.11.21-23.37.56:297][  0]LogConfig: Setting CVar [[r.SkyAtmosphere.FastSkyLUT.SampleCountMin:4.0]]
[2021.11.21-23.37.56:297][  0]LogConfig: Setting CVar [[r.SkyAtmosphere.FastSkyLUT.SampleCountMax:128.0]]
[2021.11.21-23.37.56:297][  0]LogConfig: Setting CVar [[r.SkyAtmosphere.SampleCountMin:4.0]]
[2021.11.21-23.37.56:297][  0]LogConfig: Setting CVar [[r.SkyAtmosphere.SampleCountMax:128.0]]
[2021.11.21-23.37.56:297][  0]LogConfig: Setting CVar [[r.SkyAtmosphere.TransmittanceLUT.UseSmallFormat:0]]
[2021.11.21-23.37.56:297][  0]LogConfig: Setting CVar [[r.SkyAtmosphere.TransmittanceLUT.SampleCount:10.0]]
[2021.11.21-23.37.56:297][  0]LogConfig: Setting CVar [[r.SkyAtmosphere.MultiScatteringLUT.SampleCount:15.0]]
[2021.11.21-23.37.56:297][  0]LogConfig: Setting CVar [[r.SkyLight.RealTimeReflectionCapture:1]]
[2021.11.21-23.37.56:297][  0]LogConfig: Applying CVar settings from Section [FoliageQuality@3] File [C:/Users/trist/Documents/GitHub/UnrealVPTeam15_Repository/VP_Project/Saved/Config/Windows/Scalability.ini]
[2021.11.21-23.37.56:297][  0]LogConfig: Setting CVar [[foliage.DensityScale:1.0]]
[2021.11.21-23.37.56:297][  0]LogConfig: Setting CVar [[grass.DensityScale:1.0]]
[2021.11.21-23.37.56:297][  0]LogConfig: Applying CVar settings from Section [ShadingQuality@3] File [C:/Users/trist/Documents/GitHub/UnrealVPTeam15_Repository/VP_Project/Saved/Config/Windows/Scalability.ini]
[2021.11.21-23.37.56:297][  0]LogConfig: Setting CVar [[r.HairStrands.SkyLighting.IntegrationType:2]]
[2021.11.21-23.37.56:297][  0]LogConfig: Setting CVar [[r.HairStrands.SkyAO.SampleCount:4]]
[2021.11.21-23.37.56:297][  0]LogConfig: Setting CVar [[r.HairStrands.Visibility.MSAA.SamplePerPixel:4]]
[2021.11.21-23.37.56:297][  0]LogConfig: Applying CVar settings from Section [Startup] File [../../../Engine/Config/ConsoleVariables.ini]
[2021.11.21-23.37.56:298][  0]LogConfig: Setting CVar [[net.UseAdaptiveNetUpdateFrequency:0]]
[2021.11.21-23.37.56:298][  0]LogConfig: Setting CVar [[p.chaos.AllowCreatePhysxBodies:1]]
[2021.11.21-23.37.56:298][  0]LogConfig: Setting CVar [[fx.SkipVectorVMBackendOptimizations:1]]
[2021.11.21-23.37.56:298][  0]LogConfig: Applying CVar settings from Section [ConsoleVariables] File [C:/Users/trist/Documents/GitHub/UnrealVPTeam15_Repository/VP_Project/Saved/Config/Windows/Engine.ini]
[2021.11.21-23.37.56:298][  0]LogConfig: Applying CVar settings from Section [ConsoleVariables] File [C:/Users/trist/Documents/GitHub/UnrealVPTeam15_Repository/VP_Project/Saved/Config/Windows/Editor.ini]
[2021.11.21-23.37.56:299][  0]LogInit: Computer: DESKTOP-DO18J85
[2021.11.21-23.37.56:299][  0]LogInit: User: trist
[2021.11.21-23.37.56:299][  0]LogInit: CPU Page size=4096, Cores=6
[2021.11.21-23.37.56:299][  0]LogInit: High frequency timer resolution =10.000000 MHz
[2021.11.21-23.37.56:299][  0]LogMemory: Memory total: Physical=15.9GB (16GB approx)
[2021.11.21-23.37.56:299][  0]LogMemory: Platform Memory Stats for Windows
[2021.11.21-23.37.56:299][  0]LogMemory: Process Physical Memory: 149.01 MB used, 149.01 MB peak
[2021.11.21-23.37.56:299][  0]LogMemory: Process Virtual Memory: 132.16 MB used, 132.16 MB peak
[2021.11.21-23.37.56:299][  0]LogMemory: Physical Memory: 7847.73 MB used,  8466.37 MB free, 16314.10 MB total
[2021.11.21-23.37.56:299][  0]LogMemory: Virtual Memory: 134210208.00 MB used,  7522.41 MB free, 134217728.00 MB total
[2021.11.21-23.37.56:305][  0]LogWindows: WindowsPlatformFeatures enabled
[2021.11.21-23.37.56:439][  0]LogInit: Physics initialised using underlying interface: PhysX
[2021.11.21-23.37.56:442][  0]LogInit: Using OS detected language (en-US).
[2021.11.21-23.37.56:442][  0]LogInit: Using OS detected locale (en-US).
[2021.11.21-23.37.56:464][  0]LogTextLocalizationManager: No specific localization for 'en-US' exists, so the 'en' localization will be used.
[2021.11.21-23.37.56:825][  0]LogInit: Setting process to per monitor DPI aware
[2021.11.21-23.37.56:850][  0]LogWindowsTextInputMethodSystem: Display: IME system deactivated.
[2021.11.21-23.37.56:885][  0]LogSlate: New Slate User Created.  User Index 0, Is Virtual User: 0
[2021.11.21-23.37.56:885][  0]LogSlate: Slate User Registered.  User Index 0, Is Virtual User: 0
[2021.11.21-23.37.57:265][  0]LogD3D11RHI: Loaded GFSDK_Aftermath_Lib.x64.dll
[2021.11.21-23.37.57:270][  0]LogHMD: Failed to initialize OpenVR with code 110
[2021.11.21-23.37.57:270][  0]LogD3D11RHI: D3D11 min allowed feature level: 11_0
[2021.11.21-23.37.57:270][  0]LogD3D11RHI: D3D11 max allowed feature level: 11_0
[2021.11.21-23.37.57:270][  0]LogD3D11RHI: D3D11 adapters:
[2021.11.21-23.37.57:417][  0]LogD3D11RHI:    0. 'NVIDIA GeForce GTX 1660 Ti' (Feature Level 11_0)
[2021.11.21-23.37.57:417][  0]LogD3D11RHI:       5991/0/8157 MB DedicatedVideo/DedicatedSystem/SharedSystem, Outputs:1, VendorId:0x10de
[2021.11.21-23.37.57:421][  0]LogD3D11RHI:    1. 'Microsoft Basic Render Driver' (Feature Level 11_0)
[2021.11.21-23.37.57:421][  0]LogD3D11RHI:       0/0/8157 MB DedicatedVideo/DedicatedSystem/SharedSystem, Outputs:0, VendorId:0x1414
[2021.11.21-23.37.57:421][  0]LogD3D11RHI: Chosen D3D11 Adapter:
[2021.11.21-23.37.57:421][  0]LogD3D11RHI:     Description : NVIDIA GeForce GTX 1660 Ti
[2021.11.21-23.37.57:421][  0]LogD3D11RHI:     VendorId    : 10de
[2021.11.21-23.37.57:421][  0]LogD3D11RHI:     DeviceId    : 2182
[2021.11.21-23.37.57:421][  0]LogD3D11RHI:     SubSysId    : 3fc51458
[2021.11.21-23.37.57:421][  0]LogD3D11RHI:     Revision    : 00a1
[2021.11.21-23.37.57:421][  0]LogD3D11RHI:     DedicatedVideoMemory : 6282018816 bytes
[2021.11.21-23.37.57:421][  0]LogD3D11RHI:     DedicatedSystemMemory : 0 bytes
[2021.11.21-23.37.57:421][  0]LogD3D11RHI:     SharedSystemMemory : 8553287680 bytes
[2021.11.21-23.37.57:421][  0]LogD3D11RHI:     AdapterLuid : 0 44543
[2021.11.21-23.37.57:430][  0]LogD3D11RHI: Creating new Direct3DDevice
[2021.11.21-23.37.57:430][  0]LogD3D11RHI:     GPU DeviceId: 0x2182 (for the marketing name, search the web for "GPU Device Id")
[2021.11.21-23.37.57:430][  0]LogWindows: EnumDisplayDevices:
[2021.11.21-23.37.57:431][  0]LogWindows:    0. 'NVIDIA GeForce GTX 1660 Ti' (P:1 D:1)
[2021.11.21-23.37.57:431][  0]LogWindows:    1. 'NVIDIA GeForce GTX 1660 Ti' (P:0 D:0)
[2021.11.21-23.37.57:431][  0]LogWindows:    2. 'NVIDIA GeForce GTX 1660 Ti' (P:0 D:0)
[2021.11.21-23.37.57:431][  0]LogWindows:    3. 'NVIDIA GeForce GTX 1660 Ti' (P:0 D:0)
[2021.11.21-23.37.57:432][  0]LogWindows: DebugString: FoundDriverCount:4 
[2021.11.21-23.37.57:432][  0]LogD3D11RHI:     Adapter Name: NVIDIA GeForce GTX 1660 Ti
[2021.11.21-23.37.57:432][  0]LogD3D11RHI:   Driver Version: 496.49 (internal:30.0.14.9649, unified:496.49)
[2021.11.21-23.37.57:432][  0]LogD3D11RHI:      Driver Date: 10-20-2021
[2021.11.21-23.37.57:432][  0]LogRHI: Texture pool is 4193 MB (70% of 5991 MB)
[2021.11.21-23.37.57:432][  0]LogD3D11RHI: Creating D3DDevice using adapter:
[2021.11.21-23.37.57:432][  0]LogD3D11RHI:     Description : NVIDIA GeForce GTX 1660 Ti
[2021.11.21-23.37.57:432][  0]LogD3D11RHI:     VendorId    : 10de
[2021.11.21-23.37.57:432][  0]LogD3D11RHI:     DeviceId    : 2182
[2021.11.21-23.37.57:432][  0]LogD3D11RHI:     SubSysId    : 3fc51458
[2021.11.21-23.37.57:432][  0]LogD3D11RHI:     Revision    : 00a1
[2021.11.21-23.37.57:432][  0]LogD3D11RHI:     DedicatedVideoMemory : 6282018816 bytes
[2021.11.21-23.37.57:432][  0]LogD3D11RHI:     DedicatedSystemMemory : 0 bytes
[2021.11.21-23.37.57:432][  0]LogD3D11RHI:     SharedSystemMemory : 8553287680 bytes
[2021.11.21-23.37.57:432][  0]LogD3D11RHI:     AdapterLuid : 0 44543
[2021.11.21-23.37.57:512][  0]LogD3D11RHI: RHI has support for 64 bit atomics
[2021.11.21-23.37.57:512][  0]LogD3D11RHI: Async texture creation enabled
[2021.11.21-23.37.57:512][  0]LogD3D11RHI: Array index from any shader is supported
[2021.11.21-23.37.57:554][  0]LogD3D11RHI: GPU Timing Frequency: 1000.000000 (Debug: 2 1)
[2021.11.21-23.37.57:603][  0]LogRHI: GeForceNow SDK initialized: 1
[2021.11.21-23.37.58:105][  0]LogTargetPlatformManager: Display: Loaded TargetPlatform 'AllDesktop'
[2021.11.21-23.37.58:132][  0]LogTargetPlatformManager: Display: Loaded TargetPlatform 'Android'
[2021.11.21-23.37.58:132][  0]LogTargetPlatformManager: Display: Loaded TargetPlatform 'Android_ASTC'
[2021.11.21-23.37.58:132][  0]LogTargetPlatformManager: Display: Loaded TargetPlatform 'Android_DXT'
[2021.11.21-23.37.58:132][  0]LogTargetPlatformManager: Display: Loaded TargetPlatform 'Android_ETC2'
[2021.11.21-23.37.58:132][  0]LogTargetPlatformManager: Display: Loaded TargetPlatform 'AndroidClient'
[2021.11.21-23.37.58:132][  0]LogTargetPlatformManager: Display: Loaded TargetPlatform 'Android_ASTCClient'
[2021.11.21-23.37.58:132][  0]LogTargetPlatformManager: Display: Loaded TargetPlatform 'Android_DXTClient'
[2021.11.21-23.37.58:132][  0]LogTargetPlatformManager: Display: Loaded TargetPlatform 'Android_ETC2Client'
[2021.11.21-23.37.58:132][  0]LogTargetPlatformManager: Display: Loaded TargetPlatform 'Android_Multi'
[2021.11.21-23.37.58:132][  0]LogTargetPlatformManager: Display: Loaded TargetPlatform 'Android_MultiClient'
[2021.11.21-23.37.58:159][  0]LogTargetPlatformManager: Display: Loaded TargetPlatform 'IOSClient'
[2021.11.21-23.37.58:159][  0]LogTargetPlatformManager: Display: Loaded TargetPlatform 'IOS'
[2021.11.21-23.37.58:173][  0]LogTargetPlatformManager: Display: Loaded TargetPlatform 'Linux'
[2021.11.21-23.37.58:179][  0]LogTargetPlatformManager: Display: Loaded TargetPlatform 'LinuxNoEditor'
[2021.11.21-23.37.58:186][  0]LogTargetPlatformManager: Display: Loaded TargetPlatform 'LinuxClient'
[2021.11.21-23.37.58:192][  0]LogTargetPlatformManager: Display: Loaded TargetPlatform 'LinuxServer'
[2021.11.21-23.37.58:205][  0]LogTargetPlatformManager: Display: Loaded TargetPlatform 'LinuxAArch64NoEditor'
[2021.11.21-23.37.58:211][  0]LogTargetPlatformManager: Display: Loaded TargetPlatform 'LinuxAArch64Client'
[2021.11.21-23.37.58:217][  0]LogTargetPlatformManager: Display: Loaded TargetPlatform 'LinuxAArch64Server'
[2021.11.21-23.37.58:248][  0]LogTargetPlatformManager: Display: Loaded TargetPlatform 'Lumin'
[2021.11.21-23.37.58:248][  0]LogTargetPlatformManager: Display: Loaded TargetPlatform 'LuminClient'
[2021.11.21-23.37.58:260][  0]LogTargetPlatformManager: Display: Loaded TargetPlatform 'MacNoEditor'
[2021.11.21-23.37.58:266][  0]LogTargetPlatformManager: Display: Loaded TargetPlatform 'Mac'
[2021.11.21-23.37.58:273][  0]LogTargetPlatformManager: Display: Loaded TargetPlatform 'MacClient'
[2021.11.21-23.37.58:279][  0]LogTargetPlatformManager: Display: Loaded TargetPlatform 'MacServer'
[2021.11.21-23.37.58:293][  0]LogTargetPlatformManager: Display: Loaded TargetPlatform 'TVOSClient'
[2021.11.21-23.37.58:293][  0]LogTargetPlatformManager: Display: Loaded TargetPlatform 'TVOS'
[2021.11.21-23.37.58:305][  0]LogTargetPlatformManager: Display: Loaded TargetPlatform 'WindowsNoEditor'
[2021.11.21-23.37.58:314][  0]LogTargetPlatformManager: Display: Loaded TargetPlatform 'Windows'
[2021.11.21-23.37.58:320][  0]LogTargetPlatformManager: Display: Loaded TargetPlatform 'WindowsClient'
[2021.11.21-23.37.58:326][  0]LogTargetPlatformManager: Display: Loaded TargetPlatform 'WindowsServer'
[2021.11.21-23.37.58:326][  0]LogTargetPlatformManager: Display: Building Assets For Windows
[2021.11.21-23.37.58:341][  0]LogAudioDebug: Display: Lib vorbis DLL was dynamically loaded.
[2021.11.21-23.37.58:396][  0]LogTextureFormatOodle: Display: Oodle Texture 2.9.0 init RDO Off
[2021.11.21-23.37.58:496][  0]LogRendererCore: Ray tracing is disabled. Reason: r.RayTracing=0.
[2021.11.21-23.37.58:496][  0]LogShaderCompilers: Guid format shader working directory is -38 characters bigger than the processId version (../../../../../../Users/trist/Documents/GitHub/UnrealVPTeam15_Repository/VP_Project/Intermediate/Shaders/WorkingDirectory/22732/).
[2021.11.21-23.37.58:497][  0]LogShaderCompilers: Cleaned the shader compiler working directory 'C:/Users/trist/AppData/Local/Temp/UnrealShaderWorkingDir/C7B31C7C495BF81B9630FCB944AC1B95/'.
[2021.11.21-23.37.58:498][  0]LogXGEController: Cannot use XGE Controller as Incredibuild is not installed on this machine.
[2021.11.21-23.37.58:498][  0]LogShaderCompilers: Cannot use XGE Shader Compiler as Incredibuild is not installed on this machine.
[2021.11.21-23.37.58:498][  0]LogShaderCompilers: Display: Using Local Shader Compiler.
[2021.11.21-23.37.59:489][  0]LogDerivedDataCache: Display: Max Cache Size: 512 MB
[2021.11.21-23.37.59:735][  0]LogDerivedDataCache: Loaded boot cache 0.25s 94MB C:/Users/trist/AppData/Local/UnrealEngine/4.27/DerivedDataCache/Boot.ddc.
[2021.11.21-23.37.59:735][  0]LogDerivedDataCache: Display: Loaded Boot cache: C:/Users/trist/AppData/Local/UnrealEngine/4.27/DerivedDataCache/Boot.ddc
[2021.11.21-23.37.59:735][  0]LogDerivedDataCache: FDerivedDataBackendGraph:  Pak pak cache file ../../../../../../Users/trist/Documents/GitHub/UnrealVPTeam15_Repository/VP_Project/DerivedDataCache/DDC.ddp not found, will not use a pak cache.
[2021.11.21-23.37.59:735][  0]LogDerivedDataCache: Unable to find inner node Pak for hierarchical cache Hierarchy.
[2021.11.21-23.37.59:735][  0]LogDerivedDataCache: FDerivedDataBackendGraph:  CompressedPak pak cache file ../../../../../../Users/trist/Documents/GitHub/UnrealVPTeam15_Repository/VP_Project/DerivedDataCache/Compressed.ddp not found, will not use a pak cache.
[2021.11.21-23.37.59:735][  0]LogDerivedDataCache: Unable to find inner node CompressedPak for hierarchical cache Hierarchy.
[2021.11.21-23.37.59:758][  0]LogDerivedDataCache: Display: Pak cache opened for reading ../../../Engine/DerivedDataCache/Compressed.ddp.
[2021.11.21-23.37.59:758][  0]LogDerivedDataCache: FDerivedDataBackendGraph:  EnterprisePak pak cache file ../../../Enterprise/DerivedDataCache/Compressed.ddp not found, will not use a pak cache.
[2021.11.21-23.37.59:758][  0]LogDerivedDataCache: Unable to find inner node EnterprisePak for hierarchical cache Hierarchy.
[2021.11.21-23.37.59:789][  0]LogDerivedDataCache: Speed tests for C:/Users/trist/AppData/Local/UnrealEngine/Common/DerivedDataCache took 0.03 seconds
[2021.11.21-23.37.59:789][  0]LogDerivedDataCache: Display: Performance to C:/Users/trist/AppData/Local/UnrealEngine/Common/DerivedDataCache: Latency=0.28ms. RandomReadSpeed=145.50MBs, RandomWriteSpeed=45.00MBs. Assigned SpeedClass 'Local'
[2021.11.21-23.37.59:790][  0]LogDerivedDataCache: Using Local data cache path C:/Users/trist/AppData/Local/UnrealEngine/Common/DerivedDataCache: Writable
[2021.11.21-23.37.59:790][  0]LogDerivedDataCache: Shared data cache path not found in *engine.ini, will not use an Shared cache.
[2021.11.21-23.37.59:790][  0]LogDerivedDataCache: Unable to find inner node Shared for hierarchical cache Hierarchy.
[2021.11.21-23.37.59:846][  0]LogSlate: Using FreeType 2.10.0
[2021.11.21-23.37.59:849][  0]LogSlate: SlateFontServices - WITH_FREETYPE: 1, WITH_HARFBUZZ: 1
[2021.11.21-23.37.59:889][  0]LogAssetRegistry: FAssetRegistry took 0.0050 seconds to start up
[2021.11.21-23.38.00:435][  0]LogInit: Selected Device Profile: [Windows]
[2021.11.21-23.38.00:435][  0]LogInit: Active device profile: [000002338E007A00][00000233FD3A2680 49] Windows
[2021.11.21-23.38.00:435][  0]LogInit: Profiles: [000002338E007A00][00000233FD3A2680 49] Windows, [000002338DFBC700][000002338DC52800 49] WindowsNoEditor, [000002338E004800][000002338DC4E940 49] WindowsServer, [000002338DFBF200][000002338DC56A80 49] WindowsClient, [000002338E007100][000002338DC5ABC0 49] IOS, [000002338DFBD100][000002338DC5ED00 49] iPadAir, [000002338E005000][000002338DC66E80 49] iPadAir2, [000002338DF3C200][000002338DC6F140 49] IPadPro, [000002338DF3BF00][000002338DC6B180 49] iPadAir3, [000002338E006C00][000002338DC73300 49] iPadAir4, [000002338DF38D00][000002338DC77480 49] iPadMini2, [000002338E005400][000002338DC7B600 49] iPadMini3, [000002338DF3AD00][000002338DC7F780 49] iPadMini4, [000002338E006400][000002338DC83900 49] iPadMini5, [000002338DFBEB00][000002338DC8BBC0 49] iPhone6, [000002338DFBEA00][000002338DC87C00 49] iPodTouch6, [000002338DF39000][000002338DC92340 49] iPhone7, [000002338DF39100][000002338DC8E380 49] iPodTouch7, [000002338DFBF300][000002338DC96500 49] iPhone5S, [000002338DF3B600][000002338DC9A680 49] iPhone6Plus, [000002338DFBD400][000002338DC9E800 49] iPhone6S, [000002338DF3A000][000002338DCA2980 49] iPhone6SPlus, [000002338DFBCF00][000002338DCA6B00 49] iPhone7Plus, [000002338DF38700][000002338DC62C40 49] iPhoneSE, [000002338DFBDB00][000002338DCAAD80 49] iPhone8, [000002338DF39900][000002338DCAEEC0 49] iPhone8Plus, [000002338DFBC300][000002338DCB7040 49] iPhoneX, [000002338DF38300][000002338DCBB1C0 49] iPhoneXS, [000002338DFBDD00][000002338DCBF340 49] iPhoneXSMax, [000002338DF3B000][000002338DCC34C0 49] iPhoneXR, [000002338DFBD600][000002338DCC7640 49] iPhone11, [000002338DF3AC00][000002338DCCB7C0 49] iPhone11Pro, [000002338DFBEC00][000002338EDF1940 49] iPhone11ProMax, [000002338DF3B400][000002338EDF5AC0 49] iPhoneSE2, [000002338DFBF900][000002338EDF80C0 49] iPhone12Mini, [000002338DF39E00][000002338EDFC240 49] iPhone12, [000002338DFBF000][000002338EE003C0 49] iPhone12Pro, [000002338DF39A00][000002338EE04540 49] iPhone12ProMax, [000002338DFBE700][000002338EE086C0 49] iPadPro105, [000002338DF38500][000002338EE0C840 49] iPadPro129, [000002338DFBC100][000002338EE109C0 49] iPadPro97, [000002338DF3B100][000002338EE14B40 49] iPadPro2_129, [000002338DFBD000][000002338EE18CC0 49] iPad5, [000002338DF39D00][000002338DCB2E00 49] iPad6, [000002338DFBC400][000002338EE1CF40 49] iPad7, [000002338DF38600][000002338EE21080 49] iPad8, [000002338DFBCE00][000002338EE251C0 49] iPadPro11, [000002338DF38400][000002338EE2D340 49] iPadPro2_11, [000002338DFBD700][000002338EE314C0 49] iPadPro3_129, [000002338DF3AF00][000002338EE35640 49] iPadPro4_129, [000002338DFBE900][000002338EE397C0 49] AppleTV, [000002338DF3B900][000002338EE3D940 49] AppleTV4K, [000002338DFBE400][000002338EE41AC0 49] TVOS, [000002338DF39800][000002338EE440C0 49] Mac, [000002338DFBE000][000002338EE48240 49] MacClient, [000002338DF39300][000002338EE4C3C0 49] MacNoEditor, [000002338DFBD800][000002338EE50540 49] MacServer, [000002338DF38900][000002338EE546C0 49] Linux, [000002338DFBF100][000002338EE58840 49] LinuxAArch64, [000002338DF3A300][000002338EE5C9C0 49] LinuxNoEditor, [000002338DFBD300][000002338EE60B40 49] LinuxAArch64NoEditor, [000002338DF38100][000002338EE64CC0 49] LinuxClient, [000002338CDDA000][000002338EE68E40 49] LinuxAArch64Client, [000002338DF3C500][000002338EE28F80 49] LinuxServer, [000002338CDDA300][000002338EE6D0C0 49] LinuxAArch64Server, [000002338DF3C900][000002338EE71200 49] Android, [000002338CDD9B00][000002338EE75340 49] Android_Low, [000002338DF3CC00][000002338EE7D4C0 49] Android_Mid, [000002338CDD8400][000002338EE81640 49] Android_High, [000002338DF3E900][000002338EE857C0 49] Android_Default, [000002338CDD9400][000002338EE89940 49] Android_Adreno4xx, [000002338DF3D600][000002338EE8DAC0 49] Android_Adreno5xx_Low, [000002338CDDA500][000002338EE900C0 49] Android_Adreno5xx, [000002338DF3F300][000002338EE94240 49] Android_Adreno6xx, [000002338CDD8300][000002338EE983C0 49] Android_Adreno6xx_Vulkan, [000002338DF3ED00][000002338EE9C540 49] Android_Mali_T6xx, [000002338CDDAA00][000002338EEA06C0 49] Android_Mali_T7xx, [000002338DF3FE00][000002338EEA4840 49] Android_Mali_T8xx, [000002338CDDA200][000002338EEA89C0 49] Android_Mali_G71, [000002338DF3E600][000002338EEACB40 49] Android_Mali_G72, [000002338CDDA100][000002338EEB0CC0 49] Android_Mali_G72_Vulkan, [000002338DF3E400][000002338EEB4E40 49] Android_Mali_G76, [000002338CDDAD00][000002338EEB8FC0 49] Android_Mali_G76_Vulkan, [000002338DF3C600][000002338EEBD140 49] Android_Mali_G77, [000002338CDD8700][000002338EE79280 49] Android_Mali_G77_Vulkan, [000002338DF3F000][000002338EF2B3C0 49] Android_Mali_G78, [000002338DF38E00][000002338EF2F500 49] Android_Mali_G78_Vulkan, [000002338DFBE500][000002338EF37680 49] Android_Mali_G710, [000002338DF39400][000002338EF3B800 49] Android_Mali_G710_Vulkan, [000002338DFBD200][000002338EF3F980 49] Android_Vulkan_SM5, [000002338DF3B800][000002338EF43B00 49] Android_PowerVR_G6xxx, [000002338DFBCB00][000002338EF46100 49] Android_PowerVR_GT7xxx, [000002338CDD9100][000002338EF4A280 49] Android_PowerVR_GE8xxx, [000002338DFBF600][000002338EF4E400 49] Android_PowerVR_GM9xxx, [000002338CDDA700][000002338EF52580 49] Android_PowerVR_GM9xxx_Vulkan, [000002338DFBED00][000002338EF56700 49] Android_TegraK1, [000002338CDD9F00][000002338EF5A880 49] Android_Unknown_Vulkan, [000002338DFBDC00][000002338EF5EA00 49] Lumin, [000002338CDD9700][000002338EF62B80 49] Lumin_Desktop, [000002338DFBEE00][000002338EF66D00 49] HoloLens, 
[2021.11.21-23.38.00:914][  0]LogMeshReduction: Using QuadricMeshReduction for automatic static mesh reduction
[2021.11.21-23.38.00:914][  0]LogMeshReduction: Using SimplygonMeshReduction for automatic skeletal mesh reduction
[2021.11.21-23.38.00:914][  0]LogMeshReduction: Using ProxyLODMeshReduction for automatic mesh merging
[2021.11.21-23.38.00:914][  0]LogMeshReduction: No distributed automatic mesh merging module available
[2021.11.21-23.38.00:916][  0]LogMeshMerging: No distributed automatic mesh merging module available
[2021.11.21-23.38.01:014][  0]LogNetVersion: VP_Project 1.0.0, NetCL: 17155196, EngineNetVer: 17, GameNetVer: 0 (Checksum: 2314028429)
[2021.11.21-23.38.01:691][  0]LogTexture: Default maximum texture size for cubemaps generated from long-lat sources has been changed from 512 to unlimited. In order to preserve old behaiour for '/Engine/MapTemplates/Sky/DaylightAmbientCubemap.DaylightAmbientCubemap', its maximum texture size has been explicitly set to 512.
[2021.11.21-23.38.01:769][  0]LogHMD: PokeAHoleMaterial loaded successfully
[2021.11.21-23.38.01:778][  0]LogUObjectArray: 17178 objects as part of root set at end of initial load.
[2021.11.21-23.38.01:778][  0]LogUObjectAllocator: 4301856 out of 0 bytes used by permanent object pool.
[2021.11.21-23.38.01:778][  0]LogUObjectArray: CloseDisregardForGC: 0/0 objects in disregard for GC pool
[2021.11.21-23.38.02:317][  0]LogPython: Using Python 3.7.7
[2021.11.21-23.38.02:952][  0]LogNiagaraDebuggerClient: Niagara Debugger Client Initialized | Session: AE7CCBF548413D811A27DABA72094B3B | Instance: 2B1F213A42A3787CEAE5008516E511E8 (DESKTOP-DO18J85-22732).
[2021.11.21-23.38.03:266][  0]LogImageWrapper: Warning: PNG Warning: Duplicate iCCP chunk
[2021.11.21-23.38.03:266][  0]LogImageWrapper: Warning: PNG Warning: Duplicate iCCP chunk
[2021.11.21-23.38.03:266][  0]LogTcpMessaging: Initializing TcpMessaging bridge
[2021.11.21-23.38.03:275][  0]LogUdpMessaging: Initializing bridge on interface 0.0.0.0:0 to multicast group 230.0.0.1:6666.
[2021.11.21-23.38.03:392][  0]LogLinker: Warning: Failed to load '/Game/FlyingBP/FlyingOverview': Can't find file.
[2021.11.21-23.38.03:392][  0]LogLinker: Warning: Failed to load '/Game/FlyingBP/FlyingOverview': Can't find file.
[2021.11.21-23.38.03:392][  0]LogUObjectGlobals: Warning: Failed to find object 'Class /Game/FlyingBP/FlyingOverview.FlyingOverview_C'
[2021.11.21-23.38.03:874][  0]SourceControl: Source control is disabled
[2021.11.21-23.38.03:874][  0]SourceControl: Source control is disabled
[2021.11.21-23.38.03:919][  0]SourceControl: Source control is disabled
[2021.11.21-23.38.03:932][  0]SourceControl: Source control is disabled
[2021.11.21-23.38.03:951][  0]SourceControl: Source control is disabled
[2021.11.21-23.38.03:954][  0]LogUProjectInfo: Found projects:
[2021.11.21-23.38.03:988][  0]LogOpenImageDenoise: OIDN starting up
[2021.11.21-23.38.04:083][  0]LogAndroidPermission: UAndroidPermissionCallbackProxy::GetInstance
[2021.11.21-23.38.04:116][  0]LogAudioCaptureCore: Display: No Audio Capture implementations found. Audio input will be silent.
[2021.11.21-23.38.04:116][  0]LogAudioCaptureCore: Display: No Audio Capture implementations found. Audio input will be silent.
[2021.11.21-23.38.04:302][  0]LogCollectionManager: Loaded 0 collections in 0.002504 seconds
[2021.11.21-23.38.04:345][  0]LogFileCache: Scanning file cache for directory 'C:/Users/trist/Documents/GitHub/UnrealVPTeam15_Repository/VP_Project/Saved/Collections/' took 0.00s
[2021.11.21-23.38.04:345][  0]LogFileCache: Scanning file cache for directory 'C:/Users/trist/Documents/GitHub/UnrealVPTeam15_Repository/VP_Project/Content/Developers/trist/Collections/' took 0.00s
[2021.11.21-23.38.04:345][  0]LogFileCache: Scanning file cache for directory 'C:/Users/trist/Documents/GitHub/UnrealVPTeam15_Repository/VP_Project/Content/Collections/' took 0.00s
[2021.11.21-23.38.04:345][  0]LogOcInput: OculusInput pre-init called
[2021.11.21-23.38.04:521][  0]LogImageWrapper: Warning: PNG Warning: Duplicate iCCP chunk
[2021.11.21-23.38.04:521][  0]LogImageWrapper: Warning: PNG Warning: Duplicate iCCP chunk
[2021.11.21-23.38.04:619][  0]LogEngine: Initializing Engine...
[2021.11.21-23.38.04:631][  0]LogHMD: Failed to enumerate extensions. Please check that you have a valid OpenXR runtime installed.
[2021.11.21-23.38.04:632][  0]LogHMD: Failed to initialize OpenVR with code 110
[2021.11.21-23.38.04:632][  0]LogMagicLeap: Warning: VR disabled because ZI is not enabled.  To enable, in the editor, Edit -> Project Settings -> Plugins -> Magic Leap Plugin -> Enable Zero Iteration
[2021.11.21-23.38.04:635][  0]LogStats: UGameplayTagsManager::InitializeManager -  0.001 s
[2021.11.21-23.38.04:760][  0]LogInit: Initializing FReadOnlyCVARCache
[2021.11.21-23.38.04:795][  0]LogAIModule: Creating AISystem for world Untitled
[2021.11.21-23.38.04:800][  0]LogAudio: Display: Initializing Audio Device Manager...
[2021.11.21-23.38.04:806][  0]LogAudio: Display: Loading Default Audio Settings Objects...
[2021.11.21-23.38.04:807][  0]LogAudio: Display: No default SoundConcurrencyObject specified (or failed to load).
[2021.11.21-23.38.04:808][  0]LogAudio: Display: Audio Device Manager Initialized
[2021.11.21-23.38.04:808][  0]LogAudio: Display: Creating Audio Device:                 Id: 1, Scope: Shared, Realtime: True
[2021.11.21-23.38.04:808][  0]LogAudioMixer: Display: Audio Mixer Platform Settings:
[2021.11.21-23.38.04:808][  0]LogAudioMixer: Display: 	Sample Rate:						  48000
[2021.11.21-23.38.04:808][  0]LogAudioMixer: Display: 	Callback Buffer Frame Size Requested: 1024
[2021.11.21-23.38.04:808][  0]LogAudioMixer: Display: 	Callback Buffer Frame Size To Use:	  1024
[2021.11.21-23.38.04:808][  0]LogAudioMixer: Display: 	Number of buffers to queue:			  2
[2021.11.21-23.38.04:809][  0]LogAudioMixer: Display: 	Max Channels (voices):				  32
[2021.11.21-23.38.04:809][  0]LogAudioMixer: Display: 	Number of Async Source Workers:		  0
[2021.11.21-23.38.04:809][  0]LogAudio: Display: AudioDevice MaxSources: 32
[2021.11.21-23.38.04:809][  0]LogAudio: Display: Audio Spatialization Plugin: None (built-in).
[2021.11.21-23.38.04:809][  0]LogAudio: Display: Audio Reverb Plugin: None (built-in).
[2021.11.21-23.38.04:809][  0]LogAudio: Display: Audio Occlusion Plugin: None (built-in).
[2021.11.21-23.38.04:809][  0]LogAudioMixer: Display: Initializing audio mixer.
[2021.11.21-23.38.04:834][  0]LogAudioMixer: Display: 0: FrontLeft
[2021.11.21-23.38.04:834][  0]LogAudioMixer: Display: 1: FrontRight
[2021.11.21-23.38.04:974][  0]LogAudioMixer: Display: Using Audio Device Speakers (Realtek High Definition Audio)
[2021.11.21-23.38.04:974][  0]LogAudioMixer: Display: Initializing Sound Submixes...
[2021.11.21-23.38.04:977][  0]LogAudioMixer: Display: Creating Master Submix 'MasterSubmixDefault'
[2021.11.21-23.38.04:979][  0]LogAudioMixer: Display: Creating Master Submix 'MasterReverbSubmixDefault'
[2021.11.21-23.38.04:979][  0]LogAudioMixer: Display: Creating Master Submix 'MasterEQSubmixDefault'
[2021.11.21-23.38.04:979][  0]LogAudioMixer: FMixerPlatformXAudio2::StartAudioStream() called
[2021.11.21-23.38.04:979][  0]LogAudioMixer: Display: Output buffers initialized: Frames=1024, Channels=2, Samples=2048
[2021.11.21-23.38.04:981][  0]LogAudioMixer: Display: Starting AudioMixerPlatformInterface::RunInternal()
[2021.11.21-23.38.04:981][  0]LogAudioMixer: Display: FMixerPlatformXAudio2::SubmitBuffer() called for the first time
[2021.11.21-23.38.04:981][  0]LogInit: FAudioDevice initialized.
[2021.11.21-23.38.04:982][  0]LogAudio: Display: Audio Device (ID: 1) registered with world 'Untitled'.
[2021.11.21-23.38.04:982][  0]LogNetVersion: Set ProjectVersion to 1.0.0.0. Version Checksum will be recalculated on next use.
[2021.11.21-23.38.05:083][  0]LogDerivedDataCache: Saved boot cache 0.10s 94MB C:/Users/trist/AppData/Local/UnrealEngine/4.27/DerivedDataCache/Boot.ddc.
[2021.11.21-23.38.05:086][  0]LogInit: Texture streaming: Enabled
[2021.11.21-23.38.05:112][  0]LogAnalytics: Display: [UEEditor.Rocket.Release] APIServer = https://datarouter.ol.epicgames.com/. AppVersion = 4.27.1-17735300+++UE4+Release-4.27
[2021.11.21-23.38.05:117][  0]LogEngineSessionManager: EngineSessionManager initialized
[2021.11.21-23.38.05:117][  0]LogEditorSessionSummary: Verbose: Initializing EditorSessionSummaryWriter for editor session tracking
[2021.11.21-23.38.05:121][  0]LogEditorSessionSummary: EditorSessionSummaryWriter initialized
[2021.11.21-23.38.05:369][  0]LogInit: Transaction tracking system initialized
[2021.11.21-23.38.05:421][  0]BlueprintLog: New page: Editor Load
[2021.11.21-23.38.05:569][  0]LocalizationService: Localization service is disabled
[2021.11.21-23.38.05:634][  0]TimingProfiler: Initialize
[2021.11.21-23.38.05:636][  0]TimingProfiler: OnSessionChanged
[2021.11.21-23.38.05:636][  0]LoadingProfiler: Initialize
[2021.11.21-23.38.05:636][  0]LoadingProfiler: OnSessionChanged
[2021.11.21-23.38.05:636][  0]NetworkingProfiler: Initialize
[2021.11.21-23.38.05:637][  0]NetworkingProfiler: OnSessionChanged
[2021.11.21-23.38.05:637][  0]MemoryProfiler: Initialize
[2021.11.21-23.38.05:637][  0]MemoryProfiler: OnSessionChanged
[2021.11.21-23.38.05:881][  0]LogFileCache: Scanning file cache for directory 'C:/Users/trist/Documents/GitHub/UnrealVPTeam15_Repository/VP_Project/Content/' took 0.01s
[2021.11.21-23.38.05:881][  0]LogCook: Display: CookSettings for Memory: MemoryMaxUsedVirtual 0MiB, MemoryMaxUsedPhysical 16384MiB, MemoryMinFreeVirtual 0MiB, MemoryMinFreePhysical 1024MiB
[2021.11.21-23.38.05:881][  0]LogCook: Display: Mobile HDR setting 1
[2021.11.21-23.38.06:411][  0]LogImageWrapper: Warning: PNG Warning: Duplicate iCCP chunk
[2021.11.21-23.38.06:411][  0]LogImageWrapper: Warning: PNG Warning: Duplicate iCCP chunk
[2021.11.21-23.38.06:411][  0]LogInit: Display: Engine is initialized. Leaving FEngineLoop::Init()
[2021.11.21-23.38.06:421][  0]SourceControl: Source control is disabled
[2021.11.21-23.38.06:421][  0]LogUnrealEdMisc: Loading editor; pre map load, took 13.209
[2021.11.21-23.38.06:422][  0]Cmd: MAP LOAD FILE="../../../../../../Users/trist/Documents/GitHub/UnrealVPTeam15_Repository/VP_Project/Content/StarterContent/Maps/Minimal_Default.umap" TEMPLATE=0 SHOWPROGRESS=1 FEATURELEVEL=3
[2021.11.21-23.38.06:424][  0]LightingResults: New page: Lighting Build
[2021.11.21-23.38.06:430][  0]LogWorld: UWorld::CleanupWorld for Untitled, bSessionEnded=true, bCleanupResources=true
[2021.11.21-23.38.06:431][  0]LogSlate: InvalidateAllWidgets triggered.  All widgets were invalidated
[2021.11.21-23.38.06:432][  0]MapCheck: New page: Map Check
[2021.11.21-23.38.06:432][  0]LightingResults: New page: Lighting Build
[2021.11.21-23.38.06:439][  0]LogAudio: Display: Audio Device unregistered from world 'None'.
[2021.11.21-23.38.06:445][  0]LogUObjectHash: Compacting FUObjectHashTables data took   0.90ms
[2021.11.21-23.38.06:500][  0]LogLinker: Warning: [AssetLog] C:\Users\trist\Documents\GitHub\UnrealVPTeam15_Repository\VP_Project\Content\StarterContent\Maps\Minimal_Default.umap: Failed to load '/Game/StarterContent/Maps/Minimal_Default_BuiltData': Can't find file.
[2021.11.21-23.38.06:501][  0]LogLinker: Warning: [AssetLog] C:\Users\trist\Documents\GitHub\UnrealVPTeam15_Repository\VP_Project\Content\StarterContent\Maps\Minimal_Default.umap: Failed to load '/Game/StarterContent/Maps/Minimal_Default_BuiltData': Can't find file.
[2021.11.21-23.38.06:510][  0]LogLinker: Warning: [AssetLog] C:\Users\trist\Documents\GitHub\UnrealVPTeam15_Repository\VP_Project\Content\StarterContent\Maps\Minimal_Default.umap: Failed to load '/Game/StarterContent/Maps/Minimal_Default_BuiltData': Can't find file.
[2021.11.21-23.38.06:515][  0]LogLinker: Warning: Failed to load '/Game/StarterContent/Maps/Minimal_Default_BuiltData': Can't find file.
[2021.11.21-23.38.06:515][  0]LogLinker: Warning: Failed to load '/Game/StarterContent/Maps/Minimal_Default_BuiltData': Can't find file.
[2021.11.21-23.38.06:523][  0]LogLinker: Warning: [AssetLog] C:\Users\trist\Documents\GitHub\UnrealVPTeam15_Repository\VP_Project\Content\StarterContent\Maps\Minimal_Default.umap: Failed to load '/Game/StarterContent/Maps/Minimal_Default_BuiltData': Can't find file.
[2021.11.21-23.38.06:523][  0]LoadErrors: Failed to load /Game/StarterContent/Maps/Minimal_Default_BuiltData.Minimal_Default_BuiltData Referenced by PersistentLevel
[2021.11.21-23.38.06:632][  0]LogAudio: Display: Audio Device (ID: 1) registered with world 'Minimal_Default'.
[2021.11.21-23.38.06:634][  0]LogAIModule: Creating AISystem for world Minimal_Default
[2021.11.21-23.38.06:648][  0]LogEditorServer: Finished looking for orphan Actors (0.000 secs)
[2021.11.21-23.38.06:657][  0]LogUObjectHash: Compacting FUObjectHashTables data took   0.90ms
[2021.11.21-23.38.06:658][  0]Cmd: MAP CHECKDEP NOCLEARLOG
[2021.11.21-23.38.06:659][  0]MapCheck: Map check complete: 0 Error(s), 0 Warning(s), took 0.519ms to complete.
[2021.11.21-23.38.06:659][  0]LogFileHelpers: Loading map 'Minimal_Default' took 0.237
[2021.11.21-23.38.06:682][  0]LogUnrealEdMisc: Total Editor Startup Time, took 13.470
[2021.11.21-23.38.06:829][  0]LogSlate: Updating window title bar state: overlay mode, drag disabled, window buttons hidden, title bar hidden
[2021.11.21-23.38.06:837][  0]LogSlate: Updating window title bar state: overlay mode, drag disabled, window buttons hidden, title bar hidden
[2021.11.21-23.38.06:846][  0]LogSlate: Updating window title bar state: overlay mode, drag disabled, window buttons hidden, title bar hidden
[2021.11.21-23.38.06:855][  0]LogSlate: Updating window title bar state: overlay mode, drag disabled, window buttons hidden, title bar hidden
[2021.11.21-23.38.06:892][  0]LogNativeClassHierarchy: Verbose: Native class hierarchy populated in 0.0115 seconds. Added 3822 classes and 928 folders.
[2021.11.21-23.38.06:917][  0]LogNativeClassHierarchy: Verbose: Native class hierarchy updated for 'WidgetCarousel' in 0.0003 seconds. Added 0 classes and 0 folders.
[2021.11.21-23.38.06:921][  0]LogPakFile: PakFile PrimaryIndexSize=187
[2021.11.21-23.38.06:921][  0]LogPakFile: PakFile PathHashIndexSize=101
[2021.11.21-23.38.06:921][  0]LogPakFile: PakFile FullDirectoryIndexSize=148
[2021.11.21-23.38.06:921][  0]LogShaderLibrary: Display: ShaderCodeLibraryPakFileMountedCallback: PakFile 'C:/Program Files/Epic Games/UE_4.27/FeaturePacks/FP_FirstPerson.upack' (chunk index -1, root 'root:/') mounted
[2021.11.21-23.38.06:921][  0]LogShaderLibrary: Display: ShaderCodeLibraryPakFileMountedCallback: pending pak file info (ChunkID:-1 Root:root:/ File:C:/Program Files/Epic Games/UE_4.27/FeaturePacks/FP_FirstPerson.upack)
[2021.11.21-23.38.06:921][  0]LogPakFile: OnPakFileMounted2Time == 0.000106
[2021.11.21-23.38.06:924][  0]LogPakFile: PakFile PrimaryIndexSize=189
[2021.11.21-23.38.06:924][  0]LogPakFile: PakFile PathHashIndexSize=101
[2021.11.21-23.38.06:924][  0]LogPakFile: PakFile FullDirectoryIndexSize=152
[2021.11.21-23.38.06:924][  0]LogShaderLibrary: Display: ShaderCodeLibraryPakFileMountedCallback: PakFile 'C:/Program Files/Epic Games/UE_4.27/FeaturePacks/FP_FirstPersonBP.upack' (chunk index -1, root 'root:/') mounted
[2021.11.21-23.38.06:924][  0]LogShaderLibrary: Display: ShaderCodeLibraryPakFileMountedCallback: pending pak file info (ChunkID:-1 Root:root:/ File:C:/Program Files/Epic Games/UE_4.27/FeaturePacks/FP_FirstPersonBP.upack)
[2021.11.21-23.38.06:924][  0]LogPakFile: OnPakFileMounted2Time == 0.000060
[2021.11.21-23.38.06:926][  0]LogPakFile: PakFile PrimaryIndexSize=191
[2021.11.21-23.38.06:926][  0]LogPakFile: PakFile PathHashIndexSize=101
[2021.11.21-23.38.06:926][  0]LogPakFile: PakFile FullDirectoryIndexSize=160
[2021.11.21-23.38.06:926][  0]LogShaderLibrary: Display: ShaderCodeLibraryPakFileMountedCallback: PakFile 'C:/Program Files/Epic Games/UE_4.27/FeaturePacks/MobileStarterContent.upack' (chunk index -1, root 'root:/') mounted
[2021.11.21-23.38.06:926][  0]LogShaderLibrary: Display: ShaderCodeLibraryPakFileMountedCallback: pending pak file info (ChunkID:-1 Root:root:/ File:C:/Program Files/Epic Games/UE_4.27/FeaturePacks/MobileStarterContent.upack)
[2021.11.21-23.38.06:926][  0]LogPakFile: OnPakFileMounted2Time == 0.000041
[2021.11.21-23.38.06:928][  0]LogPakFile: PakFile PrimaryIndexSize=185
[2021.11.21-23.38.06:928][  0]LogPakFile: PakFile PathHashIndexSize=101
[2021.11.21-23.38.06:928][  0]LogPakFile: PakFile FullDirectoryIndexSize=148
[2021.11.21-23.38.06:928][  0]LogShaderLibrary: Display: ShaderCodeLibraryPakFileMountedCallback: PakFile 'C:/Program Files/Epic Games/UE_4.27/FeaturePacks/StarterContent.upack' (chunk index -1, root 'root:/') mounted
[2021.11.21-23.38.06:928][  0]LogShaderLibrary: Display: ShaderCodeLibraryPakFileMountedCallback: pending pak file info (ChunkID:-1 Root:root:/ File:C:/Program Files/Epic Games/UE_4.27/FeaturePacks/StarterContent.upack)
[2021.11.21-23.38.06:928][  0]LogPakFile: OnPakFileMounted2Time == 0.000047
[2021.11.21-23.38.06:930][  0]LogPakFile: PakFile PrimaryIndexSize=190
[2021.11.21-23.38.06:930][  0]LogPakFile: PakFile PathHashIndexSize=101
[2021.11.21-23.38.06:930][  0]LogPakFile: PakFile FullDirectoryIndexSize=154
[2021.11.21-23.38.06:930][  0]LogShaderLibrary: Display: ShaderCodeLibraryPakFileMountedCallback: PakFile 'C:/Program Files/Epic Games/UE_4.27/FeaturePacks/TP_2DSideScroller.upack' (chunk index -1, root 'root:/') mounted
[2021.11.21-23.38.06:930][  0]LogShaderLibrary: Display: ShaderCodeLibraryPakFileMountedCallback: pending pak file info (ChunkID:-1 Root:root:/ File:C:/Program Files/Epic Games/UE_4.27/FeaturePacks/TP_2DSideScroller.upack)
[2021.11.21-23.38.06:930][  0]LogPakFile: OnPakFileMounted2Time == 0.000045
[2021.11.21-23.38.06:932][  0]LogPakFile: PakFile PrimaryIndexSize=192
[2021.11.21-23.38.06:932][  0]LogPakFile: PakFile PathHashIndexSize=101
[2021.11.21-23.38.06:932][  0]LogPakFile: PakFile FullDirectoryIndexSize=158
[2021.11.21-23.38.06:932][  0]LogShaderLibrary: Display: ShaderCodeLibraryPakFileMountedCallback: PakFile 'C:/Program Files/Epic Games/UE_4.27/FeaturePacks/TP_2DSideScrollerBP.upack' (chunk index -1, root 'root:/') mounted
[2021.11.21-23.38.06:932][  0]LogShaderLibrary: Display: ShaderCodeLibraryPakFileMountedCallback: pending pak file info (ChunkID:-1 Root:root:/ File:C:/Program Files/Epic Games/UE_4.27/FeaturePacks/TP_2DSideScrollerBP.upack)
[2021.11.21-23.38.06:932][  0]LogPakFile: OnPakFileMounted2Time == 0.000042
[2021.11.21-23.38.06:933][  0]LogPakFile: PakFile PrimaryIndexSize=182
[2021.11.21-23.38.06:933][  0]LogPakFile: PakFile PathHashIndexSize=101
[2021.11.21-23.38.06:933][  0]LogPakFile: PakFile FullDirectoryIndexSize=138
[2021.11.21-23.38.06:933][  0]LogShaderLibrary: Display: ShaderCodeLibraryPakFileMountedCallback: PakFile 'C:/Program Files/Epic Games/UE_4.27/FeaturePacks/TP_Flying.upack' (chunk index -1, root 'root:/') mounted
[2021.11.21-23.38.06:933][  0]LogShaderLibrary: Display: ShaderCodeLibraryPakFileMountedCallback: pending pak file info (ChunkID:-1 Root:root:/ File:C:/Program Files/Epic Games/UE_4.27/FeaturePacks/TP_Flying.upack)
[2021.11.21-23.38.06:933][  0]LogPakFile: OnPakFileMounted2Time == 0.000039
[2021.11.21-23.38.06:935][  0]LogPakFile: PakFile PrimaryIndexSize=184
[2021.11.21-23.38.06:935][  0]LogPakFile: PakFile PathHashIndexSize=101
[2021.11.21-23.38.06:935][  0]LogPakFile: PakFile FullDirectoryIndexSize=142
[2021.11.21-23.38.06:935][  0]LogShaderLibrary: Display: ShaderCodeLibraryPakFileMountedCallback: PakFile 'C:/Program Files/Epic Games/UE_4.27/FeaturePacks/TP_FlyingBP.upack' (chunk index -1, root 'root:/') mounted
[2021.11.21-23.38.06:935][  0]LogShaderLibrary: Display: ShaderCodeLibraryPakFileMountedCallback: pending pak file info (ChunkID:-1 Root:root:/ File:C:/Program Files/Epic Games/UE_4.27/FeaturePacks/TP_FlyingBP.upack)
[2021.11.21-23.38.06:935][  0]LogPakFile: OnPakFileMounted2Time == 0.000038
[2021.11.21-23.38.06:937][  0]LogPakFile: PakFile PrimaryIndexSize=188
[2021.11.21-23.38.06:937][  0]LogPakFile: PakFile PathHashIndexSize=101
[2021.11.21-23.38.06:937][  0]LogPakFile: PakFile FullDirectoryIndexSize=150
[2021.11.21-23.38.06:937][  0]LogShaderLibrary: Display: ShaderCodeLibraryPakFileMountedCallback: PakFile 'C:/Program Files/Epic Games/UE_4.27/FeaturePacks/TP_HandheldARBP.upack' (chunk index -1, root 'root:/') mounted
[2021.11.21-23.38.06:937][  0]LogShaderLibrary: Display: ShaderCodeLibraryPakFileMountedCallback: pending pak file info (ChunkID:-1 Root:root:/ File:C:/Program Files/Epic Games/UE_4.27/FeaturePacks/TP_HandheldARBP.upack)
[2021.11.21-23.38.06:937][  0]LogPakFile: OnPakFileMounted2Time == 0.000061
[2021.11.21-23.38.06:942][  0]LogPakFile: PakFile PrimaryIndexSize=182
[2021.11.21-23.38.06:942][  0]LogPakFile: PakFile PathHashIndexSize=101
[2021.11.21-23.38.06:942][  0]LogPakFile: PakFile FullDirectoryIndexSize=138
[2021.11.21-23.38.06:942][  0]LogShaderLibrary: Display: ShaderCodeLibraryPakFileMountedCallback: PakFile 'C:/Program Files/Epic Games/UE_4.27/FeaturePacks/TP_Puzzle.upack' (chunk index -1, root 'root:/') mounted
[2021.11.21-23.38.06:942][  0]LogShaderLibrary: Display: ShaderCodeLibraryPakFileMountedCallback: pending pak file info (ChunkID:-1 Root:root:/ File:C:/Program Files/Epic Games/UE_4.27/FeaturePacks/TP_Puzzle.upack)
[2021.11.21-23.38.06:942][  0]LogPakFile: OnPakFileMounted2Time == 0.000042
[2021.11.21-23.38.06:944][  0]LogPakFile: PakFile PrimaryIndexSize=184
[2021.11.21-23.38.06:944][  0]LogPakFile: PakFile PathHashIndexSize=101
[2021.11.21-23.38.06:944][  0]LogPakFile: PakFile FullDirectoryIndexSize=142
[2021.11.21-23.38.06:944][  0]LogShaderLibrary: Display: ShaderCodeLibraryPakFileMountedCallback: PakFile 'C:/Program Files/Epic Games/UE_4.27/FeaturePacks/TP_PuzzleBP.upack' (chunk index -1, root 'root:/') mounted
[2021.11.21-23.38.06:944][  0]LogShaderLibrary: Display: ShaderCodeLibraryPakFileMountedCallback: pending pak file info (ChunkID:-1 Root:root:/ File:C:/Program Files/Epic Games/UE_4.27/FeaturePacks/TP_PuzzleBP.upack)
[2021.11.21-23.38.06:944][  0]LogPakFile: OnPakFileMounted2Time == 0.000046
[2021.11.21-23.38.06:946][  0]LogPakFile: PakFile PrimaryIndexSize=183
[2021.11.21-23.38.06:946][  0]LogPakFile: PakFile PathHashIndexSize=101
[2021.11.21-23.38.06:946][  0]LogPakFile: PakFile FullDirectoryIndexSize=140
[2021.11.21-23.38.06:946][  0]LogShaderLibrary: Display: ShaderCodeLibraryPakFileMountedCallback: PakFile 'C:/Program Files/Epic Games/UE_4.27/FeaturePacks/TP_Rolling.upack' (chunk index -1, root 'root:/') mounted
[2021.11.21-23.38.06:946][  0]LogShaderLibrary: Display: ShaderCodeLibraryPakFileMountedCallback: pending pak file info (ChunkID:-1 Root:root:/ File:C:/Program Files/Epic Games/UE_4.27/FeaturePacks/TP_Rolling.upack)
[2021.11.21-23.38.06:946][  0]LogPakFile: OnPakFileMounted2Time == 0.000047
[2021.11.21-23.38.06:948][  0]LogPakFile: PakFile PrimaryIndexSize=185
[2021.11.21-23.38.06:948][  0]LogPakFile: PakFile PathHashIndexSize=101
[2021.11.21-23.38.06:948][  0]LogPakFile: PakFile FullDirectoryIndexSize=144
[2021.11.21-23.38.06:948][  0]LogShaderLibrary: Display: ShaderCodeLibraryPakFileMountedCallback: PakFile 'C:/Program Files/Epic Games/UE_4.27/FeaturePacks/TP_RollingBP.upack' (chunk index -1, root 'root:/') mounted
[2021.11.21-23.38.06:948][  0]LogShaderLibrary: Display: ShaderCodeLibraryPakFileMountedCallback: pending pak file info (ChunkID:-1 Root:root:/ File:C:/Program Files/Epic Games/UE_4.27/FeaturePacks/TP_RollingBP.upack)
[2021.11.21-23.38.06:948][  0]LogPakFile: OnPakFileMounted2Time == 0.000045
[2021.11.21-23.38.06:950][  0]LogPakFile: PakFile PrimaryIndexSize=188
[2021.11.21-23.38.06:950][  0]LogPakFile: PakFile PathHashIndexSize=101
[2021.11.21-23.38.06:950][  0]LogPakFile: PakFile FullDirectoryIndexSize=150
[2021.11.21-23.38.06:950][  0]LogShaderLibrary: Display: ShaderCodeLibraryPakFileMountedCallback: PakFile 'C:/Program Files/Epic Games/UE_4.27/FeaturePacks/TP_SideScroller.upack' (chunk index -1, root 'root:/') mounted
[2021.11.21-23.38.06:950][  0]LogShaderLibrary: Display: ShaderCodeLibraryPakFileMountedCallback: pending pak file info (ChunkID:-1 Root:root:/ File:C:/Program Files/Epic Games/UE_4.27/FeaturePacks/TP_SideScroller.upack)
[2021.11.21-23.38.06:950][  0]LogPakFile: OnPakFileMounted2Time == 0.000083
[2021.11.21-23.38.06:952][  0]LogPakFile: PakFile PrimaryIndexSize=190
[2021.11.21-23.38.06:952][  0]LogPakFile: PakFile PathHashIndexSize=101
[2021.11.21-23.38.06:952][  0]LogPakFile: PakFile FullDirectoryIndexSize=154
[2021.11.21-23.38.06:952][  0]LogShaderLibrary: Display: ShaderCodeLibraryPakFileMountedCallback: PakFile 'C:/Program Files/Epic Games/UE_4.27/FeaturePacks/TP_SideScrollerBP.upack' (chunk index -1, root 'root:/') mounted
[2021.11.21-23.38.06:952][  0]LogShaderLibrary: Display: ShaderCodeLibraryPakFileMountedCallback: pending pak file info (ChunkID:-1 Root:root:/ File:C:/Program Files/Epic Games/UE_4.27/FeaturePacks/TP_SideScrollerBP.upack)
[2021.11.21-23.38.06:952][  0]LogPakFile: OnPakFileMounted2Time == 0.000037
[2021.11.21-23.38.06:954][  0]LogPakFile: PakFile PrimaryIndexSize=187
[2021.11.21-23.38.06:954][  0]LogPakFile: PakFile PathHashIndexSize=101
[2021.11.21-23.38.06:954][  0]LogPakFile: PakFile FullDirectoryIndexSize=148
[2021.11.21-23.38.06:954][  0]LogShaderLibrary: Display: ShaderCodeLibraryPakFileMountedCallback: PakFile 'C:/Program Files/Epic Games/UE_4.27/FeaturePacks/TP_ThirdPerson.upack' (chunk index -1, root 'root:/') mounted
[2021.11.21-23.38.06:954][  0]LogShaderLibrary: Display: ShaderCodeLibraryPakFileMountedCallback: pending pak file info (ChunkID:-1 Root:root:/ File:C:/Program Files/Epic Games/UE_4.27/FeaturePacks/TP_ThirdPerson.upack)
[2021.11.21-23.38.06:954][  0]LogPakFile: OnPakFileMounted2Time == 0.000046
[2021.11.21-23.38.06:955][  0]LogPakFile: PakFile PrimaryIndexSize=189
[2021.11.21-23.38.06:956][  0]LogPakFile: PakFile PathHashIndexSize=101
[2021.11.21-23.38.06:956][  0]LogPakFile: PakFile FullDirectoryIndexSize=152
[2021.11.21-23.38.06:956][  0]LogShaderLibrary: Display: ShaderCodeLibraryPakFileMountedCallback: PakFile 'C:/Program Files/Epic Games/UE_4.27/FeaturePacks/TP_ThirdPersonBP.upack' (chunk index -1, root 'root:/') mounted
[2021.11.21-23.38.06:956][  0]LogShaderLibrary: Display: ShaderCodeLibraryPakFileMountedCallback: pending pak file info (ChunkID:-1 Root:root:/ File:C:/Program Files/Epic Games/UE_4.27/FeaturePacks/TP_ThirdPersonBP.upack)
[2021.11.21-23.38.06:956][  0]LogPakFile: OnPakFileMounted2Time == 0.000037
[2021.11.21-23.38.06:957][  0]LogPakFile: PakFile PrimaryIndexSize=183
[2021.11.21-23.38.06:957][  0]LogPakFile: PakFile PathHashIndexSize=101
[2021.11.21-23.38.06:957][  0]LogPakFile: PakFile FullDirectoryIndexSize=140
[2021.11.21-23.38.06:957][  0]LogShaderLibrary: Display: ShaderCodeLibraryPakFileMountedCallback: PakFile 'C:/Program Files/Epic Games/UE_4.27/FeaturePacks/TP_TopDown.upack' (chunk index -1, root 'root:/') mounted
[2021.11.21-23.38.06:957][  0]LogShaderLibrary: Display: ShaderCodeLibraryPakFileMountedCallback: pending pak file info (ChunkID:-1 Root:root:/ File:C:/Program Files/Epic Games/UE_4.27/FeaturePacks/TP_TopDown.upack)
[2021.11.21-23.38.06:958][  0]LogPakFile: OnPakFileMounted2Time == 0.000046
[2021.11.21-23.38.06:959][  0]LogPakFile: PakFile PrimaryIndexSize=185
[2021.11.21-23.38.06:959][  0]LogPakFile: PakFile PathHashIndexSize=101
[2021.11.21-23.38.06:959][  0]LogPakFile: PakFile FullDirectoryIndexSize=144
[2021.11.21-23.38.06:959][  0]LogShaderLibrary: Display: ShaderCodeLibraryPakFileMountedCallback: PakFile 'C:/Program Files/Epic Games/UE_4.27/FeaturePacks/TP_TopDownBP.upack' (chunk index -1, root 'root:/') mounted
[2021.11.21-23.38.06:959][  0]LogShaderLibrary: Display: ShaderCodeLibraryPakFileMountedCallback: pending pak file info (ChunkID:-1 Root:root:/ File:C:/Program Files/Epic Games/UE_4.27/FeaturePacks/TP_TopDownBP.upack)
[2021.11.21-23.38.06:959][  0]LogPakFile: OnPakFileMounted2Time == 0.000039
[2021.11.21-23.38.06:961][  0]LogPakFile: PakFile PrimaryIndexSize=185
[2021.11.21-23.38.06:961][  0]LogPakFile: PakFile PathHashIndexSize=101
[2021.11.21-23.38.06:961][  0]LogPakFile: PakFile FullDirectoryIndexSize=144
[2021.11.21-23.38.06:961][  0]LogShaderLibrary: Display: ShaderCodeLibraryPakFileMountedCallback: PakFile 'C:/Program Files/Epic Games/UE_4.27/FeaturePacks/TP_TwinStick.upack' (chunk index -1, root 'root:/') mounted
[2021.11.21-23.38.06:961][  0]LogShaderLibrary: Display: ShaderCodeLibraryPakFileMountedCallback: pending pak file info (ChunkID:-1 Root:root:/ File:C:/Program Files/Epic Games/UE_4.27/FeaturePacks/TP_TwinStick.upack)
[2021.11.21-23.38.06:961][  0]LogPakFile: OnPakFileMounted2Time == 0.000044
[2021.11.21-23.38.06:963][  0]LogPakFile: PakFile PrimaryIndexSize=187
[2021.11.21-23.38.06:963][  0]LogPakFile: PakFile PathHashIndexSize=101
[2021.11.21-23.38.06:963][  0]LogPakFile: PakFile FullDirectoryIndexSize=148
[2021.11.21-23.38.06:963][  0]LogShaderLibrary: Display: ShaderCodeLibraryPakFileMountedCallback: PakFile 'C:/Program Files/Epic Games/UE_4.27/FeaturePacks/TP_TwinStickBP.upack' (chunk index -1, root 'root:/') mounted
[2021.11.21-23.38.06:963][  0]LogShaderLibrary: Display: ShaderCodeLibraryPakFileMountedCallback: pending pak file info (ChunkID:-1 Root:root:/ File:C:/Program Files/Epic Games/UE_4.27/FeaturePacks/TP_TwinStickBP.upack)
[2021.11.21-23.38.06:963][  0]LogPakFile: OnPakFileMounted2Time == 0.000042
[2021.11.21-23.38.06:965][  0]LogPakFile: PakFile PrimaryIndexSize=183
[2021.11.21-23.38.06:965][  0]LogPakFile: PakFile PathHashIndexSize=101
[2021.11.21-23.38.06:965][  0]LogPakFile: PakFile FullDirectoryIndexSize=140
[2021.11.21-23.38.06:965][  0]LogShaderLibrary: Display: ShaderCodeLibraryPakFileMountedCallback: PakFile 'C:/Program Files/Epic Games/UE_4.27/FeaturePacks/TP_Vehicle.upack' (chunk index -1, root 'root:/') mounted
[2021.11.21-23.38.06:965][  0]LogShaderLibrary: Display: ShaderCodeLibraryPakFileMountedCallback: pending pak file info (ChunkID:-1 Root:root:/ File:C:/Program Files/Epic Games/UE_4.27/FeaturePacks/TP_Vehicle.upack)
[2021.11.21-23.38.06:965][  0]LogPakFile: OnPakFileMounted2Time == 0.000037
[2021.11.21-23.38.06:967][  0]LogPakFile: PakFile PrimaryIndexSize=186
[2021.11.21-23.38.06:967][  0]LogPakFile: PakFile PathHashIndexSize=101
[2021.11.21-23.38.06:967][  0]LogPakFile: PakFile FullDirectoryIndexSize=146
[2021.11.21-23.38.06:967][  0]LogShaderLibrary: Display: ShaderCodeLibraryPakFileMountedCallback: PakFile 'C:/Program Files/Epic Games/UE_4.27/FeaturePacks/TP_VehicleAdv.upack' (chunk index -1, root 'root:/') mounted
[2021.11.21-23.38.06:967][  0]LogShaderLibrary: Display: ShaderCodeLibraryPakFileMountedCallback: pending pak file info (ChunkID:-1 Root:root:/ File:C:/Program Files/Epic Games/UE_4.27/FeaturePacks/TP_VehicleAdv.upack)
[2021.11.21-23.38.06:967][  0]LogPakFile: OnPakFileMounted2Time == 0.000038
[2021.11.21-23.38.06:969][  0]LogPakFile: PakFile PrimaryIndexSize=188
[2021.11.21-23.38.06:969][  0]LogPakFile: PakFile PathHashIndexSize=101
[2021.11.21-23.38.06:969][  0]LogPakFile: PakFile FullDirectoryIndexSize=150
[2021.11.21-23.38.06:969][  0]LogShaderLibrary: Display: ShaderCodeLibraryPakFileMountedCallback: PakFile 'C:/Program Files/Epic Games/UE_4.27/FeaturePacks/TP_VehicleAdvBP.upack' (chunk index -1, root 'root:/') mounted
[2021.11.21-23.38.06:969][  0]LogShaderLibrary: Display: ShaderCodeLibraryPakFileMountedCallback: pending pak file info (ChunkID:-1 Root:root:/ File:C:/Program Files/Epic Games/UE_4.27/FeaturePacks/TP_VehicleAdvBP.upack)
[2021.11.21-23.38.06:969][  0]LogPakFile: OnPakFileMounted2Time == 0.000041
[2021.11.21-23.38.06:971][  0]LogPakFile: PakFile PrimaryIndexSize=185
[2021.11.21-23.38.06:971][  0]LogPakFile: PakFile PathHashIndexSize=101
[2021.11.21-23.38.06:971][  0]LogPakFile: PakFile FullDirectoryIndexSize=144
[2021.11.21-23.38.06:971][  0]LogShaderLibrary: Display: ShaderCodeLibraryPakFileMountedCallback: PakFile 'C:/Program Files/Epic Games/UE_4.27/FeaturePacks/TP_VehicleBP.upack' (chunk index -1, root 'root:/') mounted
[2021.11.21-23.38.06:971][  0]LogShaderLibrary: Display: ShaderCodeLibraryPakFileMountedCallback: pending pak file info (ChunkID:-1 Root:root:/ File:C:/Program Files/Epic Games/UE_4.27/FeaturePacks/TP_VehicleBP.upack)
[2021.11.21-23.38.06:971][  0]LogPakFile: OnPakFileMounted2Time == 0.000043
[2021.11.21-23.38.06:973][  0]LogPakFile: PakFile PrimaryIndexSize=192
[2021.11.21-23.38.06:973][  0]LogPakFile: PakFile PathHashIndexSize=101
[2021.11.21-23.38.06:974][  0]LogPakFile: PakFile FullDirectoryIndexSize=158
[2021.11.21-23.38.06:974][  0]LogShaderLibrary: Display: ShaderCodeLibraryPakFileMountedCallback: PakFile 'C:/Program Files/Epic Games/UE_4.27/FeaturePacks/TP_VirtualRealityBP.upack' (chunk index -1, root 'root:/') mounted
[2021.11.21-23.38.06:974][  0]LogShaderLibrary: Display: ShaderCodeLibraryPakFileMountedCallback: pending pak file info (ChunkID:-1 Root:root:/ File:C:/Program Files/Epic Games/UE_4.27/FeaturePacks/TP_VirtualRealityBP.upack)
[2021.11.21-23.38.06:974][  0]LogPakFile: OnPakFileMounted2Time == 0.000039
[2021.11.21-23.38.07:123][  0]LogNativeClassHierarchy: Verbose: Native class hierarchy updated for 'AddContentDialog' in 0.0003 seconds. Added 0 classes and 0 folders.
[2021.11.21-23.38.07:129][  0]LogNativeClassHierarchy: Verbose: Native class hierarchy updated for 'SceneOutliner' in 0.0003 seconds. Added 2 classes and 0 folders.
[2021.11.21-23.38.07:263][  0]LogSlate: Took 0.001305 seconds to synchronously load lazily loaded font '../../../Engine/Content/Slate/Fonts/Roboto-Regular.ttf' (155K)
[2021.11.21-23.38.07:265][  0]LogSlate: Took 0.001107 seconds to synchronously load lazily loaded font '../../../Engine/Content/Editor/Slate/Fonts/FontAwesome.ttf' (139K)
[2021.11.21-23.38.07:268][  0]LogSlate: Took 0.001179 seconds to synchronously load lazily loaded font '../../../Engine/Content/Slate/Fonts/Roboto-Bold.ttf' (160K)
[2021.11.21-23.38.07:376][  0]LogRenderer: Reallocating scene render targets to support 672x492 Format 10 NumSamples 1 (Frame:1).
[2021.11.21-23.38.08:017][  0]LogSlate: Took 0.001184 seconds to synchronously load lazily loaded font '../../../Engine/Content/Slate/Fonts/Roboto-Light.ttf' (167K)
[2021.11.21-23.38.08:101][  0]LogNativeClassHierarchy: Verbose: Native class hierarchy updated for 'HierarchicalLODOutliner' in 0.0003 seconds. Added 0 classes and 0 folders.
[2021.11.21-23.38.08:101][  0]LogLoad: (Engine Initialization) Total time: 14.89 seconds
[2021.11.21-23.38.08:101][  0]LogLoad: (Engine Initialization) Total Blueprint compile time: 0.00 seconds
[2021.11.21-23.38.08:151][  0]LogAssetRegistry: Asset discovery search completed in 8.2637 seconds
[2021.11.21-23.38.08:158][  0]LogCollectionManager: Fixed up redirectors for 0 collections in 0.000004 seconds (updated 0 objects)
[2021.11.21-23.38.08:162][  0]LogContentStreaming: Texture pool size now 1000 MB
[2021.11.21-23.38.08:234][  0]LogSlate: Took 0.001003 seconds to synchronously load lazily loaded font '../../../Engine/Content/Slate/Fonts/DroidSansMono.ttf' (77K)
[2021.11.21-23.38.09:117][ 83]LogSlate: Took 0.000277 seconds to synchronously load lazily loaded font '../../../Engine/Content/Slate/Fonts/Roboto-Light.ttf' (167K)
[2021.11.21-23.38.11:974][362]LogSlate: Window 'Message Log' being destroyed
[2021.11.21-23.38.11:978][362]LogSlate: Window 'Message Log' being destroyed
[2021.11.21-23.38.22:541][338]LogUObjectHash: Compacting FUObjectHashTables data took   0.67ms
[2021.11.21-23.38.22:589][338]LogLinker: Warning: [AssetLog] C:\Users\trist\Documents\GitHub\UnrealVPTeam15_Repository\VP_Project\Content\Classroom\Maps\forenoon.umap: Failed to load '/Game/Classroom/Maps/forenoon_BuiltData': Can't find file.
[2021.11.21-23.38.22:589][338]LogLinker: Warning: [AssetLog] C:\Users\trist\Documents\GitHub\UnrealVPTeam15_Repository\VP_Project\Content\Classroom\Maps\forenoon.umap: Failed to load '/Game/Classroom/Maps/forenoon_BuiltData': Can't find file.
[2021.11.21-23.38.22:626][338]LogLinker: Warning: [AssetLog] C:\Users\trist\Documents\GitHub\UnrealVPTeam15_Repository\VP_Project\Content\Classroom\Maps\forenoon.umap: Failed to load '/Game/Classroom/Maps/forenoon_BuiltData': Can't find file.
[2021.11.21-23.38.22:662][338]LogLinker: Warning: Failed to load '/Game/Classroom/Maps/forenoon_BuiltData': Can't find file.
[2021.11.21-23.38.22:662][338]LogLinker: Warning: Failed to load '/Game/Classroom/Maps/forenoon_BuiltData': Can't find file.
[2021.11.21-23.38.22:676][338]LogTexture: Default maximum texture size for cubemaps generated from long-lat sources has been changed from 512 to unlimited. In order to preserve old behaiour for '/Game/Classroom/LUT/Cube.Cube', its maximum texture size has been explicitly set to 512.
[2021.11.21-23.38.22:682][338]LogLinker: Warning: [AssetLog] C:\Users\trist\Documents\GitHub\UnrealVPTeam15_Repository\VP_Project\Content\Classroom\Maps\forenoon.umap: Failed to load '/Game/Classroom/Maps/forenoon_BuiltData': Can't find file.
[2021.11.21-23.38.22:682][338]LoadErrors: Failed to load /Game/Classroom/Maps/forenoon_BuiltData.forenoon_BuiltData Referenced by PersistentLevel
[2021.11.21-23.38.23:017][338]LogAssetEditorSubsystem: Opening Asset editor for World /Game/Classroom/Maps/forenoon.forenoon
[2021.11.21-23.38.23:017][338]Cmd: MAP LOAD FILE="../../../../../../Users/trist/Documents/GitHub/UnrealVPTeam15_Repository/VP_Project/Content/Classroom/Maps/forenoon.umap" TEMPLATE=0 SHOWPROGRESS=1 FEATURELEVEL=3
[2021.11.21-23.38.23:017][338]LightingResults: New page: Lighting Build
[2021.11.21-23.38.23:017][338]LoadErrors: New page: Loading map: forenoon.umap
[2021.11.21-23.38.23:046][338]LogWorld: UWorld::CleanupWorld for Minimal_Default, bSessionEnded=true, bCleanupResources=true
[2021.11.21-23.38.23:046][338]LogSlate: InvalidateAllWidgets triggered.  All widgets were invalidated
[2021.11.21-23.38.23:047][338]MapCheck: New page: Map Check
[2021.11.21-23.38.23:047][338]LightingResults: New page: Lighting Build
[2021.11.21-23.38.23:053][338]LogAudio: Display: Audio Device unregistered from world 'None'.
[2021.11.21-23.38.23:056][338]LogUObjectHash: Compacting FUObjectHashTables data took   1.05ms
[2021.11.21-23.38.23:058][338]LogAudio: Display: Audio Device (ID: 1) registered with world 'forenoon'.
[2021.11.21-23.38.23:101][338]LogEditorServer: Finished looking for orphan Actors (0.000 secs)
[2021.11.21-23.38.23:101][338]LogAIModule: Creating AISystem for world forenoon
[2021.11.21-23.38.23:111][338]LogUObjectHash: Compacting FUObjectHashTables data took   0.77ms
[2021.11.21-23.38.23:114][338]Cmd: MAP CHECKDEP NOCLEARLOG
[2021.11.21-23.38.23:114][338]MapCheck: Map check complete: 0 Error(s), 0 Warning(s), took 0.194ms to complete.
[2021.11.21-23.38.23:114][338]LogFileHelpers: Loading map 'forenoon' took 0.098
[2021.11.21-23.39.39:437][966]Cmd: DUPLICATE
[2021.11.21-23.39.39:437][966]Cmd: ACTOR DUPLICATE
[2021.11.21-23.39.55:434][858]LogEditorViewport: Clicking on Actor (LMB): StaticMeshActor (wall_R)
[2021.11.21-23.39.56:660][995]LogEditorViewport: Clicking on Actor (LMB): PointLight (PointLight2)
[2021.11.21-23.40.06:652][186]LogEditorViewport: Clicking on Actor (LMB): PointLight (PointLight3)
[2021.11.21-23.40.11:000][648]Cmd: DUPLICATE
[2021.11.21-23.40.11:000][648]Cmd: ACTOR DUPLICATE
[2021.11.21-23.40.33:607][260]Cmd: DUPLICATE
[2021.11.21-23.40.33:607][260]Cmd: ACTOR DUPLICATE
[2021.11.21-23.40.50:082][167]Cmd: DUPLICATE
[2021.11.21-23.40.50:082][167]Cmd: ACTOR DUPLICATE
[2021.11.21-23.41.02:100][526]Cmd: DUPLICATE
[2021.11.21-23.41.02:100][526]Cmd: ACTOR DUPLICATE
[2021.11.21-23.41.40:161][879]LogEditorViewport: Clicking on Actor (LMB): PointLight (PointLight6)
[2021.11.21-23.41.45:085][463]LogEditorViewport: Clicking on Actor (LMB): PointLight (PointLight5)
[2021.11.21-23.42.54:970][437]Cmd: DELETE
[2021.11.21-23.42.54:970][437]Cmd: ACTOR DELETE
[2021.11.21-23.42.54:986][437]LogAnimationCompression: Building Anim DDC data for AnimSequence /Game/CuteCreature/Animations/Anim_Lose.Anim_Lose
[2021.11.21-23.42.54:986][437]LogAnimationCompression: Building Anim DDC data for AnimSequence /Game/CuteCreature/Animations/Anim_Jump.Anim_Jump
[2021.11.21-23.42.54:986][437]LogEditorActor: Deleted Actor: SkyLight
[2021.11.21-23.42.55:122][437]LogUObjectHash: Compacting FUObjectHashTables data took   0.97ms
[2021.11.21-23.42.55:123][437]LogEditorActor: Deleted 1 Actors (0.152 secs)
[2021.11.21-23.43.43:649][894]LogEditorViewport: Clicking on Actor (LMB): StaticMeshActor (ZZ_17)
[2021.11.21-23.43.50:900][748]LogEditorViewport: Clicking on Actor (LMB): SkyLight (SkyLight2)
[2021.11.21-23.43.57:437][402]Cmd: DUPLICATE
[2021.11.21-23.43.57:437][402]Cmd: ACTOR DUPLICATE
[2021.11.21-23.44.38:630][ 49]Cmd: DELETE
[2021.11.21-23.44.38:630][ 49]Cmd: ACTOR DELETE
[2021.11.21-23.44.38:637][ 49]LogEditorActor: Deleted Actor: SkyLight
[2021.11.21-23.44.38:664][ 49]LogUObjectHash: Compacting FUObjectHashTables data took   0.83ms
[2021.11.21-23.44.38:665][ 49]LogEditorActor: Deleted 1 Actors (0.035 secs)
[2021.11.21-23.45.07:898][192]Cmd: DUPLICATE
[2021.11.21-23.45.07:898][192]Cmd: ACTOR DUPLICATE
[2021.11.21-23.45.17:055][169]Cmd: DUPLICATE
[2021.11.21-23.45.17:055][169]Cmd: ACTOR DUPLICATE
[2021.11.21-23.45.31:711][745]LogUObjectHash: Compacting FUObjectHashTables data took   0.77ms
[2021.11.21-23.45.31:845][745]LogSavePackage: Moving '../../../../../../Users/trist/Documents/GitHub/UnrealVPTeam15_Repository/VP_Project/Saved/forenoon4B932B2B4CE27D19D20A5E93ED36A1B8.tmp' to '../../../../../../Users/trist/Documents/GitHub/UnrealVPTeam15_Repository/VP_Project/Content/Classroom/Maps/forenoon.umap'
[2021.11.21-23.45.31:871][745]AssetCheck: New page: Asset Save: forenoon
[2021.11.21-23.45.31:871][745]LogContentValidation: Display: Validating World /Game/Classroom/Maps/forenoon.forenoon
